0 verbose cli /usr/local/bin/node /usr/local/bin/npm
1 info using npm@8.19.4
2 info using node@v16.20.2
3 timing npm:load:whichnode Completed in 0ms
4 timing config:load:defaults Completed in 1ms
5 timing config:load:file:/usr/local/lib/node_modules/npm/npmrc Completed in 1ms
6 timing config:load:builtin Completed in 1ms
7 warn config production Use `--omit=dev` instead.
8 timing config:load:cli Completed in 2ms
9 timing config:load:env Completed in 0ms
10 timing config:load:file:/data/.npmrc Completed in 0ms
11 timing config:load:project Completed in 3ms
12 timing config:load:file:/usr/src/node-red/.npmrc Completed in 1ms
13 timing config:load:user Completed in 1ms
14 timing config:load:file:/usr/local/etc/npmrc Completed in 2ms
15 timing config:load:global Completed in 2ms
16 timing config:load:validate Completed in 0ms
17 timing config:load:credentials Completed in 1ms
18 timing config:load:setEnvs Completed in 1ms
19 timing config:load Completed in 12ms
20 timing npm:load:configload Completed in 12ms
21 timing npm:load:mkdirpcache Completed in 4ms
22 timing npm:load:mkdirplogs Completed in 4ms
23 verbose title npm install node-red-contrib-jwt@0.1.0
24 verbose argv "install" "--no-audit" "--no-update-notifier" "--no-fund" "--save" "--save-prefix" "~" "--production" "--engine-strict" "node-red-contrib-jwt@0.1.0"
25 timing npm:load:setTitle Completed in 1ms
26 timing config:load:flatten Completed in 3ms
27 timing npm:load:display Completed in 4ms
28 verbose logfile logs-max:10 dir:/data/.npm/_logs
29 verbose logfile /data/.npm/_logs/2025-04-12T09_38_02_844Z-debug-0.log
30 timing npm:load:logFile Completed in 11ms
31 timing npm:load:timers Completed in 1ms
32 timing npm:load:configScope Completed in 0ms
33 timing npm:load Completed in 38ms
34 timing arborist:ctor Completed in 1ms
35 silly logfile start cleaning logs, removing 1 files
36 silly logfile done cleaning log files
37 timing idealTree:init Completed in 79ms
38 timing idealTree:userRequests Completed in 2ms
39 silly idealTree buildDeps
40 silly fetch manifest node-red-contrib-jwt@0.1.0
41 timing arborist:ctor Completed in 0ms
42 http fetch GET 200 https://registry.npmjs.org/node-red-contrib-jwt 847ms (cache miss)
43 silly placeDep ROOT node-red-contrib-jwt@0.1.0 OK for: node-red-project@0.0.1 want: 0.1.0
44 silly fetch manifest jsonwebtoken@^8.5.1
45 silly fetch manifest node-jwk@^0.1.0
46 silly fetch manifest request@^2.88.2
47 http fetch GET 200 https://registry.npmjs.org/request 99ms (cache miss)
48 http fetch GET 200 https://registry.npmjs.org/jsonwebtoken 144ms (cache miss)
49 http fetch GET 200 https://registry.npmjs.org/node-jwk 751ms (cache miss)
50 timing idealTree:#root Completed in 1607ms
51 silly placeDep ROOT jsonwebtoken@8.5.1 OK for: node-red-contrib-jwt@0.1.0 want: ^8.5.1
52 silly placeDep ROOT node-jwk@0.1.0 OK for: node-red-contrib-jwt@0.1.0 want: ^0.1.0
53 silly placeDep ROOT request@2.88.2 OK for: node-red-contrib-jwt@0.1.0 want: ^2.88.2
54 silly fetch manifest ms@^2.1.1
55 silly fetch manifest jws@^3.2.2
56 silly fetch manifest semver@^5.6.0
57 silly fetch manifest lodash.once@^4.0.0
58 silly fetch manifest lodash.includes@^4.3.0
59 silly fetch manifest lodash.isnumber@^3.0.3
60 silly fetch manifest lodash.isstring@^4.0.1
61 silly fetch manifest lodash.isboolean@^3.0.3
62 silly fetch manifest lodash.isinteger@^4.0.4
63 silly fetch manifest lodash.isplainobject@^4.0.6
64 silly fetch manifest asn1.js@^4.9.1
65 silly fetch manifest base64url@^2.0.0
66 silly fetch manifest lodash@^4.17.4
67 silly fetch manifest qs@~6.5.2
68 silly fetch manifest aws4@^1.8.0
69 silly fetch manifest uuid@^3.3.2
70 silly fetch manifest extend@~3.0.2
71 silly fetch manifest caseless@~0.12.0
72 silly fetch manifest isstream@~0.1.2
73 silly fetch manifest aws-sign2@~0.7.0
74 silly fetch manifest form-data@~2.3.2
75 silly fetch manifest oauth-sign@~0.9.0
76 silly fetch manifest tough-cookie@~2.5.0
77 silly fetch manifest tunnel-agent@^0.6.0
78 silly fetch manifest forever-agent@~0.6.1
79 silly fetch manifest har-validator@~5.1.3
80 silly fetch manifest is-typedarray@~1.0.0
81 silly fetch manifest http-signature@~1.2.0
82 silly fetch manifest combined-stream@~1.0.6
83 silly fetch manifest performance-now@^2.1.0
84 silly fetch manifest json-stringify-safe@~5.0.1
85 http fetch GET 200 https://registry.npmjs.org/lodash.once 149ms (cache miss)
86 http fetch GET 200 https://registry.npmjs.org/jws 154ms (cache miss)
87 http fetch GET 200 https://registry.npmjs.org/lodash.includes 154ms (cache miss)
88 http fetch GET 200 https://registry.npmjs.org/lodash.isplainobject 217ms (cache miss)
89 http fetch GET 200 https://registry.npmjs.org/uuid 238ms (cache miss)
90 http fetch GET 200 https://registry.npmjs.org/lodash 255ms (cache miss)
91 http fetch GET 200 https://registry.npmjs.org/isstream 292ms (cache miss)
92 http fetch GET 200 https://registry.npmjs.org/lodash.isnumber 304ms (cache miss)
93 http fetch GET 200 https://registry.npmjs.org/lodash.isstring 313ms (cache miss)
94 http fetch GET 200 https://registry.npmjs.org/extend 309ms (cache miss)
95 http fetch GET 200 https://registry.npmjs.org/lodash.isinteger 320ms (cache miss)
96 http fetch GET 200 https://registry.npmjs.org/lodash.isboolean 333ms (cache miss)
97 http fetch GET 200 https://registry.npmjs.org/oauth-sign 325ms (cache miss)
98 http fetch GET 200 https://registry.npmjs.org/aws-sign2 337ms (cache miss)
99 http fetch GET 200 https://registry.npmjs.org/caseless 340ms (cache miss)
100 http fetch GET 200 https://registry.npmjs.org/tunnel-agent 355ms (cache miss)
101 http fetch GET 200 https://registry.npmjs.org/json-stringify-safe 351ms (cache miss)
102 http fetch GET 200 https://registry.npmjs.org/forever-agent 369ms (cache miss)
103 http fetch GET 200 https://registry.npmjs.org/is-typedarray 370ms (cache miss)
104 http fetch GET 200 https://registry.npmjs.org/asn1.js 386ms (cache miss)
105 http fetch GET 200 https://registry.npmjs.org/combined-stream 374ms (cache updated)
106 http fetch GET 200 https://registry.npmjs.org/ms 400ms (cache updated)
107 http fetch GET 200 https://registry.npmjs.org/tough-cookie 385ms (cache miss)
108 http fetch GET 200 https://registry.npmjs.org/http-signature 387ms (cache miss)
109 http fetch GET 200 https://registry.npmjs.org/performance-now 388ms (cache miss)
110 http fetch GET 200 https://registry.npmjs.org/form-data 401ms (cache updated)
111 http fetch GET 200 https://registry.npmjs.org/har-validator 401ms (cache miss)
112 http fetch GET 200 https://registry.npmjs.org/qs 425ms (cache updated)
113 http fetch GET 200 https://registry.npmjs.org/semver 440ms (cache miss)
114 http fetch GET 200 https://registry.npmjs.org/aws4 849ms (cache miss)
115 http fetch GET 200 https://registry.npmjs.org/base64url 853ms (cache miss)
116 timing idealTree:node_modules/node-red-contrib-jwt Completed in 866ms
117 silly placeDep ROOT jws@3.2.2 OK for: jsonwebtoken@8.5.1 want: ^3.2.2
118 silly placeDep ROOT lodash.includes@4.3.0 OK for: jsonwebtoken@8.5.1 want: ^4.3.0
119 silly placeDep ROOT lodash.isboolean@3.0.3 OK for: jsonwebtoken@8.5.1 want: ^3.0.3
120 silly placeDep ROOT lodash.isinteger@4.0.4 OK for: jsonwebtoken@8.5.1 want: ^4.0.4
121 silly placeDep ROOT lodash.isnumber@3.0.3 OK for: jsonwebtoken@8.5.1 want: ^3.0.3
122 silly placeDep ROOT lodash.isplainobject@4.0.6 OK for: jsonwebtoken@8.5.1 want: ^4.0.6
123 silly placeDep ROOT lodash.isstring@4.0.1 OK for: jsonwebtoken@8.5.1 want: ^4.0.1
124 silly placeDep ROOT lodash.once@4.1.1 OK for: jsonwebtoken@8.5.1 want: ^4.0.0
125 silly placeDep node_modules/jsonwebtoken ms@2.1.3 OK for: jsonwebtoken@8.5.1 want: ^2.1.1
126 silly placeDep ROOT semver@5.7.2 OK for: jsonwebtoken@8.5.1 want: ^5.6.0
127 silly fetch manifest jwa@^1.4.1
128 http fetch GET 200 https://registry.npmjs.org/jwa 81ms (cache miss)
129 timing idealTree:node_modules/jsonwebtoken Completed in 104ms
130 silly placeDep ROOT jwa@1.4.1 OK for: jws@3.2.2 want: ^1.4.1
131 silly fetch manifest ecdsa-sig-formatter@1.0.11
132 silly fetch manifest buffer-equal-constant-time@1.0.1
133 http fetch GET 200 https://registry.npmjs.org/ecdsa-sig-formatter 85ms (cache miss)
134 http fetch GET 200 https://registry.npmjs.org/buffer-equal-constant-time 94ms (cache miss)
135 timing idealTree:node_modules/jws Completed in 97ms
136 silly placeDep ROOT buffer-equal-constant-time@1.0.1 OK for: jwa@1.4.1 want: 1.0.1
137 silly placeDep ROOT ecdsa-sig-formatter@1.0.11 OK for: jwa@1.4.1 want: 1.0.11
138 timing idealTree:node_modules/jwa Completed in 2ms
139 timing idealTree:node_modules/buffer-equal-constant-time Completed in 0ms
140 timing idealTree:node_modules/ecdsa-sig-formatter Completed in 0ms
141 timing idealTree:node_modules/lodash.includes Completed in 0ms
142 timing idealTree:node_modules/lodash.isboolean Completed in 0ms
143 timing idealTree:node_modules/lodash.isinteger Completed in 0ms
144 timing idealTree:node_modules/lodash.isnumber Completed in 0ms
145 timing idealTree:node_modules/lodash.isplainobject Completed in 0ms
146 timing idealTree:node_modules/lodash.isstring Completed in 0ms
147 timing idealTree:node_modules/lodash.once Completed in 0ms
148 silly placeDep ROOT asn1.js@4.10.1 OK for: node-jwk@0.1.0 want: ^4.9.1
149 silly placeDep ROOT base64url@2.0.0 OK for: node-jwk@0.1.0 want: ^2.0.0
150 silly placeDep ROOT lodash@4.17.21 OK for: node-jwk@0.1.0 want: ^4.17.4
151 silly fetch manifest bn.js@^4.0.0
152 silly fetch manifest minimalistic-assert@^1.0.0
153 http fetch GET 200 https://registry.npmjs.org/minimalistic-assert 98ms (cache miss)
154 http fetch GET 200 https://registry.npmjs.org/bn.js 136ms (cache miss)
155 timing idealTree:node_modules/node-jwk Completed in 142ms
156 silly placeDep ROOT bn.js@4.12.1 OK for: asn1.js@4.10.1 want: ^4.0.0
157 silly placeDep ROOT minimalistic-assert@1.0.1 OK for: asn1.js@4.10.1 want: ^1.0.0
158 timing idealTree:node_modules/asn1.js Completed in 2ms
159 timing idealTree:node_modules/base64url Completed in 0ms
160 timing idealTree:node_modules/bn.js Completed in 0ms
161 timing idealTree:node_modules/lodash Completed in 0ms
162 timing idealTree:node_modules/minimalistic-assert Completed in 0ms
163 silly placeDep ROOT aws-sign2@0.7.0 OK for: request@2.88.2 want: ~0.7.0
164 silly placeDep ROOT aws4@1.13.2 OK for: request@2.88.2 want: ^1.8.0
165 silly placeDep ROOT caseless@0.12.0 OK for: request@2.88.2 want: ~0.12.0
166 silly placeDep ROOT combined-stream@1.0.8 OK for: request@2.88.2 want: ~1.0.6
167 silly placeDep ROOT extend@3.0.2 OK for: request@2.88.2 want: ~3.0.2
168 silly placeDep ROOT forever-agent@0.6.1 OK for: request@2.88.2 want: ~0.6.1
169 silly placeDep ROOT form-data@2.3.3 OK for: request@2.88.2 want: ~2.3.2
170 silly placeDep ROOT har-validator@5.1.5 OK for: request@2.88.2 want: ~5.1.3
171 silly placeDep ROOT http-signature@1.2.0 OK for: request@2.88.2 want: ~1.2.0
172 silly placeDep ROOT is-typedarray@1.0.0 OK for: request@2.88.2 want: ~1.0.0
173 silly placeDep ROOT isstream@0.1.2 OK for: request@2.88.2 want: ~0.1.2
174 silly placeDep ROOT json-stringify-safe@5.0.1 OK for: request@2.88.2 want: ~5.0.1
175 silly placeDep ROOT oauth-sign@0.9.0 OK for: request@2.88.2 want: ~0.9.0
176 silly placeDep ROOT performance-now@2.1.0 OK for: request@2.88.2 want: ^2.1.0
177 silly placeDep ROOT qs@6.5.3 OK for: request@2.88.2 want: ~6.5.2
178 silly placeDep ROOT tough-cookie@2.5.0 OK for: request@2.88.2 want: ~2.5.0
179 silly placeDep ROOT tunnel-agent@0.6.0 OK for: request@2.88.2 want: ^0.6.0
180 silly placeDep ROOT uuid@3.4.0 OK for: request@2.88.2 want: ^3.3.2
181 silly fetch manifest delayed-stream@~1.0.0
182 silly fetch manifest asynckit@^0.4.0
183 silly fetch manifest ajv@^6.12.3
184 silly fetch manifest har-schema@^2.0.0
185 silly fetch manifest sshpk@^1.7.0
186 silly fetch manifest jsprim@^1.2.2
187 silly fetch manifest assert-plus@^1.0.0
188 silly fetch manifest psl@^1.1.28
189 silly fetch manifest punycode@^2.1.1
190 http fetch GET 200 https://registry.npmjs.org/assert-plus 98ms (cache miss)
191 http fetch GET 200 https://registry.npmjs.org/punycode 111ms (cache miss)
192 http fetch GET 200 https://registry.npmjs.org/psl 114ms (cache miss)
193 http fetch GET 200 https://registry.npmjs.org/asynckit 125ms (cache updated)
194 http fetch GET 200 https://registry.npmjs.org/jsprim 125ms (cache miss)
195 http fetch GET 200 https://registry.npmjs.org/delayed-stream 160ms (cache updated)
196 http fetch GET 200 https://registry.npmjs.org/sshpk 159ms (cache miss)
197 http fetch GET 200 https://registry.npmjs.org/har-schema 162ms (cache miss)
198 http fetch GET 200 https://registry.npmjs.org/ajv 175ms (cache miss)
199 timing idealTree:node_modules/request Completed in 200ms
200 timing idealTree:node_modules/aws-sign2 Completed in 0ms
201 timing idealTree:node_modules/aws4 Completed in 0ms
202 timing idealTree:node_modules/caseless Completed in 0ms
203 silly placeDep ROOT delayed-stream@1.0.0 OK for: combined-stream@1.0.8 want: ~1.0.0
204 timing idealTree:node_modules/combined-stream Completed in 2ms
205 timing idealTree:node_modules/delayed-stream Completed in 0ms
206 timing idealTree:node_modules/extend Completed in 0ms
207 timing idealTree:node_modules/forever-agent Completed in 0ms
208 silly placeDep ROOT asynckit@0.4.0 OK for: form-data@2.3.3 want: ^0.4.0
209 timing idealTree:node_modules/form-data Completed in 3ms
210 timing idealTree:node_modules/asynckit Completed in 0ms
211 silly placeDep ROOT ajv@6.12.6 OK for: har-validator@5.1.5 want: ^6.12.3
212 silly placeDep ROOT har-schema@2.0.0 OK for: har-validator@5.1.5 want: ^2.0.0
213 silly fetch manifest uri-js@^4.2.2
214 silly fetch manifest fast-deep-equal@^3.1.1
215 silly fetch manifest json-schema-traverse@^0.4.1
216 silly fetch manifest fast-json-stable-stringify@^2.0.0
217 http fetch GET 200 https://registry.npmjs.org/uri-js 87ms (cache miss)
218 http fetch GET 200 https://registry.npmjs.org/json-schema-traverse 88ms (cache miss)
219 http fetch GET 200 https://registry.npmjs.org/fast-json-stable-stringify 89ms (cache miss)
220 http fetch GET 200 https://registry.npmjs.org/fast-deep-equal 112ms (cache miss)
221 timing idealTree:node_modules/har-validator Completed in 115ms
222 silly placeDep ROOT fast-deep-equal@3.1.3 OK for: ajv@6.12.6 want: ^3.1.1
223 silly placeDep ROOT fast-json-stable-stringify@2.1.0 OK for: ajv@6.12.6 want: ^2.0.0
224 silly placeDep ROOT json-schema-traverse@0.4.1 OK for: ajv@6.12.6 want: ^0.4.1
225 silly placeDep ROOT uri-js@4.4.1 OK for: ajv@6.12.6 want: ^4.2.2
226 silly fetch manifest punycode@^2.1.0
227 timing idealTree:node_modules/ajv Completed in 5ms
228 timing idealTree:node_modules/fast-deep-equal Completed in 0ms
229 timing idealTree:node_modules/fast-json-stable-stringify Completed in 0ms
230 timing idealTree:node_modules/har-schema Completed in 0ms
231 silly placeDep ROOT assert-plus@1.0.0 OK for: http-signature@1.2.0 want: ^1.0.0
232 silly placeDep ROOT jsprim@1.4.2 OK for: http-signature@1.2.0 want: ^1.2.2
233 silly placeDep ROOT sshpk@1.18.0 OK for: http-signature@1.2.0 want: ^1.7.0
234 silly fetch manifest verror@1.10.0
235 silly fetch manifest extsprintf@1.3.0
236 silly fetch manifest json-schema@0.4.0
237 silly fetch manifest asn1@~0.2.3
238 silly fetch manifest jsbn@~0.1.0
239 silly fetch manifest getpass@^0.1.1
240 silly fetch manifest dashdash@^1.12.0
241 silly fetch manifest ecc-jsbn@~0.1.1
242 silly fetch manifest tweetnacl@~0.14.0
243 silly fetch manifest bcrypt-pbkdf@^1.0.0
244 http fetch GET 200 https://registry.npmjs.org/tweetnacl 61ms (cache miss)
245 http fetch GET 200 https://registry.npmjs.org/jsbn 87ms (cache miss)
246 http fetch GET 200 https://registry.npmjs.org/asn1 97ms (cache miss)
247 http fetch GET 200 https://registry.npmjs.org/bcrypt-pbkdf 93ms (cache miss)
248 http fetch GET 200 https://registry.npmjs.org/verror 139ms (cache miss)
249 http fetch GET 200 https://registry.npmjs.org/json-schema 163ms (cache miss)
250 http fetch GET 200 https://registry.npmjs.org/ecc-jsbn 219ms (cache miss)
251 http fetch GET 200 https://registry.npmjs.org/extsprintf 225ms (cache miss)
252 http fetch GET 200 https://registry.npmjs.org/dashdash 433ms (cache miss)
253 http fetch GET 200 https://registry.npmjs.org/getpass 729ms (cache miss)
254 timing idealTree:node_modules/http-signature Completed in 740ms
255 timing idealTree:node_modules/assert-plus Completed in 0ms
256 timing idealTree:node_modules/is-typedarray Completed in 0ms
257 timing idealTree:node_modules/isstream Completed in 0ms
258 timing idealTree:node_modules/json-schema-traverse Completed in 0ms
259 timing idealTree:node_modules/json-stringify-safe Completed in 0ms
260 silly placeDep ROOT extsprintf@1.3.0 OK for: jsprim@1.4.2 want: 1.3.0
261 silly placeDep ROOT json-schema@0.4.0 OK for: jsprim@1.4.2 want: 0.4.0
262 silly placeDep ROOT verror@1.10.0 OK for: jsprim@1.4.2 want: 1.10.0
263 silly fetch manifest core-util-is@1.0.2
264 http fetch GET 200 https://registry.npmjs.org/core-util-is 78ms (cache miss)
265 timing idealTree:node_modules/jsprim Completed in 83ms
266 timing idealTree:node_modules/extsprintf Completed in 0ms
267 timing idealTree:node_modules/json-schema Completed in 0ms
268 timing idealTree:node_modules/oauth-sign Completed in 0ms
269 timing idealTree:node_modules/performance-now Completed in 0ms
270 timing idealTree:node_modules/qs Completed in 0ms
271 timing idealTree:node_modules/semver Completed in 1ms
272 silly placeDep ROOT asn1@0.2.6 OK for: sshpk@1.18.0 want: ~0.2.3
273 silly placeDep ROOT bcrypt-pbkdf@1.0.2 OK for: sshpk@1.18.0 want: ^1.0.0
274 silly placeDep ROOT dashdash@1.14.1 OK for: sshpk@1.18.0 want: ^1.12.0
275 silly placeDep ROOT ecc-jsbn@0.1.2 OK for: sshpk@1.18.0 want: ~0.1.1
276 silly placeDep ROOT getpass@0.1.7 OK for: sshpk@1.18.0 want: ^0.1.1
277 silly placeDep ROOT jsbn@0.1.1 OK for: sshpk@1.18.0 want: ~0.1.0
278 silly placeDep ROOT tweetnacl@0.14.5 OK for: sshpk@1.18.0 want: ~0.14.0
279 timing idealTree:node_modules/sshpk Completed in 9ms
280 timing idealTree:node_modules/asn1 Completed in 0ms
281 timing idealTree:node_modules/bcrypt-pbkdf Completed in 0ms
282 timing idealTree:node_modules/dashdash Completed in 0ms
283 timing idealTree:node_modules/ecc-jsbn Completed in 0ms
284 timing idealTree:node_modules/getpass Completed in 0ms
285 timing idealTree:node_modules/jsbn Completed in 0ms
286 silly placeDep ROOT psl@1.15.0 OK for: tough-cookie@2.5.0 want: ^1.1.28
287 silly placeDep ROOT punycode@2.3.1 OK for: tough-cookie@2.5.0 want: ^2.1.1
288 timing idealTree:node_modules/tough-cookie Completed in 2ms
289 timing idealTree:node_modules/psl Completed in 0ms
290 timing idealTree:node_modules/punycode Completed in 0ms
291 timing idealTree:node_modules/tunnel-agent Completed in 0ms
292 timing idealTree:node_modules/tweetnacl Completed in 0ms
293 timing idealTree:node_modules/uri-js Completed in 0ms
294 timing idealTree:node_modules/uuid Completed in 0ms
295 silly placeDep ROOT core-util-is@1.0.2 OK for: verror@1.10.0 want: 1.0.2
296 timing idealTree:node_modules/verror Completed in 1ms
297 timing idealTree:node_modules/core-util-is Completed in 0ms
298 timing idealTree:node_modules/jsonwebtoken/node_modules/ms Completed in 0ms
299 timing idealTree:buildDeps Completed in 3994ms
300 timing idealTree:fixDepFlags Completed in 1ms
301 timing idealTree Completed in 4079ms
302 timing reify:loadTrees Completed in 4080ms
303 timing reify:diffTrees Completed in 5ms
304 silly reify moves {}
305 timing reify:retireShallow Completed in 1ms
306 timing reify:createSparse Completed in 53ms
307 timing reify:trashOmits Completed in 1ms
308 timing reify:loadBundles Completed in 0ms
309 silly tarball no local data for psl@https://registry.npmjs.org/psl/-/psl-1.15.0.tgz. Extracting by manifest.
310 silly tarball no local data for dashdash@https://registry.npmjs.org/dashdash/-/dashdash-1.14.1.tgz. Extracting by manifest.
311 silly tarball no local data for punycode@https://registry.npmjs.org/punycode/-/punycode-2.3.1.tgz. Extracting by manifest.
312 silly tarball no local data for core-util-is@https://registry.npmjs.org/core-util-is/-/core-util-is-1.0.2.tgz. Extracting by manifest.
313 silly tarball no local data for tweetnacl@https://registry.npmjs.org/tweetnacl/-/tweetnacl-0.14.5.tgz. Extracting by manifest.
314 silly tarball no local data for jsbn@https://registry.npmjs.org/jsbn/-/jsbn-0.1.1.tgz. Extracting by manifest.
315 silly tarball no local data for ecc-jsbn@https://registry.npmjs.org/ecc-jsbn/-/ecc-jsbn-0.1.2.tgz. Extracting by manifest.
316 silly tarball no local data for getpass@https://registry.npmjs.org/getpass/-/getpass-0.1.7.tgz. Extracting by manifest.
317 silly tarball no local data for bcrypt-pbkdf@https://registry.npmjs.org/bcrypt-pbkdf/-/bcrypt-pbkdf-1.0.2.tgz. Extracting by manifest.
318 silly tarball no local data for verror@https://registry.npmjs.org/verror/-/verror-1.10.0.tgz. Extracting by manifest.
319 silly tarball no local data for json-schema@https://registry.npmjs.org/json-schema/-/json-schema-0.4.0.tgz. Extracting by manifest.
320 silly tarball no local data for extsprintf@https://registry.npmjs.org/extsprintf/-/extsprintf-1.3.0.tgz. Extracting by manifest.
321 silly tarball no local data for jsprim@https://registry.npmjs.org/jsprim/-/jsprim-1.4.2.tgz. Extracting by manifest.
322 silly tarball no local data for asn1@https://registry.npmjs.org/asn1/-/asn1-0.2.6.tgz. Extracting by manifest.
323 silly tarball no local data for sshpk@https://registry.npmjs.org/sshpk/-/sshpk-1.18.0.tgz. Extracting by manifest.
324 silly tarball no local data for uri-js@https://registry.npmjs.org/uri-js/-/uri-js-4.4.1.tgz. Extracting by manifest.
325 silly tarball no local data for assert-plus@https://registry.npmjs.org/assert-plus/-/assert-plus-1.0.0.tgz. Extracting by manifest.
326 silly tarball no local data for fast-json-stable-stringify@https://registry.npmjs.org/fast-json-stable-stringify/-/fast-json-stable-stringify-2.1.0.tgz. Extracting by manifest.
327 silly tarball no local data for delayed-stream@https://registry.npmjs.org/delayed-stream/-/delayed-stream-1.0.0.tgz. Extracting by manifest.
328 silly tarball no local data for har-schema@https://registry.npmjs.org/har-schema/-/har-schema-2.0.0.tgz. Extracting by manifest.
329 silly tarball no local data for json-schema-traverse@https://registry.npmjs.org/json-schema-traverse/-/json-schema-traverse-0.4.1.tgz. Extracting by manifest.
330 silly tarball no local data for fast-deep-equal@https://registry.npmjs.org/fast-deep-equal/-/fast-deep-equal-3.1.3.tgz. Extracting by manifest.
331 silly tarball no local data for uuid@https://registry.npmjs.org/uuid/-/uuid-3.4.0.tgz. Extracting by manifest.
332 silly tarball no local data for tough-cookie@https://registry.npmjs.org/tough-cookie/-/tough-cookie-2.5.0.tgz. Extracting by manifest.
333 silly tarball no local data for asynckit@https://registry.npmjs.org/asynckit/-/asynckit-0.4.0.tgz. Extracting by manifest.
334 silly tarball no local data for ajv@https://registry.npmjs.org/ajv/-/ajv-6.12.6.tgz. Extracting by manifest.
335 silly tarball no local data for performance-now@https://registry.npmjs.org/performance-now/-/performance-now-2.1.0.tgz. Extracting by manifest.
336 silly tarball no local data for qs@https://registry.npmjs.org/qs/-/qs-6.5.3.tgz. Extracting by manifest.
337 silly tarball no local data for tunnel-agent@https://registry.npmjs.org/tunnel-agent/-/tunnel-agent-0.6.0.tgz. Extracting by manifest.
338 silly tarball no local data for oauth-sign@https://registry.npmjs.org/oauth-sign/-/oauth-sign-0.9.0.tgz. Extracting by manifest.
339 silly tarball no local data for isstream@https://registry.npmjs.org/isstream/-/isstream-0.1.2.tgz. Extracting by manifest.
340 silly tarball no local data for is-typedarray@https://registry.npmjs.org/is-typedarray/-/is-typedarray-1.0.0.tgz. Extracting by manifest.
341 silly tarball no local data for json-stringify-safe@https://registry.npmjs.org/json-stringify-safe/-/json-stringify-safe-5.0.1.tgz. Extracting by manifest.
342 silly tarball no local data for har-validator@https://registry.npmjs.org/har-validator/-/har-validator-5.1.5.tgz. Extracting by manifest.
343 silly tarball no local data for http-signature@https://registry.npmjs.org/http-signature/-/http-signature-1.2.0.tgz. Extracting by manifest.
344 silly tarball no local data for caseless@https://registry.npmjs.org/caseless/-/caseless-0.12.0.tgz. Extracting by manifest.
345 silly tarball no local data for forever-agent@https://registry.npmjs.org/forever-agent/-/forever-agent-0.6.1.tgz. Extracting by manifest.
346 silly tarball no local data for combined-stream@https://registry.npmjs.org/combined-stream/-/combined-stream-1.0.8.tgz. Extracting by manifest.
347 silly tarball no local data for form-data@https://registry.npmjs.org/form-data/-/form-data-2.3.3.tgz. Extracting by manifest.
348 silly tarball no local data for minimalistic-assert@https://registry.npmjs.org/minimalistic-assert/-/minimalistic-assert-1.0.1.tgz. Extracting by manifest.
349 silly tarball no local data for aws-sign2@https://registry.npmjs.org/aws-sign2/-/aws-sign2-0.7.0.tgz. Extracting by manifest.
350 silly tarball no local data for aws4@https://registry.npmjs.org/aws4/-/aws4-1.13.2.tgz. Extracting by manifest.
351 silly tarball no local data for extend@https://registry.npmjs.org/extend/-/extend-3.0.2.tgz. Extracting by manifest.
352 silly tarball no local data for lodash@https://registry.npmjs.org/lodash/-/lodash-4.17.21.tgz. Extracting by manifest.
353 silly tarball no local data for ecdsa-sig-formatter@https://registry.npmjs.org/ecdsa-sig-formatter/-/ecdsa-sig-formatter-1.0.11.tgz. Extracting by manifest.
354 silly tarball no local data for bn.js@https://registry.npmjs.org/bn.js/-/bn.js-4.12.1.tgz. Extracting by manifest.
355 silly tarball no local data for buffer-equal-constant-time@https://registry.npmjs.org/buffer-equal-constant-time/-/buffer-equal-constant-time-1.0.1.tgz. Extracting by manifest.
356 silly tarball no local data for base64url@https://registry.npmjs.org/base64url/-/base64url-2.0.0.tgz. Extracting by manifest.
357 silly tarball no local data for asn1.js@https://registry.npmjs.org/asn1.js/-/asn1.js-4.10.1.tgz. Extracting by manifest.
358 silly tarball no local data for lodash.isstring@https://registry.npmjs.org/lodash.isstring/-/lodash.isstring-4.0.1.tgz. Extracting by manifest.
359 silly tarball no local data for lodash.once@https://registry.npmjs.org/lodash.once/-/lodash.once-4.1.1.tgz. Extracting by manifest.
360 silly tarball no local data for lodash.isboolean@https://registry.npmjs.org/lodash.isboolean/-/lodash.isboolean-3.0.3.tgz. Extracting by manifest.
361 silly tarball no local data for jwa@https://registry.npmjs.org/jwa/-/jwa-1.4.1.tgz. Extracting by manifest.
362 silly tarball no local data for semver@https://registry.npmjs.org/semver/-/semver-5.7.2.tgz. Extracting by manifest.
363 silly tarball no local data for lodash.isplainobject@https://registry.npmjs.org/lodash.isplainobject/-/lodash.isplainobject-4.0.6.tgz. Extracting by manifest.
364 silly tarball no local data for lodash.isnumber@https://registry.npmjs.org/lodash.isnumber/-/lodash.isnumber-3.0.3.tgz. Extracting by manifest.
365 silly tarball no local data for lodash.isinteger@https://registry.npmjs.org/lodash.isinteger/-/lodash.isinteger-4.0.4.tgz. Extracting by manifest.
366 silly tarball no local data for request@https://registry.npmjs.org/request/-/request-2.88.2.tgz. Extracting by manifest.
367 silly tarball no local data for jws@https://registry.npmjs.org/jws/-/jws-3.2.2.tgz. Extracting by manifest.
368 silly tarball no local data for jsonwebtoken@https://registry.npmjs.org/jsonwebtoken/-/jsonwebtoken-8.5.1.tgz. Extracting by manifest.
369 silly tarball no local data for lodash.includes@https://registry.npmjs.org/lodash.includes/-/lodash.includes-4.3.0.tgz. Extracting by manifest.
370 silly tarball no local data for node-jwk@https://registry.npmjs.org/node-jwk/-/node-jwk-0.1.0.tgz. Extracting by manifest.
371 silly tarball no local data for node-red-contrib-jwt@https://registry.npmjs.org/node-red-contrib-jwt/-/node-red-contrib-jwt-0.1.0.tgz. Extracting by manifest.
372 timing reifyNode:node_modules/jsonwebtoken/node_modules/ms Completed in 256ms
373 http fetch GET 200 https://registry.npmjs.org/extsprintf/-/extsprintf-1.3.0.tgz 507ms (cache miss)
374 timing reifyNode:node_modules/extsprintf Completed in 635ms
375 http fetch GET 200 https://registry.npmjs.org/core-util-is/-/core-util-is-1.0.2.tgz 819ms (cache miss)
376 timing reifyNode:node_modules/core-util-is Completed in 940ms
377 http fetch GET 200 https://registry.npmjs.org/bcrypt-pbkdf/-/bcrypt-pbkdf-1.0.2.tgz 833ms (cache miss)
378 timing reifyNode:node_modules/bcrypt-pbkdf Completed in 957ms
379 http fetch GET 200 https://registry.npmjs.org/jsprim/-/jsprim-1.4.2.tgz 831ms (cache miss)
380 timing reifyNode:node_modules/jsprim Completed in 960ms
381 http fetch GET 200 https://registry.npmjs.org/getpass/-/getpass-0.1.7.tgz 1189ms (cache miss)
382 timing reifyNode:node_modules/getpass Completed in 1313ms
383 http fetch GET 200 https://registry.npmjs.org/punycode/-/punycode-2.3.1.tgz 1241ms (cache miss)
384 timing reifyNode:node_modules/punycode Completed in 1359ms
385 http fetch GET 200 https://registry.npmjs.org/delayed-stream/-/delayed-stream-1.0.0.tgz 1304ms (cache miss)
386 timing reifyNode:node_modules/delayed-stream Completed in 1438ms
387 http fetch GET 200 https://registry.npmjs.org/jsbn/-/jsbn-0.1.1.tgz 1357ms (cache miss)
388 timing reifyNode:node_modules/jsbn Completed in 1478ms
389 http fetch GET 200 https://registry.npmjs.org/tunnel-agent/-/tunnel-agent-0.6.0.tgz 1589ms (cache miss)
390 timing reifyNode:node_modules/tunnel-agent Completed in 1738ms
391 http fetch GET 200 https://registry.npmjs.org/json-schema/-/json-schema-0.4.0.tgz 1619ms (cache miss)
392 timing reifyNode:node_modules/json-schema Completed in 1745ms
393 http fetch GET 200 https://registry.npmjs.org/ecc-jsbn/-/ecc-jsbn-0.1.2.tgz 1756ms (cache miss)
394 timing reifyNode:node_modules/ecc-jsbn Completed in 1879ms
395 http fetch GET 200 https://registry.npmjs.org/fast-deep-equal/-/fast-deep-equal-3.1.3.tgz 1745ms (cache miss)
396 http fetch GET 200 https://registry.npmjs.org/minimalistic-assert/-/minimalistic-assert-1.0.1.tgz 1738ms (cache miss)
397 timing reifyNode:node_modules/minimalistic-assert Completed in 1904ms
398 http fetch GET 200 https://registry.npmjs.org/isstream/-/isstream-0.1.2.tgz 1759ms (cache miss)
399 timing reifyNode:node_modules/isstream Completed in 1909ms
400 http fetch GET 200 https://registry.npmjs.org/is-typedarray/-/is-typedarray-1.0.0.tgz 1758ms (cache miss)
401 timing reifyNode:node_modules/is-typedarray Completed in 1917ms
402 http fetch GET 200 https://registry.npmjs.org/assert-plus/-/assert-plus-1.0.0.tgz 1813ms (cache miss)
403 timing reifyNode:node_modules/assert-plus Completed in 1947ms
404 timing reifyNode:node_modules/fast-deep-equal Completed in 1947ms
405 http fetch GET 200 https://registry.npmjs.org/json-stringify-safe/-/json-stringify-safe-5.0.1.tgz 1796ms (cache miss)
406 timing reifyNode:node_modules/json-stringify-safe Completed in 1954ms
407 http fetch GET 200 https://registry.npmjs.org/forever-agent/-/forever-agent-0.6.1.tgz 1815ms (cache miss)
408 timing reifyNode:node_modules/forever-agent Completed in 1977ms
409 http fetch GET 200 https://registry.npmjs.org/oauth-sign/-/oauth-sign-0.9.0.tgz 1835ms (cache miss)
410 timing reifyNode:node_modules/oauth-sign Completed in 1984ms
411 http fetch GET 200 https://registry.npmjs.org/lodash.isplainobject/-/lodash.isplainobject-4.0.6.tgz 1833ms (cache miss)
412 timing reifyNode:node_modules/lodash.isplainobject Completed in 2014ms
413 http fetch GET 200 https://registry.npmjs.org/fast-json-stable-stringify/-/fast-json-stable-stringify-2.1.0.tgz 1896ms (cache miss)
414 http fetch GET 200 https://registry.npmjs.org/lodash.isnumber/-/lodash.isnumber-3.0.3.tgz 1848ms (cache miss)
415 timing reifyNode:node_modules/lodash.isnumber Completed in 2029ms
416 http fetch GET 200 https://registry.npmjs.org/jwa/-/jwa-1.4.1.tgz 1874ms (cache miss)
417 timing reifyNode:node_modules/jwa Completed in 2060ms
418 http fetch GET 200 https://registry.npmjs.org/semver/-/semver-5.7.2.tgz 1885ms (cache miss)
419 timing reifyNode:node_modules/semver Completed in 2068ms
420 http fetch GET 200 https://registry.npmjs.org/http-signature/-/http-signature-1.2.0.tgz 1913ms (cache miss)
421 http fetch GET 200 https://registry.npmjs.org/lodash.isinteger/-/lodash.isinteger-4.0.4.tgz 1924ms (cache miss)
422 timing reifyNode:node_modules/lodash.isinteger Completed in 2107ms
423 http fetch GET 200 https://registry.npmjs.org/tough-cookie/-/tough-cookie-2.5.0.tgz 1977ms (cache miss)
424 http fetch GET 200 https://registry.npmjs.org/jws/-/jws-3.2.2.tgz 1931ms (cache miss)
425 timing reifyNode:node_modules/jws Completed in 2118ms
426 http fetch GET 200 https://registry.npmjs.org/verror/-/verror-1.10.0.tgz 2010ms (cache miss)
427 timing reifyNode:node_modules/verror Completed in 2136ms
428 http fetch GET 200 https://registry.npmjs.org/asn1/-/asn1-0.2.6.tgz 2016ms (cache miss)
429 timing reifyNode:node_modules/asn1 Completed in 2146ms
430 http fetch GET 200 https://registry.npmjs.org/json-schema-traverse/-/json-schema-traverse-0.4.1.tgz 2013ms (cache miss)
431 timing reifyNode:node_modules/json-schema-traverse Completed in 2150ms
432 http fetch GET 200 https://registry.npmjs.org/combined-stream/-/combined-stream-1.0.8.tgz 2017ms (cache miss)
433 timing reifyNode:node_modules/combined-stream Completed in 2189ms
434 http fetch GET 200 https://registry.npmjs.org/har-validator/-/har-validator-5.1.5.tgz 2037ms (cache miss)
435 warn deprecated har-validator@5.1.5: this library is no longer supported
436 timing reifyNode:node_modules/har-validator Completed in 2198ms
437 timing reifyNode:node_modules/fast-json-stable-stringify Completed in 2220ms
438 timing reifyNode:node_modules/http-signature Completed in 2221ms
439 http fetch GET 200 https://registry.npmjs.org/performance-now/-/performance-now-2.1.0.tgz 2092ms (cache miss)
440 timing reifyNode:node_modules/tough-cookie Completed in 2252ms
441 http fetch GET 200 https://registry.npmjs.org/aws4/-/aws4-1.13.2.tgz 2126ms (cache miss)
442 timing reifyNode:node_modules/aws4 Completed in 2295ms
443 http fetch GET 200 https://registry.npmjs.org/caseless/-/caseless-0.12.0.tgz 2139ms (cache miss)
444 timing reifyNode:node_modules/caseless Completed in 2301ms
445 http fetch GET 200 https://registry.npmjs.org/lodash.isstring/-/lodash.isstring-4.0.1.tgz 2138ms (cache miss)
446 timing reifyNode:node_modules/lodash.isstring Completed in 2315ms
447 http fetch GET 200 https://registry.npmjs.org/lodash.includes/-/lodash.includes-4.3.0.tgz 2127ms (cache miss)
448 timing reifyNode:node_modules/lodash.includes Completed in 2317ms
449 http fetch GET 200 https://registry.npmjs.org/dashdash/-/dashdash-1.14.1.tgz 2210ms (cache miss)
450 timing reifyNode:node_modules/dashdash Completed in 2326ms
451 http fetch GET 200 https://registry.npmjs.org/lodash.once/-/lodash.once-4.1.1.tgz 2146ms (cache miss)
452 timing reifyNode:node_modules/lodash.once Completed in 2324ms
453 http fetch GET 200 https://registry.npmjs.org/asynckit/-/asynckit-0.4.0.tgz 2193ms (cache miss)
454 timing reifyNode:node_modules/performance-now Completed in 2357ms
455 http fetch GET 200 https://registry.npmjs.org/lodash.isboolean/-/lodash.isboolean-3.0.3.tgz 2216ms (cache miss)
456 timing reifyNode:node_modules/lodash.isboolean Completed in 2393ms
457 http fetch GET 200 https://registry.npmjs.org/har-schema/-/har-schema-2.0.0.tgz 2291ms (cache miss)
458 http fetch GET 200 https://registry.npmjs.org/buffer-equal-constant-time/-/buffer-equal-constant-time-1.0.1.tgz 2253ms (cache miss)
459 timing reifyNode:node_modules/buffer-equal-constant-time Completed in 2426ms
460 timing reifyNode:node_modules/asynckit Completed in 2435ms
461 http fetch GET 200 https://registry.npmjs.org/jsonwebtoken/-/jsonwebtoken-8.5.1.tgz 2270ms (cache miss)
462 http fetch GET 200 https://registry.npmjs.org/uuid/-/uuid-3.4.0.tgz 2325ms (cache miss)
463 http fetch GET 200 https://registry.npmjs.org/aws-sign2/-/aws-sign2-0.7.0.tgz 2304ms (cache miss)
464 timing reifyNode:node_modules/aws-sign2 Completed in 2472ms
465 http fetch GET 200 https://registry.npmjs.org/extend/-/extend-3.0.2.tgz 2309ms (cache miss)
466 timing reifyNode:node_modules/extend Completed in 2478ms
467 http fetch GET 200 https://registry.npmjs.org/bn.js/-/bn.js-4.12.1.tgz 2313ms (cache miss)
468 timing reifyNode:node_modules/bn.js Completed in 2491ms
469 timing reifyNode:node_modules/har-schema Completed in 2514ms
470 timing reifyNode:node_modules/jsonwebtoken Completed in 2519ms
471 http fetch GET 200 https://registry.npmjs.org/form-data/-/form-data-2.3.3.tgz 2370ms (cache miss)
472 timing reifyNode:node_modules/form-data Completed in 2538ms
473 warn deprecated uuid@3.4.0: Please upgrade  to version 7 or higher.  Older versions may use Math.random() in certain circumstances, which is known to be problematic.  See https://v8.dev/blog/math-random for details.
474 timing reifyNode:node_modules/uuid Completed in 2557ms
475 http fetch GET 200 https://registry.npmjs.org/ecdsa-sig-formatter/-/ecdsa-sig-formatter-1.0.11.tgz 2389ms (cache miss)
476 timing reifyNode:node_modules/ecdsa-sig-formatter Completed in 2561ms
477 http fetch GET 200 https://registry.npmjs.org/asn1.js/-/asn1.js-4.10.1.tgz 2485ms (cache miss)
478 timing reifyNode:node_modules/asn1.js Completed in 2709ms
479 http fetch GET 200 https://registry.npmjs.org/request/-/request-2.88.2.tgz 2583ms (cache miss)
480 http fetch GET 200 https://registry.npmjs.org/tweetnacl/-/tweetnacl-0.14.5.tgz 2655ms (cache miss)
481 timing reifyNode:node_modules/tweetnacl Completed in 2779ms
482 warn deprecated request@2.88.2: request has been deprecated, see https://github.com/request/request/issues/3142
483 timing reifyNode:node_modules/request Completed in 2803ms
484 http fetch GET 200 https://registry.npmjs.org/psl/-/psl-1.15.0.tgz 2697ms (cache miss)
485 timing reifyNode:node_modules/psl Completed in 2812ms
486 http fetch GET 200 https://registry.npmjs.org/base64url/-/base64url-2.0.0.tgz 2658ms (cache miss)
487 timing reifyNode:node_modules/base64url Completed in 2831ms
488 http fetch GET 200 https://registry.npmjs.org/node-jwk/-/node-jwk-0.1.0.tgz 2640ms (cache miss)
489 timing reifyNode:node_modules/node-jwk Completed in 2860ms
490 http fetch GET 200 https://registry.npmjs.org/qs/-/qs-6.5.3.tgz 2724ms (cache miss)
491 timing reifyNode:node_modules/qs Completed in 2872ms
492 http fetch GET 200 https://registry.npmjs.org/node-red-contrib-jwt/-/node-red-contrib-jwt-0.1.0.tgz 2735ms (cache miss)
493 timing reifyNode:node_modules/node-red-contrib-jwt Completed in 2936ms
494 http fetch GET 200 https://registry.npmjs.org/sshpk/-/sshpk-1.18.0.tgz 3028ms (cache miss)
495 timing reifyNode:node_modules/sshpk Completed in 3160ms
496 http fetch GET 200 https://registry.npmjs.org/uri-js/-/uri-js-4.4.1.tgz 3134ms (cache miss)
497 timing reifyNode:node_modules/uri-js Completed in 3266ms
498 http fetch GET 200 https://registry.npmjs.org/ajv/-/ajv-6.12.6.tgz 3507ms (cache miss)
499 timing reifyNode:node_modules/ajv Completed in 3652ms
500 http fetch GET 200 https://registry.npmjs.org/lodash/-/lodash-4.17.21.tgz 6135ms (cache miss)
501 timing reifyNode:node_modules/lodash Completed in 6306ms
502 timing reify:unpack Completed in 6313ms
503 timing reify:unretire Completed in 0ms
504 timing build:queue Completed in 14ms
505 timing build:link:node_modules/sshpk Completed in 8ms
506 timing build:link:node_modules/semver Completed in 10ms
507 timing build:link:node_modules/uuid Completed in 10ms
508 timing build:link Completed in 11ms
509 timing build:deps Completed in 25ms
510 timing build Completed in 26ms
511 timing reify:build Completed in 26ms
512 timing reify:trash Completed in 0ms
513 timing reify:save Completed in 36ms
514 timing reify Completed in 10538ms
515 silly ADD node_modules/core-util-is
516 silly ADD node_modules/punycode
517 silly ADD node_modules/psl
518 silly ADD node_modules/tweetnacl
519 silly ADD node_modules/jsbn
520 silly ADD node_modules/getpass
521 silly ADD node_modules/ecc-jsbn
522 silly ADD node_modules/dashdash
523 silly ADD node_modules/bcrypt-pbkdf
524 silly ADD node_modules/asn1
525 silly ADD node_modules/verror
526 silly ADD node_modules/json-schema
527 silly ADD node_modules/extsprintf
528 silly ADD node_modules/sshpk
529 silly ADD node_modules/jsprim
530 silly ADD node_modules/assert-plus
531 silly ADD node_modules/uri-js
532 silly ADD node_modules/json-schema-traverse
533 silly ADD node_modules/fast-json-stable-stringify
534 silly ADD node_modules/fast-deep-equal
535 silly ADD node_modules/har-schema
536 silly ADD node_modules/ajv
537 silly ADD node_modules/asynckit
538 silly ADD node_modules/delayed-stream
539 silly ADD node_modules/uuid
540 silly ADD node_modules/tunnel-agent
541 silly ADD node_modules/tough-cookie
542 silly ADD node_modules/qs
543 silly ADD node_modules/performance-now
544 silly ADD node_modules/oauth-sign
545 silly ADD node_modules/json-stringify-safe
546 silly ADD node_modules/isstream
547 silly ADD node_modules/is-typedarray
548 silly ADD node_modules/http-signature
549 silly ADD node_modules/har-validator
550 silly ADD node_modules/form-data
551 silly ADD node_modules/forever-agent
552 silly ADD node_modules/extend
553 silly ADD node_modules/combined-stream
554 silly ADD node_modules/caseless
555 silly ADD node_modules/aws4
556 silly ADD node_modules/aws-sign2
557 silly ADD node_modules/minimalistic-assert
558 silly ADD node_modules/bn.js
559 silly ADD node_modules/lodash
560 silly ADD node_modules/base64url
561 silly ADD node_modules/asn1.js
562 silly ADD node_modules/ecdsa-sig-formatter
563 silly ADD node_modules/buffer-equal-constant-time
564 silly ADD node_modules/jwa
565 silly ADD node_modules/semver
566 silly ADD node_modules/lodash.once
567 silly ADD node_modules/lodash.isstring
568 silly ADD node_modules/lodash.isplainobject
569 silly ADD node_modules/lodash.isnumber
570 silly ADD node_modules/lodash.isinteger
571 silly ADD node_modules/lodash.isboolean
572 silly ADD node_modules/lodash.includes
573 silly ADD node_modules/jws
574 silly ADD node_modules/request
575 silly ADD node_modules/node-jwk
576 silly ADD node_modules/jsonwebtoken
577 silly ADD node_modules/jsonwebtoken/node_modules/ms
578 silly ADD node_modules/node-red-contrib-jwt
579 timing command:install Completed in 10552ms
580 verbose exit 0
581 timing npm Completed in 10669ms
582 info ok
