0 verbose cli /usr/local/bin/node /usr/local/bin/npm
1 info using npm@8.19.4
2 info using node@v16.20.2
3 timing npm:load:whichnode Completed in 0ms
4 timing config:load:defaults Completed in 1ms
5 timing config:load:file:/usr/local/lib/node_modules/npm/npmrc Completed in 1ms
6 timing config:load:builtin Completed in 1ms
7 warn config production Use `--omit=dev` instead.
8 timing config:load:cli Completed in 2ms
9 timing config:load:env Completed in 0ms
10 timing config:load:file:/data/.npmrc Completed in 1ms
11 timing config:load:project Completed in 7ms
12 timing config:load:file:/usr/src/node-red/.npmrc Completed in 0ms
13 timing config:load:user Completed in 0ms
14 timing config:load:file:/usr/local/etc/npmrc Completed in 2ms
15 timing config:load:global Completed in 2ms
16 timing config:load:validate Completed in 0ms
17 timing config:load:credentials Completed in 1ms
18 timing config:load:setEnvs Completed in 1ms
19 timing config:load Completed in 15ms
20 timing npm:load:configload Completed in 15ms
21 timing npm:load:mkdirpcache Completed in 3ms
22 timing npm:load:mkdirplogs Completed in 3ms
23 verbose title npm install node-red-contrib-uuid@0.0.4
24 verbose argv "install" "--no-audit" "--no-update-notifier" "--no-fund" "--save" "--save-prefix" "~" "--production" "--engine-strict" "node-red-contrib-uuid@0.0.4"
25 timing npm:load:setTitle Completed in 1ms
26 timing config:load:flatten Completed in 2ms
27 timing npm:load:display Completed in 4ms
28 verbose logfile logs-max:10 dir:/data/.npm/_logs
29 verbose logfile /data/.npm/_logs/2025-04-13T15_00_00_691Z-debug-0.log
30 timing npm:load:logFile Completed in 9ms
31 timing npm:load:timers Completed in 0ms
32 timing npm:load:configScope Completed in 0ms
33 timing npm:load Completed in 37ms
34 timing arborist:ctor Completed in 1ms
35 silly logfile start cleaning logs, removing 5 files
36 silly logfile done cleaning log files
37 timing idealTree:init Completed in 127ms
38 timing idealTree:userRequests Completed in 1ms
39 silly idealTree buildDeps
40 silly fetch manifest node-red-contrib-uuid@0.0.4
41 timing arborist:ctor Completed in 0ms
42 http fetch GET 200 https://registry.npmjs.org/node-red-contrib-uuid 842ms (cache miss)
43 silly placeDep ROOT node-red-contrib-uuid@0.0.4 OK for: node-red-project@0.0.1 want: 0.0.4
44 silly fetch manifest uuid@3.2.1
45 http fetch GET 200 https://registry.npmjs.org/uuid 111ms (cache updated)
46 timing idealTree:#root Completed in 963ms
47 silly placeDep node_modules/node-red-contrib-uuid uuid@3.2.1 OK for: node-red-contrib-uuid@0.0.4 want: 3.2.1
48 timing idealTree:node_modules/node-red-contrib-uuid Completed in 2ms
49 timing idealTree:node_modules/node-red-contrib-uuid/node_modules/uuid Completed in 0ms
50 timing idealTree:buildDeps Completed in 966ms
51 timing idealTree:fixDepFlags Completed in 1ms
52 timing idealTree Completed in 1100ms
53 timing reify:loadTrees Completed in 1100ms
54 timing reify:diffTrees Completed in 14ms
55 silly reify moves {}
56 timing reify:retireShallow Completed in 1ms
57 timing reify:createSparse Completed in 9ms
58 timing reify:trashOmits Completed in 0ms
59 timing reify:loadBundles Completed in 0ms
60 silly tarball no local data for node-red-contrib-uuid@https://registry.npmjs.org/node-red-contrib-uuid/-/node-red-contrib-uuid-0.0.4.tgz. Extracting by manifest.
61 silly tarball no local data for uuid@https://registry.npmjs.org/uuid/-/uuid-3.2.1.tgz. Extracting by manifest.
62 http fetch GET 200 https://registry.npmjs.org/node-red-contrib-uuid/-/node-red-contrib-uuid-0.0.4.tgz 170ms (cache miss)
63 timing reifyNode:node_modules/node-red-contrib-uuid Completed in 177ms
64 http fetch GET 200 https://registry.npmjs.org/uuid/-/uuid-3.2.1.tgz 248ms (cache miss)
65 warn deprecated uuid@3.2.1: Please upgrade  to version 7 or higher.  Older versions may use Math.random() in certain circumstances, which is known to be problematic.  See https://v8.dev/blog/math-random for details.
66 timing reifyNode:node_modules/node-red-contrib-uuid/node_modules/uuid Completed in 262ms
67 timing reify:unpack Completed in 264ms
68 timing reify:unretire Completed in 0ms
69 timing build:queue Completed in 2ms
70 timing build:link:node_modules/node-red-contrib-uuid/node_modules/uuid Completed in 13ms
71 timing build:link Completed in 13ms
72 timing build:deps Completed in 16ms
73 timing build Completed in 17ms
74 timing reify:build Completed in 18ms
75 timing reify:trash Completed in 0ms
76 timing reify:save Completed in 50ms
77 timing reify Completed in 1493ms
78 silly ADD node_modules/node-red-contrib-uuid
79 silly ADD node_modules/node-red-contrib-uuid/node_modules/uuid
80 timing command:install Completed in 1499ms
81 verbose exit 0
82 timing npm Completed in 1656ms
83 info ok
