0 verbose cli /usr/local/bin/node /usr/local/bin/npm
1 info using npm@10.9.2
2 info using node@v22.14.0
3 silly config load:file:/usr/local/lib/node_modules/npm/npmrc
4 silly config load:file:/usr/src/node-red/.npmrc
5 silly config load:file:/usr/local/etc/npmrc
6 verbose title npm install canvas
7 verbose argv "install" "canvas"
8 verbose logfile logs-max:10 dir:/data/.npm/_logs/2025-04-15T13_02_51_378Z-
9 verbose logfile /data/.npm/_logs/2025-04-15T13_02_51_378Z-debug-0.log
10 silly logfile start cleaning logs, removing 1 files
11 silly packumentCache heap:2197815296 maxSize:549453824 maxEntrySize:274726912
12 silly logfile done cleaning log files
13 verbose shrinkwrap failed to load node_modules/.package-lock.json out of date, updated: node_modules
14 verbose shrinkwrap failed to load node_modules/.package-lock.json out of date, updated: node_modules
15 silly idealTree buildDeps
16 silly fetch manifest canvas@*
17 silly packumentCache full:https://registry.npmjs.org/canvas cache-miss
18 http fetch GET 200 https://registry.npmjs.org/canvas 354ms (cache miss)
19 silly packumentCache full:https://registry.npmjs.org/canvas set size:undefined disposed:false
20 silly placeDep ROOT canvas@3.1.0 OK for: node-red-docker@4.0.9 want: *
21 silly fetch manifest node-addon-api@^7.0.0
22 silly packumentCache full:https://registry.npmjs.org/node-addon-api cache-miss
23 silly fetch manifest prebuild-install@^7.1.1
24 silly packumentCache full:https://registry.npmjs.org/prebuild-install cache-miss
25 http fetch GET 200 https://registry.npmjs.org/node-addon-api 184ms (cache miss)
26 silly packumentCache full:https://registry.npmjs.org/node-addon-api set size:undefined disposed:false
27 http fetch GET 200 https://registry.npmjs.org/prebuild-install 242ms (cache miss)
28 silly packumentCache full:https://registry.npmjs.org/prebuild-install set size:undefined disposed:false
29 silly placeDep ROOT node-addon-api@7.1.1 OK for: canvas@3.1.0 want: ^7.0.0
30 silly placeDep ROOT prebuild-install@7.1.3 OK for: canvas@3.1.0 want: ^7.1.1
31 silly fetch manifest detect-libc@^2.0.0
32 silly packumentCache full:https://registry.npmjs.org/detect-libc cache-miss
33 silly fetch manifest expand-template@^2.0.3
34 silly packumentCache full:https://registry.npmjs.org/expand-template cache-miss
35 silly fetch manifest github-from-package@0.0.0
36 silly packumentCache full:https://registry.npmjs.org/github-from-package cache-miss
37 silly fetch manifest mkdirp-classic@^0.5.3
38 silly packumentCache full:https://registry.npmjs.org/mkdirp-classic cache-miss
39 silly fetch manifest napi-build-utils@^2.0.0
40 silly packumentCache full:https://registry.npmjs.org/napi-build-utils cache-miss
41 silly fetch manifest node-abi@^3.3.0
42 silly packumentCache full:https://registry.npmjs.org/node-abi cache-miss
43 silly fetch manifest pump@^3.0.0
44 silly packumentCache full:https://registry.npmjs.org/pump cache-miss
45 http fetch GET 200 https://registry.npmjs.org/mkdirp-classic 102ms (cache miss)
46 silly packumentCache full:https://registry.npmjs.org/mkdirp-classic set size:undefined disposed:false
47 silly fetch manifest rc@^1.2.7
48 silly packumentCache full:https://registry.npmjs.org/rc cache-miss
49 http fetch GET 200 https://registry.npmjs.org/napi-build-utils 105ms (cache miss)
50 silly packumentCache full:https://registry.npmjs.org/napi-build-utils set size:undefined disposed:false
51 silly fetch manifest simple-get@^4.0.0
52 silly packumentCache full:https://registry.npmjs.org/simple-get cache-miss
53 http fetch GET 200 https://registry.npmjs.org/detect-libc 117ms (cache miss)
54 silly packumentCache full:https://registry.npmjs.org/detect-libc set size:undefined disposed:false
55 silly fetch manifest tar-fs@^2.0.0
56 silly packumentCache full:https://registry.npmjs.org/tar-fs cache-miss
57 http fetch GET 200 https://registry.npmjs.org/node-abi 162ms (cache miss)
58 silly packumentCache full:https://registry.npmjs.org/node-abi set size:undefined disposed:false
59 silly fetch manifest tunnel-agent@^0.6.0
60 silly packumentCache full:https://registry.npmjs.org/tunnel-agent cache-miss
61 http fetch GET 200 https://registry.npmjs.org/expand-template 171ms (cache miss)
62 silly packumentCache full:https://registry.npmjs.org/expand-template set size:undefined disposed:false
63 http fetch GET 200 https://registry.npmjs.org/pump 168ms (cache miss)
64 silly packumentCache full:https://registry.npmjs.org/pump set size:undefined disposed:false
65 http fetch GET 200 https://registry.npmjs.org/github-from-package 205ms (cache miss)
66 silly packumentCache full:https://registry.npmjs.org/github-from-package set size:undefined disposed:false
67 http fetch GET 200 https://registry.npmjs.org/rc 135ms (cache miss)
68 silly packumentCache full:https://registry.npmjs.org/rc set size:undefined disposed:false
69 http fetch GET 200 https://registry.npmjs.org/simple-get 150ms (cache miss)
70 silly packumentCache full:https://registry.npmjs.org/simple-get set size:undefined disposed:false
71 http fetch GET 200 https://registry.npmjs.org/tar-fs 144ms (cache miss)
72 silly packumentCache full:https://registry.npmjs.org/tar-fs set size:undefined disposed:false
73 http fetch GET 200 https://registry.npmjs.org/tunnel-agent 110ms (cache miss)
74 silly packumentCache full:https://registry.npmjs.org/tunnel-agent set size:undefined disposed:false
75 silly placeDep ROOT detect-libc@2.0.3 OK for: prebuild-install@7.1.3 want: ^2.0.0
76 silly placeDep ROOT expand-template@2.0.3 OK for: prebuild-install@7.1.3 want: ^2.0.3
77 silly placeDep ROOT github-from-package@0.0.0 OK for: prebuild-install@7.1.3 want: 0.0.0
78 silly placeDep ROOT mkdirp-classic@0.5.3 OK for: prebuild-install@7.1.3 want: ^0.5.3
79 silly placeDep ROOT napi-build-utils@2.0.0 OK for: prebuild-install@7.1.3 want: ^2.0.0
80 silly placeDep ROOT node-abi@3.74.0 OK for: prebuild-install@7.1.3 want: ^3.3.0
81 silly placeDep ROOT pump@3.0.2 OK for: prebuild-install@7.1.3 want: ^3.0.0
82 silly placeDep ROOT rc@1.2.8 OK for: prebuild-install@7.1.3 want: ^1.2.7
83 silly placeDep ROOT simple-get@4.0.1 OK for: prebuild-install@7.1.3 want: ^4.0.0
84 silly placeDep ROOT tar-fs@2.1.2 OK for: prebuild-install@7.1.3 want: ^2.0.0
85 silly placeDep ROOT tunnel-agent@0.6.0 OK for: prebuild-install@7.1.3 want: ^0.6.0
86 silly fetch manifest once@^1.3.1
87 silly packumentCache full:https://registry.npmjs.org/once cache-miss
88 silly fetch manifest end-of-stream@^1.1.0
89 silly packumentCache full:https://registry.npmjs.org/end-of-stream cache-miss
90 silly fetch manifest ini@~1.3.0
91 silly packumentCache full:https://registry.npmjs.org/ini cache-miss
92 silly fetch manifest deep-extend@^0.6.0
93 silly packumentCache full:https://registry.npmjs.org/deep-extend cache-miss
94 silly fetch manifest strip-json-comments@~2.0.1
95 silly packumentCache full:https://registry.npmjs.org/strip-json-comments cache-miss
96 silly fetch manifest once@^1.3.1
97 silly packumentCache full:https://registry.npmjs.org/once cache-miss
98 silly fetch manifest simple-concat@^1.0.0
99 silly packumentCache full:https://registry.npmjs.org/simple-concat cache-miss
100 http fetch GET 200 https://registry.npmjs.org/once 93ms (cache miss)
101 silly packumentCache full:https://registry.npmjs.org/once set size:undefined disposed:false
102 silly fetch manifest chownr@^1.1.1
103 silly packumentCache full:https://registry.npmjs.org/chownr cache-miss
104 http fetch GET 200 https://registry.npmjs.org/strip-json-comments 98ms (cache miss)
105 silly packumentCache full:https://registry.npmjs.org/strip-json-comments set size:undefined disposed:false
106 silly fetch manifest tar-stream@^2.1.4
107 silly packumentCache full:https://registry.npmjs.org/tar-stream cache-miss
108 http fetch GET 200 https://registry.npmjs.org/once 113ms (cache miss)
109 silly packumentCache full:https://registry.npmjs.org/once set size:undefined disposed:false
110 http fetch GET 200 https://registry.npmjs.org/simple-concat 115ms (cache miss)
111 silly packumentCache full:https://registry.npmjs.org/simple-concat set size:undefined disposed:false
112 http fetch GET 200 https://registry.npmjs.org/deep-extend 130ms (cache miss)
113 silly packumentCache full:https://registry.npmjs.org/deep-extend set size:undefined disposed:false
114 http fetch GET 200 https://registry.npmjs.org/end-of-stream 133ms (cache miss)
115 silly packumentCache full:https://registry.npmjs.org/end-of-stream set size:undefined disposed:false
116 http fetch GET 200 https://registry.npmjs.org/ini 140ms (cache miss)
117 silly packumentCache full:https://registry.npmjs.org/ini set size:undefined disposed:false
118 http fetch GET 200 https://registry.npmjs.org/tar-stream 74ms (cache miss)
119 silly packumentCache full:https://registry.npmjs.org/tar-stream set size:undefined disposed:false
120 http fetch GET 200 https://registry.npmjs.org/chownr 100ms (cache miss)
121 silly packumentCache full:https://registry.npmjs.org/chownr set size:undefined disposed:false
122 silly placeDep ROOT end-of-stream@1.4.4 OK for: pump@3.0.2 want: ^1.1.0
123 silly placeDep ROOT once@1.4.0 OK for: pump@3.0.2 want: ^1.3.1
124 silly fetch manifest once@^1.4.0
125 silly packumentCache full:https://registry.npmjs.org/once cache-miss
126 silly fetch manifest wrappy@1
127 silly packumentCache full:https://registry.npmjs.org/wrappy cache-miss
128 http cache https://registry.npmjs.org/once 28ms (cache hit)
129 silly packumentCache full:https://registry.npmjs.org/once set size:11768 disposed:false
130 http fetch GET 200 https://registry.npmjs.org/wrappy 73ms (cache miss)
131 silly packumentCache full:https://registry.npmjs.org/wrappy set size:undefined disposed:false
132 silly placeDep ROOT wrappy@1.0.2 OK for: once@1.4.0 want: 1
133 silly placeDep ROOT deep-extend@0.6.0 OK for: rc@1.2.8 want: ^0.6.0
134 silly placeDep ROOT ini@1.3.8 OK for: rc@1.2.8 want: ~1.3.0
135 silly placeDep ROOT strip-json-comments@2.0.1 OK for: rc@1.2.8 want: ~2.0.1
136 silly placeDep ROOT simple-concat@1.0.1 OK for: simple-get@4.0.1 want: ^1.0.0
137 silly placeDep node_modules/tar-fs chownr@1.1.4 OK for: tar-fs@2.1.2 want: ^1.1.1
138 silly placeDep ROOT tar-stream@2.2.0 OK for: tar-fs@2.1.2 want: ^2.1.4
139 silly fetch manifest bl@^4.0.3
140 silly packumentCache full:https://registry.npmjs.org/bl cache-miss
141 silly fetch manifest fs-constants@^1.0.0
142 silly packumentCache full:https://registry.npmjs.org/fs-constants cache-miss
143 silly fetch manifest readable-stream@^3.1.1
144 silly packumentCache full:https://registry.npmjs.org/readable-stream cache-miss
145 http fetch GET 200 https://registry.npmjs.org/fs-constants 85ms (cache miss)
146 silly packumentCache full:https://registry.npmjs.org/fs-constants set size:undefined disposed:false
147 http fetch GET 200 https://registry.npmjs.org/bl 91ms (cache miss)
148 silly packumentCache full:https://registry.npmjs.org/bl set size:undefined disposed:false
149 http fetch GET 200 https://registry.npmjs.org/readable-stream 133ms (cache updated)
150 silly packumentCache full:https://registry.npmjs.org/readable-stream set size:undefined disposed:false
151 silly placeDep node_modules/tar-stream bl@4.1.0 OK for: tar-stream@2.2.0 want: ^4.0.3
152 silly placeDep ROOT fs-constants@1.0.0 OK for: tar-stream@2.2.0 want: ^1.0.0
153 silly placeDep node_modules/tar-stream readable-stream@3.6.2 OK for: tar-stream@2.2.0 want: ^3.1.1
154 silly fetch manifest buffer@^5.5.0
155 silly packumentCache full:https://registry.npmjs.org/buffer cache-miss
156 silly fetch manifest readable-stream@^3.4.0
157 silly packumentCache full:https://registry.npmjs.org/readable-stream cache-miss
158 http cache https://registry.npmjs.org/readable-stream 37ms (cache hit)
159 silly packumentCache full:https://registry.npmjs.org/readable-stream set size:261096 disposed:false
160 http fetch GET 200 https://registry.npmjs.org/buffer 122ms (cache updated)
161 silly packumentCache full:https://registry.npmjs.org/buffer set size:undefined disposed:false
162 silly placeDep node_modules/tar-stream buffer@5.7.1 OK for: bl@4.1.0 want: ^5.5.0
163 silly reify moves {}
164 silly audit bulk request {
164 silly audit   abbrev: [ '1.1.1' ],
164 silly audit   'abort-controller': [ '3.0.0' ],
164 silly audit   accepts: [ '1.3.8' ],
164 silly audit   acorn: [ '8.12.1' ],
164 silly audit   'acorn-walk': [ '8.3.4' ],
164 silly audit   'agent-base': [ '6.0.2' ],
164 silly audit   debug: [ '4.4.0', '2.6.9' ],
164 silly audit   ms: [ '2.1.3', '2.0.0' ],
164 silly audit   ajv: [ '8.17.1' ],
164 silly audit   'ansi-regex': [ '5.0.1', '6.1.0' ],
164 silly audit   'ansi-colors': [ '4.1.3' ],
164 silly audit   'append-field': [ '1.0.0' ],
164 silly audit   'ansi-styles': [ '6.2.1', '4.3.0' ],
164 silly audit   argparse: [ '2.0.1' ],
164 silly audit   'array-flatten': [ '1.1.1' ],
164 silly audit   asynckit: [ '0.4.0' ],
164 silly audit   'basic-auth': [ '2.0.1' ],
164 silly audit   axios: [ '1.8.3' ],
164 silly audit   'async-mutex': [ '0.5.0' ],
164 silly audit   'base64-js': [ '1.5.1' ],
164 silly audit   'balanced-match': [ '1.0.2' ],
164 silly audit   boolbase: [ '1.0.0' ],
164 silly audit   bl: [ '6.1.0', '4.1.0' ],
164 silly audit   bcryptjs: [ '2.4.3' ],
164 silly audit   'body-parser': [ '1.20.3' ],
164 silly audit   'iconv-lite': [ '0.4.24', '0.6.3' ],
164 silly audit   'raw-body': [ '2.5.2', '3.0.0' ],
164 silly audit   'brace-expansion': [ '2.0.1' ],
164 silly audit   buffer: [ '6.0.3', '5.7.1' ],
164 silly audit   busboy: [ '1.6.0' ],
164 silly audit   'buffer-from': [ '1.1.2' ],
164 silly audit   'cacheable-request': [ '10.2.14' ],
164 silly audit   bytes: [ '3.1.2' ],
164 silly audit   'cacheable-lookup': [ '7.0.0' ],
164 silly audit   'call-bound': [ '1.0.4' ],
164 silly audit   cheerio: [ '1.0.0-rc.10' ],
164 silly audit   'call-bind-apply-helpers': [ '1.0.2' ],
164 silly audit   'cheerio-select': [ '1.6.0' ],
164 silly audit   'cli-table': [ '0.3.11' ],
164 silly audit   'color-name': [ '1.1.4' ],
164 silly audit   clone: [ '2.1.2' ],
164 silly audit   chownr: [ '3.0.0', '1.1.4' ],
164 silly audit   'color-convert': [ '2.0.1' ],
164 silly audit   colors: [ '1.0.3' ],
164 silly audit   'combined-stream': [ '1.0.8' ],
164 silly audit   commist: [ '3.2.0' ],
164 silly audit   'concat-stream': [ '2.0.0', '1.6.2' ],
164 silly audit   'readable-stream': [ '3.6.2', '2.3.8', '4.7.0' ],
164 silly audit   cookie: [ '0.7.2', '0.7.1' ],
164 silly audit   'cookie-signature': [ '1.0.6', '1.0.7' ],
164 silly audit   'content-type': [ '1.0.5' ],
164 silly audit   'content-disposition': [ '0.5.4' ],
164 silly audit   'safe-buffer': [ '5.2.1', '5.1.2' ],
164 silly audit   'cookie-parser': [ '1.4.7' ],
164 silly audit   'core-util-is': [ '1.0.3' ],
164 silly audit   cors: [ '2.8.5' ],
164 silly audit   cronosjs: [ '1.7.1' ],
164 silly audit   'css-select': [ '4.3.0' ],
164 silly audit   'css-what': [ '6.1.0' ],
164 silly audit   'decompress-response': [ '6.0.0' ],
164 silly audit   'mimic-response': [ '3.1.0', '4.0.0' ],
164 silly audit   'defer-to-connect': [ '2.0.1' ],
164 silly audit   'cross-spawn': [ '7.0.6' ],
164 silly audit   destroy: [ '1.2.0' ],
164 silly audit   'delayed-stream': [ '1.0.0' ],
164 silly audit   denque: [ '2.1.0' ],
164 silly audit   'dom-serializer': [ '1.4.1' ],
164 silly audit   depd: [ '2.0.0' ],
164 silly audit   domhandler: [ '4.3.1' ],
164 silly audit   domutils: [ '2.8.0' ],
164 silly audit   'dunder-proto': [ '1.0.1' ],
164 silly audit   domelementtype: [ '2.3.0' ],
164 silly audit   'emoji-regex': [ '9.2.2', '8.0.0' ],
164 silly audit   eastasianwidth: [ '0.2.0' ],
164 silly audit   enquirer: [ '2.4.1' ],
164 silly audit   'ee-first': [ '1.1.1' ],
164 silly audit   encodeurl: [ '2.0.0', '1.0.2' ],
164 silly audit   entities: [ '2.2.0' ],
164 silly audit   'es-errors': [ '1.3.0' ],
164 silly audit   'es-define-property': [ '1.0.1' ],
164 silly audit   'es-object-atoms': [ '1.1.1' ],
164 silly audit   'escape-html': [ '1.0.3' ],
164 silly audit   'event-target-shim': [ '5.0.1' ],
164 silly audit   etag: [ '1.8.1' ],
164 silly audit   events: [ '3.3.0' ],
164 silly audit   'express-session': [ '1.18.1' ],
164 silly audit   'fast-unique-numbers': [ '8.0.13' ],
164 silly audit   'fast-deep-equal': [ '3.1.3' ],
164 silly audit   express: [ '4.21.2' ],
164 silly audit   'fast-uri': [ '3.0.6' ],
164 silly audit   finalhandler: [ '1.3.1' ],
164 silly audit   'follow-redirects': [ '1.15.9' ],
164 silly audit   'foreground-child': [ '3.3.1' ],
164 silly audit   forwarded: [ '0.2.0' ],
164 silly audit   'form-data-encoder': [ '2.1.4' ],
164 silly audit   'form-data': [ '4.0.0' ],
164 silly audit   'fs-extra': [ '11.2.0' ],
164 silly audit   'get-proto': [ '1.0.1' ],
164 silly audit   fresh: [ '0.5.2' ],
164 silly audit   'get-intrinsic': [ '1.3.0' ],
164 silly audit   'get-stream': [ '6.0.1' ],
164 silly audit   'function-bind': [ '1.1.2' ],
164 silly audit   'graceful-fs': [ '4.2.11' ],
164 silly audit   'has-symbols': [ '1.1.0' ],
164 silly audit   glob: [ '10.4.5' ],
164 silly audit   gopd: [ '1.2.0' ],
164 silly audit   got: [ '12.6.1' ],
164 silly audit   'hash-sum': [ '2.0.0' ],
164 silly audit   'help-me': [ '5.0.0' ],
164 silly audit   htmlparser2: [ '6.1.0' ],
164 silly audit   hasown: [ '2.0.2' ],
164 silly audit   'http-cache-semantics': [ '4.1.1' ],
164 silly audit   'http-errors': [ '2.0.0' ],
164 silly audit   hpagent: [ '1.2.0' ],
164 silly audit   i18next: [ '21.10.0' ],
164 silly audit   'https-proxy-agent': [ '5.0.1' ],
164 silly audit   inherits: [ '2.0.4' ],
164 silly audit   ieee754: [ '1.2.1' ],
164 silly audit   'ipaddr.js': [ '1.9.1' ],
164 silly audit   'is-utf8': [ '0.2.1' ],
164 silly audit   'is-fullwidth-code-point': [ '3.0.0' ],
164 silly audit   isarray: [ '1.0.0' ],
164 silly audit   isexe: [ '2.0.0' ],
164 silly audit   'js-sdsl': [ '4.3.0' ],
164 silly audit   jackspeak: [ '3.4.3' ],
164 silly audit   'js-yaml': [ '4.1.0' ],
164 silly audit   'json-buffer': [ '3.0.1' ],
164 silly audit   'json-schema-traverse': [ '1.0.0' ],
164 silly audit   'http2-wrapper': [ '2.2.1' ],
164 silly audit   'json-stringify-safe': [ '5.0.1' ],
164 silly audit   jsonata: [ '2.0.5' ],
164 silly audit   'lodash.clonedeep': [ '4.5.0' ],
164 silly audit   jsonfile: [ '6.1.0' ],
164 silly audit   'lru-cache': [ '4.1.5', '10.4.3' ],
164 silly audit   keyv: [ '4.5.4' ],
164 silly audit   'lowercase-keys': [ '3.0.0' ],
164 silly audit   'math-intrinsics': [ '1.1.0' ],
164 silly audit   'media-typer': [ '1.1.0', '0.3.0' ],
164 silly audit   memorystore: [ '1.6.7' ],
164 silly audit   'merge-descriptors': [ '1.0.3' ],
164 silly audit   methods: [ '1.1.2' ],
164 silly audit   mime: [ '3.0.0', '1.6.0' ],
164 silly audit   'mime-db': [ '1.52.0' ],
164 silly audit   'mime-types': [ '2.1.35' ],
164 silly audit   mkdirp: [ '0.5.6', '3.0.1' ],
164 silly audit   minimatch: [ '9.0.5' ],
164 silly audit   minimist: [ '1.2.8' ],
164 silly audit   moment: [ '2.30.1' ],
164 silly audit   minipass: [ '7.1.2' ],
164 silly audit   minizlib: [ '3.0.1' ],
164 silly audit   mqtt: [ '5.7.0' ],
164 silly audit   ws: [ '8.18.1', '7.5.10' ],
164 silly audit   'moment-timezone': [ '0.5.46' ],
164 silly audit   'mqtt-packet': [ '9.0.2' ],
164 silly audit   'node-red': [ '4.0.9' ],
164 silly audit   mustache: [ '4.2.0' ],
164 silly audit   'node-red-admin': [ '4.0.1' ],
164 silly audit   multer: [ '1.4.5-lts.1' ],
164 silly audit   string_decoder: [ '1.1.1', '1.3.0' ],
164 silly audit   'mute-stream': [ '1.0.0' ],
164 silly audit   'node-watch': [ '0.7.4' ],
164 silly audit   negotiator: [ '0.6.3' ],
164 silly audit   'normalize-url': [ '8.0.1' ],
164 silly audit   'nth-check': [ '2.1.1' ],
164 silly audit   nopt: [ '5.0.0' ],
164 silly audit   'object-inspect': [ '1.13.4' ],
164 silly audit   oauth2orize: [ '1.12.0' ],
164 silly audit   'object-assign': [ '4.1.1' ],
164 silly audit   'on-finished': [ '2.4.1' ],
164 silly audit   'on-headers': [ '1.0.2' ],
164 silly audit   'p-cancelable': [ '3.0.0' ],
164 silly audit   parse5: [ '6.0.1' ],
164 silly audit   'package-json-from-dist': [ '1.0.1' ],
164 silly audit   passport: [ '0.7.0' ],
164 silly audit   'passport-strategy': [ '1.0.0' ],
164 silly audit   parseurl: [ '1.3.3' ],
164 silly audit   'parse5-htmlparser2-tree-adapter': [ '6.0.1' ],
164 silly audit   'passport-http-bearer': [ '1.0.1' ],
164 silly audit   'passport-oauth2-client-password': [ '0.1.2' ],
164 silly audit   'path-to-regexp': [ '0.1.12' ],
164 silly audit   'path-scurry': [ '1.11.1' ],
164 silly audit   'number-allocator': [ '1.0.14' ],
164 silly audit   'path-key': [ '3.1.1' ],
164 silly audit   pause: [ '0.0.1' ],
164 silly audit   process: [ '0.11.10' ],
164 silly audit   'process-nextick-args': [ '2.0.1' ],
164 silly audit   'proxy-from-env': [ '1.1.0' ],
164 silly audit   pseudomap: [ '1.0.2' ],
164 silly audit   'proxy-addr': [ '2.0.7' ],
164 silly audit   'random-bytes': [ '1.0.0' ],
164 silly audit   'quick-lru': [ '5.1.1' ],
164 silly audit   qs: [ '6.13.0' ],
164 silly audit   'range-parser': [ '1.2.1' ],
164 silly audit   reinterval: [ '1.1.0' ],
164 silly audit   read: [ '3.0.1' ],
164 silly audit   'regenerator-runtime': [ '0.14.1' ],
164 silly audit   'require-from-string': [ '2.0.2' ],
164 silly audit   responselike: [ '3.0.0' ],
164 silly audit   'resolve-alpn': [ '1.2.1' ],
164 silly audit   semver: [ '7.6.3' ],
164 silly audit   rfdc: [ '1.4.1' ],
164 silly audit   'safer-buffer': [ '2.1.2' ],
164 silly audit   rimraf: [ '5.0.10' ],
164 silly audit   sax: [ '1.4.1' ],
164 silly audit   setprototypeof: [ '1.2.0' ],
164 silly audit   'shebang-command': [ '2.0.0' ],
164 silly audit   send: [ '0.19.0' ],
164 silly audit   'shebang-regex': [ '3.0.0' ],
164 silly audit   'side-channel': [ '1.1.0' ],
164 silly audit   'serve-static': [ '1.16.2' ],
164 silly audit   'signal-exit': [ '4.1.0' ],
164 silly audit   'side-channel-weakmap': [ '1.0.2' ],
164 silly audit   'side-channel-map': [ '1.0.1' ],
164 silly audit   split2: [ '4.2.0' ],
164 silly audit   statuses: [ '2.0.1' ],
164 silly audit   'side-channel-list': [ '1.0.0' ],
164 silly audit   streamsearch: [ '1.1.0' ],
164 silly audit   'string-width': [ '5.1.2', '4.2.3' ],
164 silly audit   'strip-ansi': [ '7.1.0', '6.0.1' ],
164 silly audit   tldts: [ '6.1.84' ],
164 silly audit   'tough-cookie': [ '5.1.2' ],
164 silly audit   toidentifier: [ '1.0.1' ],
164 silly audit   'type-is': [ '1.6.18' ],
164 silly audit   'tldts-core': [ '6.1.84' ],
164 silly audit   tslib: [ '2.8.1' ],
164 silly audit   typedarray: [ '0.0.6' ],
164 silly audit   'uid-safe': [ '2.1.5' ],
164 silly audit   uid2: [ '0.0.4' ],
164 silly audit   'uglify-js': [ '3.17.4' ],
164 silly audit   'undici-types': [ '6.20.0' ],
164 silly audit   universalify: [ '2.0.1' ],
164 silly audit   tar: [ '7.4.3' ],
164 silly audit   yallist: [ '5.0.0', '2.1.2' ],
164 silly audit   unpipe: [ '1.0.0' ],
164 silly audit   'util-deprecate': [ '1.0.2' ],
164 silly audit   vary: [ '1.1.2' ],
164 silly audit   uuid: [ '9.0.1' ],
164 silly audit   'utils-merge': [ '1.0.1' ],
164 silly audit   which: [ '2.0.2' ],
164 silly audit   'wrap-ansi': [ '8.1.0', '7.0.0' ],
164 silly audit   'worker-timers-worker': [ '7.0.71' ],
164 silly audit   xml2js: [ '0.6.2' ],
164 silly audit   xmlbuilder: [ '11.0.1' ],
164 silly audit   xtend: [ '4.0.2' ],
164 silly audit   'worker-timers-broker': [ '6.1.8' ],
164 silly audit   'worker-timers': [ '7.1.8' ],
164 silly audit   '@isaacs/cliui': [ '8.0.2' ],
164 silly audit   '@isaacs/fs-minipass': [ '4.0.1' ],
164 silly audit   '@node-red/editor-api': [ '4.0.9' ],
164 silly audit   '@node-red/editor-client': [ '4.0.9' ],
164 silly audit   '@node-red/nodes': [ '4.0.9' ],
164 silly audit   '@node-red/registry': [ '4.0.9' ],
164 silly audit   '@node-red/util': [ '4.0.9' ],
164 silly audit   '@node-red/runtime': [ '4.0.9' ],
164 silly audit   '@node-rs/bcrypt': [ '1.10.4' ],
164 silly audit   '@node-rs/bcrypt-linux-x64-musl': [ '1.10.4' ],
164 silly audit   '@sindresorhus/is': [ '5.6.0' ],
164 silly audit   '@pkgjs/parseargs': [ '0.11.0' ],
164 silly audit   '@types/http-cache-semantics': [ '4.0.4' ],
164 silly audit   '@szmarczak/http-timer': [ '5.0.1' ],
164 silly audit   '@types/readable-stream': [ '4.0.18' ],
164 silly audit   '@types/node': [ '22.13.10' ],
164 silly audit   '@types/ws': [ '8.18.0' ],
164 silly audit   '@babel/runtime': [ '7.26.10' ],
164 silly audit   canvas: [ '3.1.0' ],
164 silly audit   'node-addon-api': [ '7.1.1' ],
164 silly audit   'prebuild-install': [ '7.1.3' ],
164 silly audit   'detect-libc': [ '2.0.3' ],
164 silly audit   'expand-template': [ '2.0.3' ],
164 silly audit   'github-from-package': [ '0.0.0' ],
164 silly audit   'mkdirp-classic': [ '0.5.3' ],
164 silly audit   'napi-build-utils': [ '2.0.0' ],
164 silly audit   'node-abi': [ '3.74.0' ],
164 silly audit   pump: [ '3.0.2' ],
164 silly audit   rc: [ '1.2.8' ],
164 silly audit   'simple-get': [ '4.0.1' ],
164 silly audit   'tar-fs': [ '2.1.2' ],
164 silly audit   'tunnel-agent': [ '0.6.0' ],
164 silly audit   'end-of-stream': [ '1.4.4' ],
164 silly audit   once: [ '1.4.0' ],
164 silly audit   wrappy: [ '1.0.2' ],
164 silly audit   'deep-extend': [ '0.6.0' ],
164 silly audit   ini: [ '1.3.8' ],
164 silly audit   'strip-json-comments': [ '2.0.1' ],
164 silly audit   'simple-concat': [ '1.0.1' ],
164 silly audit   'tar-stream': [ '2.2.0' ],
164 silly audit   'fs-constants': [ '1.0.0' ]
164 silly audit }
165 http cache fs-constants@https://registry.npmjs.org/fs-constants/-/fs-constants-1.0.0.tgz 0ms (cache hit)
166 http cache tar-stream@https://registry.npmjs.org/tar-stream/-/tar-stream-2.2.0.tgz 0ms (cache hit)
167 http cache simple-concat@https://registry.npmjs.org/simple-concat/-/simple-concat-1.0.1.tgz 0ms (cache hit)
168 http cache strip-json-comments@https://registry.npmjs.org/strip-json-comments/-/strip-json-comments-2.0.1.tgz 0ms (cache hit)
169 http cache ini@https://registry.npmjs.org/ini/-/ini-1.3.8.tgz 0ms (cache hit)
170 http cache deep-extend@https://registry.npmjs.org/deep-extend/-/deep-extend-0.6.0.tgz 0ms (cache hit)
171 http cache wrappy@https://registry.npmjs.org/wrappy/-/wrappy-1.0.2.tgz 0ms (cache hit)
172 http cache once@https://registry.npmjs.org/once/-/once-1.4.0.tgz 0ms (cache hit)
173 http cache tunnel-agent@https://registry.npmjs.org/tunnel-agent/-/tunnel-agent-0.6.0.tgz 0ms (cache hit)
174 http cache end-of-stream@https://registry.npmjs.org/end-of-stream/-/end-of-stream-1.4.4.tgz 0ms (cache hit)
175 http cache tar-fs@https://registry.npmjs.org/tar-fs/-/tar-fs-2.1.2.tgz 1ms (cache hit)
176 http cache simple-get@https://registry.npmjs.org/simple-get/-/simple-get-4.0.1.tgz 0ms (cache hit)
177 http cache rc@https://registry.npmjs.org/rc/-/rc-1.2.8.tgz 0ms (cache hit)
178 http cache pump@https://registry.npmjs.org/pump/-/pump-3.0.2.tgz 0ms (cache hit)
179 http cache napi-build-utils@https://registry.npmjs.org/napi-build-utils/-/napi-build-utils-2.0.0.tgz 0ms (cache hit)
180 http cache mkdirp-classic@https://registry.npmjs.org/mkdirp-classic/-/mkdirp-classic-0.5.3.tgz 0ms (cache hit)
181 http cache github-from-package@https://registry.npmjs.org/github-from-package/-/github-from-package-0.0.0.tgz 0ms (cache hit)
182 http cache node-abi@https://registry.npmjs.org/node-abi/-/node-abi-3.74.0.tgz 0ms (cache hit)
183 http cache expand-template@https://registry.npmjs.org/expand-template/-/expand-template-2.0.3.tgz 0ms (cache hit)
184 http cache detect-libc@https://registry.npmjs.org/detect-libc/-/detect-libc-2.0.3.tgz 0ms (cache hit)
185 http cache node-addon-api@https://registry.npmjs.org/node-addon-api/-/node-addon-api-7.1.1.tgz 0ms (cache hit)
186 http cache prebuild-install@https://registry.npmjs.org/prebuild-install/-/prebuild-install-7.1.3.tgz 0ms (cache hit)
187 http cache canvas@https://registry.npmjs.org/canvas/-/canvas-3.1.0.tgz 0ms (cache hit)
188 http cache buffer@https://registry.npmjs.org/buffer/-/buffer-5.7.1.tgz 0ms (cache hit)
189 http cache readable-stream@https://registry.npmjs.org/readable-stream/-/readable-stream-3.6.2.tgz 0ms (cache hit)
190 http cache bl@https://registry.npmjs.org/bl/-/bl-4.1.0.tgz 0ms (cache hit)
191 http cache chownr@https://registry.npmjs.org/chownr/-/chownr-1.1.4.tgz 0ms (cache hit)
192 silly tarball no local data for fs-constants@https://registry.npmjs.org/fs-constants/-/fs-constants-1.0.0.tgz. Extracting by manifest.
193 silly tarball no local data for tar-stream@https://registry.npmjs.org/tar-stream/-/tar-stream-2.2.0.tgz. Extracting by manifest.
194 silly tarball no local data for simple-concat@https://registry.npmjs.org/simple-concat/-/simple-concat-1.0.1.tgz. Extracting by manifest.
195 silly tarball no local data for strip-json-comments@https://registry.npmjs.org/strip-json-comments/-/strip-json-comments-2.0.1.tgz. Extracting by manifest.
196 silly tarball no local data for ini@https://registry.npmjs.org/ini/-/ini-1.3.8.tgz. Extracting by manifest.
197 silly tarball no local data for wrappy@https://registry.npmjs.org/wrappy/-/wrappy-1.0.2.tgz. Extracting by manifest.
198 silly tarball no local data for deep-extend@https://registry.npmjs.org/deep-extend/-/deep-extend-0.6.0.tgz. Extracting by manifest.
199 silly tarball no local data for once@https://registry.npmjs.org/once/-/once-1.4.0.tgz. Extracting by manifest.
200 silly tarball no local data for end-of-stream@https://registry.npmjs.org/end-of-stream/-/end-of-stream-1.4.4.tgz. Extracting by manifest.
201 silly tarball no local data for simple-get@https://registry.npmjs.org/simple-get/-/simple-get-4.0.1.tgz. Extracting by manifest.
202 silly tarball no local data for tar-fs@https://registry.npmjs.org/tar-fs/-/tar-fs-2.1.2.tgz. Extracting by manifest.
203 silly tarball no local data for rc@https://registry.npmjs.org/rc/-/rc-1.2.8.tgz. Extracting by manifest.
204 silly tarball no local data for pump@https://registry.npmjs.org/pump/-/pump-3.0.2.tgz. Extracting by manifest.
205 silly tarball no local data for napi-build-utils@https://registry.npmjs.org/napi-build-utils/-/napi-build-utils-2.0.0.tgz. Extracting by manifest.
206 silly tarball no local data for mkdirp-classic@https://registry.npmjs.org/mkdirp-classic/-/mkdirp-classic-0.5.3.tgz. Extracting by manifest.
207 silly tarball no local data for github-from-package@https://registry.npmjs.org/github-from-package/-/github-from-package-0.0.0.tgz. Extracting by manifest.
208 silly tarball no local data for node-abi@https://registry.npmjs.org/node-abi/-/node-abi-3.74.0.tgz. Extracting by manifest.
209 silly tarball no local data for expand-template@https://registry.npmjs.org/expand-template/-/expand-template-2.0.3.tgz. Extracting by manifest.
210 silly tarball no local data for detect-libc@https://registry.npmjs.org/detect-libc/-/detect-libc-2.0.3.tgz. Extracting by manifest.
211 silly tarball no local data for node-addon-api@https://registry.npmjs.org/node-addon-api/-/node-addon-api-7.1.1.tgz. Extracting by manifest.
212 silly tarball no local data for prebuild-install@https://registry.npmjs.org/prebuild-install/-/prebuild-install-7.1.3.tgz. Extracting by manifest.
213 silly tarball no local data for canvas@https://registry.npmjs.org/canvas/-/canvas-3.1.0.tgz. Extracting by manifest.
214 silly tarball no local data for buffer@https://registry.npmjs.org/buffer/-/buffer-5.7.1.tgz. Extracting by manifest.
215 silly tarball no local data for readable-stream@https://registry.npmjs.org/readable-stream/-/readable-stream-3.6.2.tgz. Extracting by manifest.
216 silly tarball no local data for bl@https://registry.npmjs.org/bl/-/bl-4.1.0.tgz. Extracting by manifest.
217 silly tarball no local data for chownr@https://registry.npmjs.org/chownr/-/chownr-1.1.4.tgz. Extracting by manifest.
218 http fetch GET 200 https://registry.npmjs.org/strip-json-comments/-/strip-json-comments-2.0.1.tgz 158ms (cache miss)
219 http fetch GET 200 https://registry.npmjs.org/simple-concat/-/simple-concat-1.0.1.tgz 171ms (cache miss)
220 http fetch GET 200 https://registry.npmjs.org/fs-constants/-/fs-constants-1.0.0.tgz 181ms (cache miss)
221 http fetch GET 200 https://registry.npmjs.org/ini/-/ini-1.3.8.tgz 180ms (cache miss)
222 http fetch GET 200 https://registry.npmjs.org/wrappy/-/wrappy-1.0.2.tgz 189ms (cache miss)
223 http fetch GET 200 https://registry.npmjs.org/mkdirp-classic/-/mkdirp-classic-0.5.3.tgz 239ms (cache miss)
224 http fetch GET 200 https://registry.npmjs.org/expand-template/-/expand-template-2.0.3.tgz 237ms (cache miss)
225 http fetch GET 200 https://registry.npmjs.org/detect-libc/-/detect-libc-2.0.3.tgz 241ms (cache miss)
226 http fetch GET 200 https://registry.npmjs.org/node-abi/-/node-abi-3.74.0.tgz 244ms (cache miss)
227 http fetch GET 200 https://registry.npmjs.org/github-from-package/-/github-from-package-0.0.0.tgz 250ms (cache miss)
228 http fetch POST 200 https://registry.npmjs.org/-/npm/v1/security/advisories/bulk 287ms
229 silly audit report {}
230 http fetch GET 200 https://registry.npmjs.org/tar-stream/-/tar-stream-2.2.0.tgz 278ms (cache miss)
231 http fetch GET 200 https://registry.npmjs.org/prebuild-install/-/prebuild-install-7.1.3.tgz 290ms (cache miss)
232 http fetch GET 200 https://registry.npmjs.org/deep-extend/-/deep-extend-0.6.0.tgz 301ms (cache miss)
233 http fetch GET 200 https://registry.npmjs.org/buffer/-/buffer-5.7.1.tgz 292ms (cache miss)
234 http fetch GET 200 https://registry.npmjs.org/end-of-stream/-/end-of-stream-1.4.4.tgz 323ms (cache miss)
235 http fetch GET 200 https://registry.npmjs.org/once/-/once-1.4.0.tgz 330ms (cache miss)
236 http fetch GET 200 https://registry.npmjs.org/napi-build-utils/-/napi-build-utils-2.0.0.tgz 329ms (cache miss)
237 http fetch GET 200 https://registry.npmjs.org/chownr/-/chownr-1.1.4.tgz 326ms (cache miss)
238 http fetch GET 200 https://registry.npmjs.org/pump/-/pump-3.0.2.tgz 340ms (cache miss)
239 http fetch GET 200 https://registry.npmjs.org/simple-get/-/simple-get-4.0.1.tgz 344ms (cache miss)
240 http fetch GET 200 https://registry.npmjs.org/bl/-/bl-4.1.0.tgz 335ms (cache miss)
241 http fetch GET 200 https://registry.npmjs.org/rc/-/rc-1.2.8.tgz 353ms (cache miss)
242 http fetch GET 200 https://registry.npmjs.org/readable-stream/-/readable-stream-3.6.2.tgz 372ms (cache miss)
243 http fetch GET 200 https://registry.npmjs.org/tar-fs/-/tar-fs-2.1.2.tgz 383ms (cache miss)
244 http fetch GET 200 https://registry.npmjs.org/node-addon-api/-/node-addon-api-7.1.1.tgz 377ms (cache miss)
245 http fetch GET 200 https://registry.npmjs.org/canvas/-/canvas-3.1.0.tgz 404ms (cache miss)
246 info run canvas@3.1.0 install node_modules/canvas prebuild-install -r napi || node-gyp rebuild
247 info run canvas@3.1.0 install { code: 1, signal: null }
248 verbose stack Error: command failed
248 verbose stack     at promiseSpawn (/usr/local/lib/node_modules/npm/node_modules/@npmcli/promise-spawn/lib/index.js:22:22)
248 verbose stack     at spawnWithShell (/usr/local/lib/node_modules/npm/node_modules/@npmcli/promise-spawn/lib/index.js:124:10)
248 verbose stack     at promiseSpawn (/usr/local/lib/node_modules/npm/node_modules/@npmcli/promise-spawn/lib/index.js:12:12)
248 verbose stack     at runScriptPkg (/usr/local/lib/node_modules/npm/node_modules/@npmcli/run-script/lib/run-script-pkg.js:77:13)
248 verbose stack     at runScript (/usr/local/lib/node_modules/npm/node_modules/@npmcli/run-script/lib/run-script.js:9:12)
248 verbose stack     at /usr/local/lib/node_modules/npm/node_modules/@npmcli/arborist/lib/arborist/rebuild.js:329:17
248 verbose stack     at run (/usr/local/lib/node_modules/npm/node_modules/promise-call-limit/dist/commonjs/index.js:67:22)
248 verbose stack     at /usr/local/lib/node_modules/npm/node_modules/promise-call-limit/dist/commonjs/index.js:84:9
248 verbose stack     at new Promise (<anonymous>)
248 verbose stack     at callLimit (/usr/local/lib/node_modules/npm/node_modules/promise-call-limit/dist/commonjs/index.js:35:69)
249 verbose pkgid canvas@3.1.0
250 error code 1
251 error path /usr/src/node-red/node_modules/canvas
252 error command failed
253 error command sh -c prebuild-install -r napi || node-gyp rebuild
254 error prebuild-install warn install No prebuilt binaries found (target=7 runtime=napi arch=x64 libc=musl platform=linux)
254 error gyp info it worked if it ends with ok
254 error gyp info using node-gyp@11.0.0
254 error gyp info using node@22.14.0 | linux | x64
254 error gyp info find Python using Python version 3.12.9 found at "/usr/bin/python3"
254 error gyp http GET https://unofficial-builds.nodejs.org/download/release/v22.14.0/node-v22.14.0-headers.tar.gz
254 error gyp http 200 https://unofficial-builds.nodejs.org/download/release/v22.14.0/node-v22.14.0-headers.tar.gz
254 error gyp http GET https://unofficial-builds.nodejs.org/download/release/v22.14.0/SHASUMS256.txt
254 error gyp http 200 https://unofficial-builds.nodejs.org/download/release/v22.14.0/SHASUMS256.txt
254 error gyp info spawn /usr/bin/python3
254 error gyp info spawn args [
254 error gyp info spawn args '/usr/local/lib/node_modules/npm/node_modules/node-gyp/gyp/gyp_main.py',
254 error gyp info spawn args 'binding.gyp',
254 error gyp info spawn args '-f',
254 error gyp info spawn args 'make',
254 error gyp info spawn args '-I',
254 error gyp info spawn args '/usr/src/node-red/node_modules/canvas/build/config.gypi',
254 error gyp info spawn args '-I',
254 error gyp info spawn args '/usr/local/lib/node_modules/npm/node_modules/node-gyp/addon.gypi',
254 error gyp info spawn args '-I',
254 error gyp info spawn args '/usr/src/node-red/.cache/node-gyp/22.14.0/include/node/common.gypi',
254 error gyp info spawn args '-Dlibrary=shared_library',
254 error gyp info spawn args '-Dvisibility=default',
254 error gyp info spawn args '-Dnode_root_dir=/usr/src/node-red/.cache/node-gyp/22.14.0',
254 error gyp info spawn args '-Dnode_gyp_dir=/usr/local/lib/node_modules/npm/node_modules/node-gyp',
254 error gyp info spawn args '-Dnode_lib_file=/usr/src/node-red/.cache/node-gyp/22.14.0/<(target_arch)/node.lib',
254 error gyp info spawn args '-Dmodule_root_dir=/usr/src/node-red/node_modules/canvas',
254 error gyp info spawn args '-Dnode_engine=v8',
254 error gyp info spawn args '--depth=.',
254 error gyp info spawn args '--no-parallel',
254 error gyp info spawn args '--generator-output',
254 error gyp info spawn args 'build',
254 error gyp info spawn args '-Goutput_dir=.'
254 error gyp info spawn args ]
254 error /bin/sh: pkg-config: not found
254 error gyp: Call to 'pkg-config pixman-1 --libs' returned exit status 127 while in binding.gyp. while trying to load binding.gyp
254 error gyp ERR! configure error 
254 error gyp ERR! stack Error: `gyp` failed with exit code: 1
254 error gyp ERR! stack at ChildProcess.<anonymous> (/usr/local/lib/node_modules/npm/node_modules/node-gyp/lib/configure.js:317:18)
254 error gyp ERR! stack at ChildProcess.emit (node:events:518:28)
254 error gyp ERR! stack at ChildProcess._handle.onexit (node:internal/child_process:293:12)
254 error gyp ERR! System Linux 5.15.146.1-microsoft-standard-WSL2
254 error gyp ERR! command "/usr/local/bin/node" "/usr/local/lib/node_modules/npm/node_modules/node-gyp/bin/node-gyp.js" "rebuild"
254 error gyp ERR! cwd /usr/src/node-red/node_modules/canvas
254 error gyp ERR! node -v v22.14.0
254 error gyp ERR! node-gyp -v v11.0.0
254 error gyp ERR! not ok
255 silly unfinished npm timer reify 1744722172092
256 silly unfinished npm timer reify:build 1744722174747
257 silly unfinished npm timer build 1744722174748
258 silly unfinished npm timer build:deps 1744722174748
259 silly unfinished npm timer build:run:install 1744722174753
260 silly unfinished npm timer build:run:install:node_modules/canvas 1744722174753
261 verbose cwd /usr/src/node-red
262 verbose os Linux 5.15.146.1-microsoft-standard-WSL2
263 verbose node v22.14.0
264 verbose npm  v10.9.2
265 verbose exit 1
266 verbose code 1
267 error A complete log of this run can be found in: /data/.npm/_logs/2025-04-15T13_02_51_378Z-debug-0.log
