0 verbose cli /usr/local/bin/node /usr/local/bin/npm
1 info using npm@8.19.4
2 info using node@v16.20.2
3 timing npm:load:whichnode Completed in 0ms
4 timing config:load:defaults Completed in 2ms
5 timing config:load:file:/usr/local/lib/node_modules/npm/npmrc Completed in 1ms
6 timing config:load:builtin Completed in 1ms
7 warn config production Use `--omit=dev` instead.
8 timing config:load:cli Completed in 2ms
9 timing config:load:env Completed in 0ms
10 timing config:load:file:/data/.npmrc Completed in 0ms
11 timing config:load:project Completed in 8ms
12 timing config:load:file:/usr/src/node-red/.npmrc Completed in 0ms
13 timing config:load:user Completed in 0ms
14 timing config:load:file:/usr/local/etc/npmrc Completed in 1ms
15 timing config:load:global Completed in 1ms
16 timing config:load:validate Completed in 0ms
17 timing config:load:credentials Completed in 1ms
18 timing config:load:setEnvs Completed in 1ms
19 timing config:load Completed in 17ms
20 timing npm:load:configload Completed in 17ms
21 timing npm:load:mkdirpcache Completed in 3ms
22 timing npm:load:mkdirplogs Completed in 4ms
23 verbose title npm install node-red-contrib--cron-pkjq@0.0.1
24 verbose argv "install" "--no-audit" "--no-update-notifier" "--no-fund" "--save" "--save-prefix" "~" "--production" "--engine-strict" "node-red-contrib--cron-pkjq@0.0.1"
25 timing npm:load:setTitle Completed in 1ms
26 timing config:load:flatten Completed in 3ms
27 timing npm:load:display Completed in 4ms
28 verbose logfile logs-max:10 dir:/data/.npm/_logs
29 verbose logfile /data/.npm/_logs/2025-04-06T04_33_42_729Z-debug-0.log
30 timing npm:load:logFile Completed in 12ms
31 timing npm:load:timers Completed in 0ms
32 timing npm:load:configScope Completed in 1ms
33 timing npm:load Completed in 43ms
34 timing arborist:ctor Completed in 0ms
35 silly logfile done cleaning log files
36 timing idealTree:init Completed in 78ms
37 timing idealTree:userRequests Completed in 2ms
38 silly idealTree buildDeps
39 silly fetch manifest node-red-contrib--cron-pkjq@0.0.1
40 timing arborist:ctor Completed in 1ms
41 http fetch GET 200 https://registry.npmjs.org/node-red-contrib--cron-pkjq 995ms (cache miss)
42 silly placeDep ROOT node-red-contrib--cron-pkjq@0.0.1 OK for: node-red-project@0.0.1 want: 0.0.1
43 silly fetch manifest cron-pkjq@^0.0.1
44 http fetch GET 200 https://registry.npmjs.org/cron-pkjq 764ms (cache miss)
45 timing idealTree:#root Completed in 1768ms
46 silly placeDep ROOT cron-pkjq@0.0.1 OK for: node-red-contrib--cron-pkjq@0.0.1 want: ^0.0.1
47 silly fetch manifest cron-parser@^2.6.0
48 silly fetch manifest long-timeout@^0.1.1
49 http fetch GET 200 https://registry.npmjs.org/cron-parser 94ms (cache miss)
50 http fetch GET 200 https://registry.npmjs.org/long-timeout 845ms (cache miss)
51 timing idealTree:node_modules/node-red-contrib--cron-pkjq Completed in 849ms
52 silly placeDep ROOT cron-parser@2.18.0 OK for: cron-pkjq@0.0.1 want: ^2.6.0
53 silly placeDep ROOT long-timeout@0.1.1 OK for: cron-pkjq@0.0.1 want: ^0.1.1
54 silly fetch manifest is-nan@^1.3.0
55 silly fetch manifest moment-timezone@^0.5.31
56 http fetch GET 200 https://registry.npmjs.org/moment-timezone 66ms (cache miss)
57 http fetch GET 200 https://registry.npmjs.org/is-nan 108ms (cache miss)
58 timing idealTree:node_modules/cron-pkjq Completed in 112ms
59 silly placeDep ROOT is-nan@1.3.2 OK for: cron-parser@2.18.0 want: ^1.3.0
60 silly placeDep ROOT moment-timezone@0.5.48 OK for: cron-parser@2.18.0 want: ^0.5.31
61 silly fetch manifest call-bind@^1.0.0
62 silly fetch manifest define-properties@^1.1.3
63 silly fetch manifest moment@^2.29.4
64 http fetch GET 200 https://registry.npmjs.org/call-bind 71ms (cache miss)
65 http fetch GET 200 https://registry.npmjs.org/moment 147ms (cache miss)
66 http fetch GET 200 https://registry.npmjs.org/define-properties 150ms (cache miss)
67 timing idealTree:node_modules/cron-parser Completed in 155ms
68 silly placeDep ROOT call-bind@1.0.8 OK for: is-nan@1.3.2 want: ^1.0.0
69 silly placeDep ROOT define-properties@1.2.1 OK for: is-nan@1.3.2 want: ^1.1.3
70 silly fetch manifest call-bind-apply-helpers@^1.0.0
71 silly fetch manifest es-define-property@^1.0.0
72 silly fetch manifest get-intrinsic@^1.2.4
73 silly fetch manifest set-function-length@^1.2.2
74 silly fetch manifest define-data-property@^1.0.1
75 silly fetch manifest has-property-descriptors@^1.0.0
76 silly fetch manifest object-keys@^1.1.1
77 http fetch GET 200 https://registry.npmjs.org/es-define-property 84ms (cache miss)
78 http fetch GET 200 https://registry.npmjs.org/call-bind-apply-helpers 118ms (cache miss)
79 http fetch GET 200 https://registry.npmjs.org/get-intrinsic 118ms (cache miss)
80 http fetch GET 200 https://registry.npmjs.org/set-function-length 160ms (cache miss)
81 http fetch GET 200 https://registry.npmjs.org/define-data-property 177ms (cache miss)
82 http fetch GET 200 https://registry.npmjs.org/has-property-descriptors 200ms (cache miss)
83 http fetch GET 200 https://registry.npmjs.org/object-keys 217ms (cache miss)
84 timing idealTree:node_modules/is-nan Completed in 225ms
85 silly placeDep ROOT call-bind-apply-helpers@1.0.2 OK for: call-bind@1.0.8 want: ^1.0.0
86 silly placeDep ROOT es-define-property@1.0.1 OK for: call-bind@1.0.8 want: ^1.0.0
87 silly placeDep ROOT get-intrinsic@1.3.0 OK for: call-bind@1.0.8 want: ^1.2.4
88 silly placeDep ROOT set-function-length@1.2.2 OK for: call-bind@1.0.8 want: ^1.2.2
89 silly fetch manifest es-errors@^1.3.0
90 silly fetch manifest function-bind@^1.1.2
91 silly fetch manifest es-object-atoms@^1.1.1
92 silly fetch manifest get-proto@^1.0.1
93 silly fetch manifest gopd@^1.2.0
94 silly fetch manifest has-symbols@^1.1.0
95 silly fetch manifest hasown@^2.0.2
96 silly fetch manifest math-intrinsics@^1.1.0
97 silly fetch manifest define-data-property@^1.1.4
98 silly fetch manifest gopd@^1.0.1
99 silly fetch manifest has-property-descriptors@^1.0.2
100 http fetch GET 200 https://registry.npmjs.org/hasown 90ms (cache miss)
101 http fetch GET 200 https://registry.npmjs.org/function-bind 95ms (cache miss)
102 http fetch GET 200 https://registry.npmjs.org/es-object-atoms 98ms (cache miss)
103 http fetch GET 200 https://registry.npmjs.org/gopd 98ms (cache miss)
104 http fetch GET 200 https://registry.npmjs.org/es-errors 109ms (cache miss)
105 http fetch GET 200 https://registry.npmjs.org/has-symbols 109ms (cache miss)
106 http fetch GET 200 https://registry.npmjs.org/gopd 123ms (cache miss)
107 http fetch GET 200 https://registry.npmjs.org/get-proto 128ms (cache miss)
108 http fetch GET 200 https://registry.npmjs.org/math-intrinsics 130ms (cache miss)
109 timing idealTree:node_modules/call-bind Completed in 142ms
110 silly placeDep ROOT es-errors@1.3.0 OK for: call-bind-apply-helpers@1.0.2 want: ^1.3.0
111 silly placeDep ROOT function-bind@1.1.2 OK for: call-bind-apply-helpers@1.0.2 want: ^1.1.2
112 timing idealTree:node_modules/call-bind-apply-helpers Completed in 3ms
113 silly placeDep ROOT define-data-property@1.1.4 OK for: define-properties@1.2.1 want: ^1.0.1
114 silly placeDep ROOT has-property-descriptors@1.0.2 OK for: define-properties@1.2.1 want: ^1.0.0
115 silly placeDep ROOT object-keys@1.1.1 OK for: define-properties@1.2.1 want: ^1.1.1
116 timing idealTree:node_modules/define-properties Completed in 6ms
117 silly placeDep ROOT gopd@1.2.0 OK for: define-data-property@1.1.4 want: ^1.0.1
118 timing idealTree:node_modules/define-data-property Completed in 2ms
119 timing idealTree:node_modules/es-define-property Completed in 0ms
120 timing idealTree:node_modules/es-errors Completed in 0ms
121 timing idealTree:node_modules/function-bind Completed in 0ms
122 silly placeDep ROOT es-object-atoms@1.1.1 OK for: get-intrinsic@1.3.0 want: ^1.1.1
123 silly placeDep ROOT get-proto@1.0.1 OK for: get-intrinsic@1.3.0 want: ^1.0.1
124 silly placeDep ROOT has-symbols@1.1.0 OK for: get-intrinsic@1.3.0 want: ^1.1.0
125 silly placeDep ROOT hasown@2.0.2 OK for: get-intrinsic@1.3.0 want: ^2.0.2
126 silly placeDep ROOT math-intrinsics@1.1.0 OK for: get-intrinsic@1.3.0 want: ^1.1.0
127 silly fetch manifest dunder-proto@^1.0.1
128 http fetch GET 200 https://registry.npmjs.org/dunder-proto 85ms (cache miss)
129 timing idealTree:node_modules/get-intrinsic Completed in 95ms
130 timing idealTree:node_modules/es-object-atoms Completed in 0ms
131 silly placeDep ROOT dunder-proto@1.0.1 OK for: get-proto@1.0.1 want: ^1.0.1
132 timing idealTree:node_modules/get-proto Completed in 1ms
133 timing idealTree:node_modules/dunder-proto Completed in 0ms
134 timing idealTree:node_modules/gopd Completed in 0ms
135 timing idealTree:node_modules/has-property-descriptors Completed in 0ms
136 timing idealTree:node_modules/has-symbols Completed in 0ms
137 timing idealTree:node_modules/hasown Completed in 0ms
138 timing idealTree:node_modules/long-timeout Completed in 0ms
139 timing idealTree:node_modules/math-intrinsics Completed in 0ms
140 silly placeDep ROOT moment@2.30.1 OK for: moment-timezone@0.5.48 want: ^2.29.4
141 timing idealTree:node_modules/moment-timezone Completed in 1ms
142 timing idealTree:node_modules/moment Completed in 0ms
143 timing idealTree:node_modules/object-keys Completed in 0ms
144 timing idealTree:node_modules/set-function-length Completed in 0ms
145 timing idealTree:buildDeps Completed in 3364ms
146 timing idealTree:fixDepFlags Completed in 1ms
147 timing idealTree Completed in 3449ms
148 timing reify:loadTrees Completed in 3449ms
149 timing reify:diffTrees Completed in 5ms
150 silly reify moves {}
151 timing reify:retireShallow Completed in 1ms
152 timing reify:createSparse Completed in 18ms
153 timing reify:trashOmits Completed in 0ms
154 timing reify:loadBundles Completed in 0ms
155 silly tarball no local data for hasown@https://registry.npmjs.org/hasown/-/hasown-2.0.2.tgz. Extracting by manifest.
156 silly tarball no local data for moment@https://registry.npmjs.org/moment/-/moment-2.30.1.tgz. Extracting by manifest.
157 silly tarball no local data for dunder-proto@https://registry.npmjs.org/dunder-proto/-/dunder-proto-1.0.1.tgz. Extracting by manifest.
158 silly tarball no local data for has-symbols@https://registry.npmjs.org/has-symbols/-/has-symbols-1.1.0.tgz. Extracting by manifest.
159 silly tarball no local data for math-intrinsics@https://registry.npmjs.org/math-intrinsics/-/math-intrinsics-1.1.0.tgz. Extracting by manifest.
160 silly tarball no local data for gopd@https://registry.npmjs.org/gopd/-/gopd-1.2.0.tgz. Extracting by manifest.
161 silly tarball no local data for es-object-atoms@https://registry.npmjs.org/es-object-atoms/-/es-object-atoms-1.1.1.tgz. Extracting by manifest.
162 silly tarball no local data for get-proto@https://registry.npmjs.org/get-proto/-/get-proto-1.0.1.tgz. Extracting by manifest.
163 silly tarball no local data for es-errors@https://registry.npmjs.org/es-errors/-/es-errors-1.3.0.tgz. Extracting by manifest.
164 silly tarball no local data for has-property-descriptors@https://registry.npmjs.org/has-property-descriptors/-/has-property-descriptors-1.0.2.tgz. Extracting by manifest.
165 silly tarball no local data for function-bind@https://registry.npmjs.org/function-bind/-/function-bind-1.1.2.tgz. Extracting by manifest.
166 silly tarball no local data for object-keys@https://registry.npmjs.org/object-keys/-/object-keys-1.1.1.tgz. Extracting by manifest.
167 silly tarball no local data for es-define-property@https://registry.npmjs.org/es-define-property/-/es-define-property-1.0.1.tgz. Extracting by manifest.
168 silly tarball no local data for set-function-length@https://registry.npmjs.org/set-function-length/-/set-function-length-1.2.2.tgz. Extracting by manifest.
169 silly tarball no local data for define-data-property@https://registry.npmjs.org/define-data-property/-/define-data-property-1.1.4.tgz. Extracting by manifest.
170 silly tarball no local data for get-intrinsic@https://registry.npmjs.org/get-intrinsic/-/get-intrinsic-1.3.0.tgz. Extracting by manifest.
171 silly tarball no local data for call-bind@https://registry.npmjs.org/call-bind/-/call-bind-1.0.8.tgz. Extracting by manifest.
172 silly tarball no local data for call-bind-apply-helpers@https://registry.npmjs.org/call-bind-apply-helpers/-/call-bind-apply-helpers-1.0.2.tgz. Extracting by manifest.
173 silly tarball no local data for define-properties@https://registry.npmjs.org/define-properties/-/define-properties-1.2.1.tgz. Extracting by manifest.
174 silly tarball no local data for moment-timezone@https://registry.npmjs.org/moment-timezone/-/moment-timezone-0.5.48.tgz. Extracting by manifest.
175 silly tarball no local data for long-timeout@https://registry.npmjs.org/long-timeout/-/long-timeout-0.1.1.tgz. Extracting by manifest.
176 silly tarball no local data for cron-pkjq@https://registry.npmjs.org/cron-pkjq/-/cron-pkjq-0.0.1.tgz. Extracting by manifest.
177 silly tarball no local data for is-nan@https://registry.npmjs.org/is-nan/-/is-nan-1.3.2.tgz. Extracting by manifest.
178 silly tarball no local data for cron-parser@https://registry.npmjs.org/cron-parser/-/cron-parser-2.18.0.tgz. Extracting by manifest.
179 silly tarball no local data for node-red-contrib--cron-pkjq@https://registry.npmjs.org/node-red-contrib--cron-pkjq/-/node-red-contrib--cron-pkjq-0.0.1.tgz. Extracting by manifest.
180 http fetch GET 200 https://registry.npmjs.org/get-proto/-/get-proto-1.0.1.tgz 646ms (cache miss)
181 http fetch GET 200 https://registry.npmjs.org/gopd/-/gopd-1.2.0.tgz 743ms (cache miss)
182 timing reifyNode:node_modules/get-proto Completed in 816ms
183 http fetch GET 200 https://registry.npmjs.org/hasown/-/hasown-2.0.2.tgz 779ms (cache miss)
184 timing reifyNode:node_modules/hasown Completed in 819ms
185 http fetch GET 200 https://registry.npmjs.org/es-object-atoms/-/es-object-atoms-1.1.1.tgz 779ms (cache miss)
186 timing reifyNode:node_modules/gopd Completed in 848ms
187 timing reifyNode:node_modules/es-object-atoms Completed in 872ms
188 http fetch GET 200 https://registry.npmjs.org/has-symbols/-/has-symbols-1.1.0.tgz 852ms (cache miss)
189 timing reifyNode:node_modules/has-symbols Completed in 996ms
190 http fetch GET 200 https://registry.npmjs.org/es-errors/-/es-errors-1.3.0.tgz 962ms (cache miss)
191 http fetch GET 200 https://registry.npmjs.org/define-properties/-/define-properties-1.2.1.tgz 948ms (cache miss)
192 timing reifyNode:node_modules/define-properties Completed in 1029ms
193 http fetch GET 200 https://registry.npmjs.org/long-timeout/-/long-timeout-0.1.1.tgz 949ms (cache miss)
194 timing reifyNode:node_modules/long-timeout Completed in 1034ms
195 http fetch GET 200 https://registry.npmjs.org/dunder-proto/-/dunder-proto-1.0.1.tgz 1006ms (cache miss)
196 timing reifyNode:node_modules/dunder-proto Completed in 1049ms
197 timing reifyNode:node_modules/es-errors Completed in 1051ms
198 http fetch GET 200 https://registry.npmjs.org/is-nan/-/is-nan-1.3.2.tgz 1062ms (cache miss)
199 http fetch GET 200 https://registry.npmjs.org/define-data-property/-/define-data-property-1.1.4.tgz 1107ms (cache miss)
200 timing reifyNode:node_modules/define-data-property Completed in 1176ms
201 timing reifyNode:node_modules/is-nan Completed in 1221ms
202 http fetch GET 200 https://registry.npmjs.org/call-bind/-/call-bind-1.0.8.tgz 1181ms (cache miss)
203 timing reifyNode:node_modules/call-bind Completed in 1256ms
204 http fetch GET 200 https://registry.npmjs.org/set-function-length/-/set-function-length-1.2.2.tgz 1214ms (cache miss)
205 timing reifyNode:node_modules/set-function-length Completed in 1281ms
206 http fetch GET 200 https://registry.npmjs.org/call-bind-apply-helpers/-/call-bind-apply-helpers-1.0.2.tgz 1208ms (cache miss)
207 timing reifyNode:node_modules/call-bind-apply-helpers Completed in 1284ms
208 http fetch GET 200 https://registry.npmjs.org/object-keys/-/object-keys-1.1.1.tgz 1230ms (cache miss)
209 timing reifyNode:node_modules/object-keys Completed in 1293ms
210 http fetch GET 200 https://registry.npmjs.org/function-bind/-/function-bind-1.1.2.tgz 1236ms (cache miss)
211 timing reifyNode:node_modules/function-bind Completed in 1296ms
212 http fetch GET 200 https://registry.npmjs.org/es-define-property/-/es-define-property-1.0.1.tgz 1243ms (cache miss)
213 timing reifyNode:node_modules/es-define-property Completed in 1308ms
214 http fetch GET 200 https://registry.npmjs.org/has-property-descriptors/-/has-property-descriptors-1.0.2.tgz 1256ms (cache miss)
215 timing reifyNode:node_modules/has-property-descriptors Completed in 1314ms
216 http fetch GET 200 https://registry.npmjs.org/get-intrinsic/-/get-intrinsic-1.3.0.tgz 1246ms (cache miss)
217 timing reifyNode:node_modules/get-intrinsic Completed in 1317ms
218 http fetch GET 200 https://registry.npmjs.org/node-red-contrib--cron-pkjq/-/node-red-contrib--cron-pkjq-0.0.1.tgz 1266ms (cache miss)
219 timing reifyNode:node_modules/node-red-contrib--cron-pkjq Completed in 1366ms
220 http fetch GET 200 https://registry.npmjs.org/math-intrinsics/-/math-intrinsics-1.1.0.tgz 1326ms (cache miss)
221 timing reifyNode:node_modules/math-intrinsics Completed in 1384ms
222 http fetch GET 200 https://registry.npmjs.org/cron-pkjq/-/cron-pkjq-0.0.1.tgz 1312ms (cache miss)
223 timing reifyNode:node_modules/cron-pkjq Completed in 1400ms
224 http fetch GET 200 https://registry.npmjs.org/cron-parser/-/cron-parser-2.18.0.tgz 1314ms (cache miss)
225 timing reifyNode:node_modules/cron-parser Completed in 1409ms
226 http fetch GET 200 https://registry.npmjs.org/moment-timezone/-/moment-timezone-0.5.48.tgz 1638ms (cache miss)
227 timing reifyNode:node_modules/moment-timezone Completed in 1721ms
228 http fetch GET 200 https://registry.npmjs.org/moment/-/moment-2.30.1.tgz 3684ms (cache miss)
229 timing reifyNode:node_modules/moment Completed in 3725ms
230 timing reify:unpack Completed in 3725ms
231 timing reify:unretire Completed in 1ms
232 timing build:queue Completed in 5ms
233 timing build:deps Completed in 6ms
234 timing build Completed in 6ms
235 timing reify:build Completed in 7ms
236 timing reify:trash Completed in 0ms
237 timing reify:save Completed in 43ms
238 timing reify Completed in 7287ms
239 silly ADD node_modules/moment
240 silly ADD node_modules/dunder-proto
241 silly ADD node_modules/math-intrinsics
242 silly ADD node_modules/hasown
243 silly ADD node_modules/has-symbols
244 silly ADD node_modules/get-proto
245 silly ADD node_modules/es-object-atoms
246 silly ADD node_modules/gopd
247 silly ADD node_modules/object-keys
248 silly ADD node_modules/has-property-descriptors
249 silly ADD node_modules/define-data-property
250 silly ADD node_modules/function-bind
251 silly ADD node_modules/es-errors
252 silly ADD node_modules/set-function-length
253 silly ADD node_modules/get-intrinsic
254 silly ADD node_modules/es-define-property
255 silly ADD node_modules/call-bind-apply-helpers
256 silly ADD node_modules/define-properties
257 silly ADD node_modules/call-bind
258 silly ADD node_modules/moment-timezone
259 silly ADD node_modules/is-nan
260 silly ADD node_modules/long-timeout
261 silly ADD node_modules/cron-parser
262 silly ADD node_modules/cron-pkjq
263 silly ADD node_modules/node-red-contrib--cron-pkjq
264 timing command:install Completed in 7298ms
265 verbose exit 0
266 timing npm Completed in 7423ms
267 info ok
