0 verbose cli /usr/local/bin/node /usr/local/bin/npm
1 info using npm@8.19.4
2 info using node@v16.20.2
3 timing npm:load:whichnode Completed in 0ms
4 timing config:load:defaults Completed in 1ms
5 timing config:load:file:/usr/local/lib/node_modules/npm/npmrc Completed in 0ms
6 timing config:load:builtin Completed in 1ms
7 warn config production Use `--omit=dev` instead.
8 timing config:load:cli Completed in 2ms
9 timing config:load:env Completed in 0ms
10 timing config:load:file:/data/.npmrc Completed in 3ms
11 timing config:load:project Completed in 8ms
12 timing config:load:file:/usr/src/node-red/.npmrc Completed in 1ms
13 timing config:load:user Completed in 1ms
14 timing config:load:file:/usr/local/etc/npmrc Completed in 1ms
15 timing config:load:global Completed in 1ms
16 timing config:load:validate Completed in 0ms
17 timing config:load:credentials Completed in 1ms
18 timing config:load:setEnvs Completed in 1ms
19 timing config:load Completed in 17ms
20 timing npm:load:configload Completed in 17ms
21 timing npm:load:mkdirpcache Completed in 4ms
22 timing npm:load:mkdirplogs Completed in 4ms
23 verbose title npm install node-red-contrib-line-messaging-api@0.4.0
24 verbose argv "install" "--no-audit" "--no-update-notifier" "--no-fund" "--save" "--save-prefix" "~" "--production" "--engine-strict" "node-red-contrib-line-messaging-api@0.4.0"
25 timing npm:load:setTitle Completed in 2ms
26 timing config:load:flatten Completed in 3ms
27 timing npm:load:display Completed in 6ms
28 verbose logfile logs-max:10 dir:/data/.npm/_logs
29 verbose logfile /data/.npm/_logs/2025-04-08T15_53_52_505Z-debug-0.log
30 timing npm:load:logFile Completed in 13ms
31 timing npm:load:timers Completed in 0ms
32 timing npm:load:configScope Completed in 0ms
33 timing npm:load Completed in 47ms
34 timing arborist:ctor Completed in 0ms
35 silly logfile start cleaning logs, removing 1 files
36 silly logfile done cleaning log files
37 timing idealTree:init Completed in 81ms
38 timing idealTree:userRequests Completed in 2ms
39 silly idealTree buildDeps
40 silly fetch manifest node-red-contrib-line-messaging-api@0.4.0
41 timing arborist:ctor Completed in 0ms
42 http fetch GET 200 https://registry.npmjs.org/node-red-contrib-line-messaging-api 106ms (cache hit)
43 silly placeDep ROOT node-red-contrib-line-messaging-api@0.4.0 OK for: node-red-project@0.0.1 want: 0.4.0
44 silly fetch manifest express@^4.17.1
45 silly fetch manifest body-parser@^1.19.1
46 silly fetch manifest @line/bot-sdk@^9.5.0
47 http fetch GET 200 https://registry.npmjs.org/@line%2fbot-sdk 24ms (cache hit)
48 http fetch GET 200 https://registry.npmjs.org/express 28ms (cache hit)
49 http fetch GET 200 https://registry.npmjs.org/body-parser 38ms (cache hit)
50 timing idealTree:#root Completed in 157ms
51 silly placeDep ROOT @line/bot-sdk@9.8.0 OK for: node-red-contrib-line-messaging-api@0.4.0 want: ^9.5.0
52 silly placeDep ROOT body-parser@1.20.3 OK for: node-red-contrib-line-messaging-api@0.4.0 want: ^1.19.1
53 silly placeDep ROOT express@4.21.2 OK for: node-red-contrib-line-messaging-api@0.4.0 want: ^4.17.1
54 silly fetch manifest axios@^1.7.4
55 silly fetch manifest qs@6.13.0
56 silly fetch manifest unpipe@1.0.0
57 silly fetch manifest type-is@~1.6.18
58 silly fetch manifest raw-body@2.5.2
59 silly fetch manifest iconv-lite@0.4.24
60 silly fetch manifest content-type@~1.0.5
61 silly fetch manifest cookie@0.7.1
62 silly fetch manifest methods@~1.1.2
63 silly fetch manifest proxy-addr@~2.0.7
64 silly fetch manifest utils-merge@1.0.1
65 silly fetch manifest content-type@~1.0.4
66 silly fetch manifest finalhandler@1.3.1
67 silly fetch manifest array-flatten@1.1.1
68 silly fetch manifest path-to-regexp@0.1.12
69 silly fetch manifest cookie-signature@1.0.6
70 silly fetch manifest merge-descriptors@1.0.3
71 silly fetch manifest content-disposition@0.5.4
72 http fetch GET 200 https://registry.npmjs.org/content-type 114ms (cache hit)
73 http fetch GET 200 https://registry.npmjs.org/type-is 120ms (cache hit)
74 http fetch GET 200 https://registry.npmjs.org/qs 124ms (cache hit)
75 http fetch GET 200 https://registry.npmjs.org/axios 128ms (cache hit)
76 http fetch GET 200 https://registry.npmjs.org/raw-body 128ms (cache hit)
77 http fetch GET 200 https://registry.npmjs.org/unpipe 131ms (cache hit)
78 http fetch GET 200 https://registry.npmjs.org/utils-merge 126ms (cache hit)
79 http fetch GET 200 https://registry.npmjs.org/content-type 130ms (cache hit)
80 http fetch GET 200 https://registry.npmjs.org/proxy-addr 129ms (cache hit)
81 http fetch GET 200 https://registry.npmjs.org/array-flatten 128ms (cache hit)
82 http fetch GET 200 https://registry.npmjs.org/finalhandler 131ms (cache hit)
83 http fetch GET 200 https://registry.npmjs.org/methods 134ms (cache hit)
84 http fetch GET 200 https://registry.npmjs.org/path-to-regexp 133ms (cache hit)
85 http fetch GET 200 https://registry.npmjs.org/cookie-signature 133ms (cache hit)
86 http fetch GET 200 https://registry.npmjs.org/merge-descriptors 134ms (cache hit)
87 http fetch GET 200 https://registry.npmjs.org/cookie 140ms (cache hit)
88 http fetch GET 200 https://registry.npmjs.org/iconv-lite 142ms (cache hit)
89 http fetch GET 200 https://registry.npmjs.org/content-disposition 137ms (cache hit)
90 timing idealTree:node_modules/node-red-contrib-line-messaging-api Completed in 155ms
91 silly placeDep ROOT axios@1.8.4 OK for: @line/bot-sdk@9.8.0 want: ^1.7.4
92 silly fetch manifest form-data@^4.0.0
93 silly fetch manifest proxy-from-env@^1.1.0
94 silly fetch manifest follow-redirects@^1.15.6
95 http fetch GET 200 https://registry.npmjs.org/form-data 25ms (cache hit)
96 http fetch GET 200 https://registry.npmjs.org/proxy-from-env 26ms (cache hit)
97 http fetch GET 200 https://registry.npmjs.org/follow-redirects 27ms (cache hit)
98 timing idealTree:node_modules/@line/bot-sdk Completed in 32ms
99 silly placeDep ROOT follow-redirects@1.15.9 OK for: axios@1.8.4 want: ^1.15.6
100 silly placeDep ROOT form-data@4.0.2 OK for: axios@1.8.4 want: ^4.0.0
101 silly placeDep ROOT proxy-from-env@1.1.0 OK for: axios@1.8.4 want: ^1.1.0
102 silly fetch manifest asynckit@^0.4.0
103 silly fetch manifest combined-stream@^1.0.8
104 silly fetch manifest es-set-tostringtag@^2.1.0
105 http fetch GET 200 https://registry.npmjs.org/asynckit 24ms (cache hit)
106 http fetch GET 200 https://registry.npmjs.org/es-set-tostringtag 25ms (cache hit)
107 http fetch GET 200 https://registry.npmjs.org/combined-stream 27ms (cache hit)
108 timing idealTree:node_modules/axios Completed in 31ms
109 silly placeDep ROOT content-type@1.0.5 OK for: body-parser@1.20.3 want: ~1.0.5
110 silly placeDep node_modules/body-parser iconv-lite@0.4.24 OK for: body-parser@1.20.3 want: 0.4.24
111 silly placeDep ROOT qs@6.13.0 OK for: body-parser@1.20.3 want: 6.13.0
112 silly placeDep ROOT raw-body@2.5.2 OK for: body-parser@1.20.3 want: 2.5.2
113 silly placeDep ROOT type-is@1.6.18 OK for: body-parser@1.20.3 want: ~1.6.18
114 silly placeDep ROOT unpipe@1.0.0 OK for: body-parser@1.20.3 want: 1.0.0
115 silly fetch manifest side-channel@^1.0.6
116 silly fetch manifest media-typer@0.3.0
117 http fetch GET 200 https://registry.npmjs.org/side-channel 20ms (cache hit)
118 http fetch GET 200 https://registry.npmjs.org/media-typer 20ms (cache hit)
119 timing idealTree:node_modules/body-parser Completed in 33ms
120 timing idealTree:node_modules/content-type Completed in 0ms
121 silly placeDep ROOT array-flatten@1.1.1 OK for: express@4.21.2 want: 1.1.1
122 silly placeDep ROOT content-disposition@0.5.4 OK for: express@4.21.2 want: 0.5.4
123 silly placeDep node_modules/express cookie@0.7.1 OK for: express@4.21.2 want: 0.7.1
124 silly placeDep ROOT cookie-signature@1.0.6 OK for: express@4.21.2 want: 1.0.6
125 silly placeDep ROOT finalhandler@1.3.1 OK for: express@4.21.2 want: 1.3.1
126 silly placeDep ROOT merge-descriptors@1.0.3 OK for: express@4.21.2 want: 1.0.3
127 silly placeDep ROOT methods@1.1.2 OK for: express@4.21.2 want: ~1.1.2
128 silly placeDep ROOT path-to-regexp@0.1.12 OK for: express@4.21.2 want: 0.1.12
129 silly placeDep ROOT proxy-addr@2.0.7 OK for: express@4.21.2 want: ~2.0.7
130 silly placeDep ROOT utils-merge@1.0.1 OK for: express@4.21.2 want: 1.0.1
131 silly fetch manifest forwarded@0.2.0
132 silly fetch manifest ipaddr.js@1.9.1
133 http fetch GET 200 https://registry.npmjs.org/ipaddr.js 18ms (cache hit)
134 http fetch GET 200 https://registry.npmjs.org/forwarded 20ms (cache hit)
135 timing idealTree:node_modules/express Completed in 32ms
136 timing idealTree:node_modules/array-flatten Completed in 0ms
137 timing idealTree:node_modules/content-disposition Completed in 0ms
138 timing idealTree:node_modules/cookie-signature Completed in 0ms
139 timing idealTree:node_modules/finalhandler Completed in 0ms
140 timing idealTree:node_modules/follow-redirects Completed in 0ms
141 silly placeDep ROOT asynckit@0.4.0 OK for: form-data@4.0.2 want: ^0.4.0
142 silly placeDep ROOT combined-stream@1.0.8 OK for: form-data@4.0.2 want: ^1.0.8
143 silly placeDep ROOT es-set-tostringtag@2.1.0 OK for: form-data@4.0.2 want: ^2.1.0
144 silly fetch manifest delayed-stream@~1.0.0
145 silly fetch manifest has-tostringtag@^1.0.2
146 http fetch GET 200 https://registry.npmjs.org/has-tostringtag 22ms (cache hit)
147 http fetch GET 200 https://registry.npmjs.org/delayed-stream 25ms (cache hit)
148 timing idealTree:node_modules/form-data Completed in 29ms
149 timing idealTree:node_modules/asynckit Completed in 0ms
150 silly placeDep ROOT delayed-stream@1.0.0 OK for: combined-stream@1.0.8 want: ~1.0.0
151 timing idealTree:node_modules/combined-stream Completed in 1ms
152 timing idealTree:node_modules/delayed-stream Completed in 0ms
153 silly placeDep ROOT has-tostringtag@1.0.2 OK for: es-set-tostringtag@2.1.0 want: ^1.0.2
154 timing idealTree:node_modules/es-set-tostringtag Completed in 2ms
155 timing idealTree:node_modules/has-tostringtag Completed in 0ms
156 timing idealTree:node_modules/merge-descriptors Completed in 0ms
157 timing idealTree:node_modules/methods Completed in 0ms
158 timing idealTree:node_modules/path-to-regexp Completed in 0ms
159 silly placeDep ROOT forwarded@0.2.0 OK for: proxy-addr@2.0.7 want: 0.2.0
160 silly placeDep ROOT ipaddr.js@1.9.1 OK for: proxy-addr@2.0.7 want: 1.9.1
161 timing idealTree:node_modules/proxy-addr Completed in 2ms
162 timing idealTree:node_modules/forwarded Completed in 0ms
163 timing idealTree:node_modules/ipaddr.js Completed in 0ms
164 timing idealTree:node_modules/proxy-from-env Completed in 0ms
165 silly placeDep ROOT side-channel@1.1.0 OK for: qs@6.13.0 want: ^1.0.6
166 silly fetch manifest object-inspect@^1.13.3
167 silly fetch manifest side-channel-list@^1.0.0
168 silly fetch manifest side-channel-map@^1.0.1
169 silly fetch manifest side-channel-weakmap@^1.0.2
170 http fetch GET 200 https://registry.npmjs.org/side-channel-map 28ms (cache hit)
171 http fetch GET 200 https://registry.npmjs.org/object-inspect 31ms (cache hit)
172 http fetch GET 200 https://registry.npmjs.org/side-channel-list 31ms (cache hit)
173 http fetch GET 200 https://registry.npmjs.org/side-channel-weakmap 31ms (cache hit)
174 timing idealTree:node_modules/qs Completed in 35ms
175 silly placeDep node_modules/raw-body iconv-lite@0.4.24 OK for: raw-body@2.5.2 want: 0.4.24
176 timing idealTree:node_modules/raw-body Completed in 1ms
177 silly placeDep ROOT object-inspect@1.13.4 OK for: side-channel@1.1.0 want: ^1.13.3
178 silly placeDep ROOT side-channel-list@1.0.0 OK for: side-channel@1.1.0 want: ^1.0.0
179 silly placeDep ROOT side-channel-map@1.0.1 OK for: side-channel@1.1.0 want: ^1.0.1
180 silly placeDep ROOT side-channel-weakmap@1.0.2 OK for: side-channel@1.1.0 want: ^1.0.2
181 silly fetch manifest call-bound@^1.0.2
182 http fetch GET 200 https://registry.npmjs.org/call-bound 24ms (cache hit)
183 timing idealTree:node_modules/side-channel Completed in 30ms
184 timing idealTree:node_modules/object-inspect Completed in 0ms
185 timing idealTree:node_modules/side-channel-list Completed in 0ms
186 silly placeDep ROOT call-bound@1.0.4 OK for: side-channel-map@1.0.1 want: ^1.0.2
187 timing idealTree:node_modules/side-channel-map Completed in 2ms
188 timing idealTree:node_modules/call-bound Completed in 0ms
189 timing idealTree:node_modules/side-channel-weakmap Completed in 0ms
190 silly placeDep ROOT media-typer@0.3.0 OK for: type-is@1.6.18 want: 0.3.0
191 timing idealTree:node_modules/type-is Completed in 2ms
192 timing idealTree:node_modules/media-typer Completed in 0ms
193 timing idealTree:node_modules/unpipe Completed in 0ms
194 timing idealTree:node_modules/utils-merge Completed in 0ms
195 timing idealTree:node_modules/body-parser/node_modules/iconv-lite Completed in 0ms
196 timing idealTree:node_modules/express/node_modules/cookie Completed in 0ms
197 timing idealTree:node_modules/raw-body/node_modules/iconv-lite Completed in 0ms
198 timing idealTree:buildDeps Completed in 554ms
199 timing idealTree:fixDepFlags Completed in 3ms
200 timing idealTree Completed in 643ms
201 timing command:install Completed in 649ms
202 verbose stack Error: Unsupported engine
202 verbose stack     at checkEngine (/usr/local/lib/node_modules/npm/node_modules/npm-install-checks/lib/index.js:14:25)
202 verbose stack     at Arborist.[checkEngineAndPlatform] (/usr/local/lib/node_modules/npm/node_modules/@npmcli/arborist/lib/arborist/build-ideal-tree.js:228:11)
202 verbose stack     at Arborist.buildIdealTree (/usr/local/lib/node_modules/npm/node_modules/@npmcli/arborist/lib/arborist/build-ideal-tree.js:214:42)
202 verbose stack     at async Promise.all (index 1)
202 verbose stack     at async Arborist.reify (/usr/local/lib/node_modules/npm/node_modules/@npmcli/arborist/lib/arborist/reify.js:154:5)
202 verbose stack     at async Install.exec (/usr/local/lib/node_modules/npm/lib/commands/install.js:145:5)
202 verbose stack     at async module.exports (/usr/local/lib/node_modules/npm/lib/cli.js:78:5)
203 verbose pkgid @line/bot-sdk@9.8.0
204 verbose cwd /data
205 verbose Linux 5.15.146.1-microsoft-standard-WSL2
206 verbose node v16.20.2
207 verbose npm  v8.19.4
208 error code EBADENGINE
209 error engine Unsupported engine
210 error engine Not compatible with your version of node/npm: @line/bot-sdk@9.8.0
211 error notsup Not compatible with your version of node/npm: @line/bot-sdk@9.8.0
211 error notsup Required: {"node":">=18"}
211 error notsup Actual:   {"npm":"8.19.4","node":"v16.20.2"}
212 verbose exit 1
213 timing npm Completed in 783ms
214 verbose unfinished npm timer reify 1744127632633
215 verbose unfinished npm timer reify:loadTrees 1744127632637
216 verbose code 1
217 error A complete log of this run can be found in:
217 error     /data/.npm/_logs/2025-04-08T15_53_52_505Z-debug-0.log
