0 verbose cli /usr/local/bin/node /usr/local/bin/npm
1 info using npm@8.19.4
2 info using node@v16.20.2
3 timing npm:load:whichnode Completed in 1ms
4 timing config:load:defaults Completed in 1ms
5 timing config:load:file:/usr/local/lib/node_modules/npm/npmrc Completed in 1ms
6 timing config:load:builtin Completed in 1ms
7 warn config production Use `--omit=dev` instead.
8 timing config:load:cli Completed in 2ms
9 timing config:load:env Completed in 0ms
10 timing config:load:file:/data/.npmrc Completed in 0ms
11 timing config:load:project Completed in 7ms
12 timing config:load:file:/usr/src/node-red/.npmrc Completed in 0ms
13 timing config:load:user Completed in 0ms
14 timing config:load:file:/usr/local/etc/npmrc Completed in 1ms
15 timing config:load:global Completed in 1ms
16 timing config:load:validate Completed in 0ms
17 timing config:load:credentials Completed in 1ms
18 timing config:load:setEnvs Completed in 1ms
19 timing config:load Completed in 15ms
20 timing npm:load:configload Completed in 15ms
21 timing npm:load:mkdirpcache Completed in 4ms
22 timing npm:load:mkdirplogs Completed in 3ms
23 verbose title npm install node-red-node-mysql@2.0.0
24 verbose argv "install" "--no-audit" "--no-update-notifier" "--no-fund" "--save" "--save-prefix" "~" "--production" "--engine-strict" "node-red-node-mysql@2.0.0"
25 timing npm:load:setTitle Completed in 1ms
26 timing config:load:flatten Completed in 3ms
27 timing npm:load:display Completed in 4ms
28 verbose logfile logs-max:10 dir:/data/.npm/_logs
29 verbose logfile /data/.npm/_logs/2025-04-06T03_48_36_475Z-debug-0.log
30 timing npm:load:logFile Completed in 10ms
31 timing npm:load:timers Completed in 0ms
32 timing npm:load:configScope Completed in 0ms
33 timing npm:load Completed in 39ms
34 timing arborist:ctor Completed in 0ms
35 silly logfile done cleaning log files
36 timing idealTree:init Completed in 62ms
37 timing idealTree:userRequests Completed in 1ms
38 silly idealTree buildDeps
39 silly fetch manifest node-red-node-mysql@2.0.0
40 timing arborist:ctor Completed in 0ms
41 http fetch GET 200 https://registry.npmjs.org/node-red-node-mysql 272ms (cache miss)
42 silly placeDep ROOT node-red-node-mysql@2.0.0 OK for: node-red-project@0.0.1 want: 2.0.0
43 silly fetch manifest mysql2@^3.6.5
44 http fetch GET 200 https://registry.npmjs.org/mysql2 209ms (cache miss)
45 timing idealTree:#root Completed in 491ms
46 silly placeDep ROOT mysql2@3.14.0 OK for: node-red-node-mysql@2.0.0 want: ^3.6.5
47 silly fetch manifest aws-ssl-profiles@^1.1.1
48 silly fetch manifest denque@^2.1.0
49 silly fetch manifest generate-function@^2.3.1
50 silly fetch manifest iconv-lite@^0.6.3
51 silly fetch manifest long@^5.2.1
52 silly fetch manifest lru.min@^1.0.0
53 silly fetch manifest named-placeholders@^1.1.3
54 silly fetch manifest seq-queue@^0.0.5
55 silly fetch manifest sqlstring@^2.3.2
56 http fetch GET 200 https://registry.npmjs.org/iconv-lite 213ms (cache miss)
57 http fetch GET 200 https://registry.npmjs.org/denque 215ms (cache miss)
58 http fetch GET 200 https://registry.npmjs.org/named-placeholders 214ms (cache miss)
59 http fetch GET 200 https://registry.npmjs.org/generate-function 219ms (cache miss)
60 http fetch GET 200 https://registry.npmjs.org/lru.min 219ms (cache miss)
61 http fetch GET 200 https://registry.npmjs.org/seq-queue 248ms (cache miss)
62 http fetch GET 200 https://registry.npmjs.org/long 257ms (cache miss)
63 http fetch GET 200 https://registry.npmjs.org/aws-ssl-profiles 769ms (cache miss)
64 http fetch GET 200 https://registry.npmjs.org/sqlstring 839ms (cache miss)
65 timing idealTree:node_modules/node-red-node-mysql Completed in 845ms
66 silly placeDep ROOT aws-ssl-profiles@1.1.2 OK for: mysql2@3.14.0 want: ^1.1.1
67 silly placeDep ROOT denque@2.1.0 OK for: mysql2@3.14.0 want: ^2.1.0
68 silly placeDep ROOT generate-function@2.3.1 OK for: mysql2@3.14.0 want: ^2.3.1
69 silly placeDep ROOT iconv-lite@0.6.3 OK for: mysql2@3.14.0 want: ^0.6.3
70 silly placeDep ROOT long@5.3.1 OK for: mysql2@3.14.0 want: ^5.2.1
71 silly placeDep ROOT lru.min@1.1.2 OK for: mysql2@3.14.0 want: ^1.0.0
72 silly placeDep ROOT named-placeholders@1.1.3 OK for: mysql2@3.14.0 want: ^1.1.3
73 silly placeDep ROOT seq-queue@0.0.5 OK for: mysql2@3.14.0 want: ^0.0.5
74 silly placeDep ROOT sqlstring@2.3.3 OK for: mysql2@3.14.0 want: ^2.3.2
75 silly fetch manifest is-property@^1.0.2
76 silly fetch manifest safer-buffer@>= 2.1.2 < 3.0.0
77 silly fetch manifest lru-cache@^7.14.1
78 http fetch GET 200 https://registry.npmjs.org/safer-buffer 61ms (cache miss)
79 http fetch GET 200 https://registry.npmjs.org/lru-cache 111ms (cache miss)
80 http fetch GET 200 https://registry.npmjs.org/is-property 738ms (cache miss)
81 timing idealTree:node_modules/mysql2 Completed in 750ms
82 timing idealTree:node_modules/aws-ssl-profiles Completed in 0ms
83 timing idealTree:node_modules/denque Completed in 0ms
84 silly placeDep ROOT is-property@1.0.2 OK for: generate-function@2.3.1 want: ^1.0.2
85 timing idealTree:node_modules/generate-function Completed in 2ms
86 silly placeDep ROOT safer-buffer@2.1.2 OK for: iconv-lite@0.6.3 want: >= 2.1.2 < 3.0.0
87 timing idealTree:node_modules/iconv-lite Completed in 1ms
88 timing idealTree:node_modules/is-property Completed in 0ms
89 timing idealTree:node_modules/long Completed in 0ms
90 timing idealTree:node_modules/lru.min Completed in 1ms
91 silly placeDep ROOT lru-cache@7.18.3 OK for: named-placeholders@1.1.3 want: ^7.14.1
92 timing idealTree:node_modules/named-placeholders Completed in 1ms
93 timing idealTree:node_modules/lru-cache Completed in 0ms
94 timing idealTree:node_modules/safer-buffer Completed in 0ms
95 timing idealTree:node_modules/seq-queue Completed in 0ms
96 timing idealTree:node_modules/sqlstring Completed in 0ms
97 timing idealTree:buildDeps Completed in 2093ms
98 timing idealTree:fixDepFlags Completed in 1ms
99 timing idealTree Completed in 2159ms
100 timing reify:loadTrees Completed in 2160ms
101 timing reify:diffTrees Completed in 5ms
102 silly reify moves {}
103 timing reify:retireShallow Completed in 1ms
104 timing reify:createSparse Completed in 10ms
105 timing reify:trashOmits Completed in 0ms
106 timing reify:loadBundles Completed in 0ms
107 silly tarball no local data for lru-cache@https://registry.npmjs.org/lru-cache/-/lru-cache-7.18.3.tgz. Extracting by manifest.
108 silly tarball no local data for safer-buffer@https://registry.npmjs.org/safer-buffer/-/safer-buffer-2.1.2.tgz. Extracting by manifest.
109 silly tarball no local data for sqlstring@https://registry.npmjs.org/sqlstring/-/sqlstring-2.3.3.tgz. Extracting by manifest.
110 silly tarball no local data for seq-queue@https://registry.npmjs.org/seq-queue/-/seq-queue-0.0.5.tgz. Extracting by manifest.
111 silly tarball no local data for is-property@https://registry.npmjs.org/is-property/-/is-property-1.0.2.tgz. Extracting by manifest.
112 silly tarball no local data for lru.min@https://registry.npmjs.org/lru.min/-/lru.min-1.1.2.tgz. Extracting by manifest.
113 silly tarball no local data for generate-function@https://registry.npmjs.org/generate-function/-/generate-function-2.3.1.tgz. Extracting by manifest.
114 silly tarball no local data for denque@https://registry.npmjs.org/denque/-/denque-2.1.0.tgz. Extracting by manifest.
115 silly tarball no local data for named-placeholders@https://registry.npmjs.org/named-placeholders/-/named-placeholders-1.1.3.tgz. Extracting by manifest.
116 silly tarball no local data for long@https://registry.npmjs.org/long/-/long-5.3.1.tgz. Extracting by manifest.
117 silly tarball no local data for aws-ssl-profiles@https://registry.npmjs.org/aws-ssl-profiles/-/aws-ssl-profiles-1.1.2.tgz. Extracting by manifest.
118 silly tarball no local data for node-red-node-mysql@https://registry.npmjs.org/node-red-node-mysql/-/node-red-node-mysql-2.0.0.tgz. Extracting by manifest.
119 silly tarball no local data for iconv-lite@https://registry.npmjs.org/iconv-lite/-/iconv-lite-0.6.3.tgz. Extracting by manifest.
120 silly tarball no local data for mysql2@https://registry.npmjs.org/mysql2/-/mysql2-3.14.0.tgz. Extracting by manifest.
121 http fetch GET 200 https://registry.npmjs.org/is-property/-/is-property-1.0.2.tgz 338ms (cache miss)
122 timing reifyNode:node_modules/is-property Completed in 363ms
123 http fetch GET 200 https://registry.npmjs.org/seq-queue/-/seq-queue-0.0.5.tgz 340ms (cache miss)
124 timing reifyNode:node_modules/seq-queue Completed in 366ms
125 http fetch GET 200 https://registry.npmjs.org/sqlstring/-/sqlstring-2.3.3.tgz 345ms (cache miss)
126 timing reifyNode:node_modules/sqlstring Completed in 369ms
127 http fetch GET 200 https://registry.npmjs.org/safer-buffer/-/safer-buffer-2.1.2.tgz 352ms (cache miss)
128 timing reifyNode:node_modules/safer-buffer Completed in 376ms
129 http fetch GET 200 https://registry.npmjs.org/generate-function/-/generate-function-2.3.1.tgz 350ms (cache miss)
130 timing reifyNode:node_modules/generate-function Completed in 379ms
131 http fetch GET 200 https://registry.npmjs.org/named-placeholders/-/named-placeholders-1.1.3.tgz 355ms (cache miss)
132 timing reifyNode:node_modules/named-placeholders Completed in 385ms
133 http fetch GET 200 https://registry.npmjs.org/denque/-/denque-2.1.0.tgz 360ms (cache miss)
134 timing reifyNode:node_modules/denque Completed in 387ms
135 http fetch GET 200 https://registry.npmjs.org/lru-cache/-/lru-cache-7.18.3.tgz 375ms (cache miss)
136 timing reifyNode:node_modules/lru-cache Completed in 396ms
137 http fetch GET 200 https://registry.npmjs.org/lru.min/-/lru.min-1.1.2.tgz 370ms (cache miss)
138 timing reifyNode:node_modules/lru.min Completed in 396ms
139 http fetch GET 200 https://registry.npmjs.org/long/-/long-5.3.1.tgz 463ms (cache miss)
140 timing reifyNode:node_modules/long Completed in 494ms
141 http fetch GET 200 https://registry.npmjs.org/aws-ssl-profiles/-/aws-ssl-profiles-1.1.2.tgz 645ms (cache miss)
142 timing reifyNode:node_modules/aws-ssl-profiles Completed in 679ms
143 http fetch GET 200 https://registry.npmjs.org/mysql2/-/mysql2-3.14.0.tgz 1017ms (cache miss)
144 timing reifyNode:node_modules/mysql2 Completed in 1059ms
145 http fetch GET 200 https://registry.npmjs.org/node-red-node-mysql/-/node-red-node-mysql-2.0.0.tgz 1071ms (cache miss)
146 timing reifyNode:node_modules/node-red-node-mysql Completed in 1105ms
147 http fetch GET 200 https://registry.npmjs.org/iconv-lite/-/iconv-lite-0.6.3.tgz 1143ms (cache miss)
148 timing reifyNode:node_modules/iconv-lite Completed in 1180ms
149 timing reify:unpack Completed in 1181ms
150 timing reify:unretire Completed in 1ms
151 timing build:queue Completed in 5ms
152 timing build:deps Completed in 6ms
153 timing build Completed in 6ms
154 timing reify:build Completed in 8ms
155 timing reify:trash Completed in 0ms
156 timing reify:save Completed in 77ms
157 timing reify Completed in 3472ms
158 silly ADD node_modules/lru-cache
159 silly ADD node_modules/safer-buffer
160 silly ADD node_modules/is-property
161 silly ADD node_modules/sqlstring
162 silly ADD node_modules/seq-queue
163 silly ADD node_modules/named-placeholders
164 silly ADD node_modules/lru.min
165 silly ADD node_modules/long
166 silly ADD node_modules/iconv-lite
167 silly ADD node_modules/generate-function
168 silly ADD node_modules/denque
169 silly ADD node_modules/aws-ssl-profiles
170 silly ADD node_modules/mysql2
171 silly ADD node_modules/node-red-node-mysql
172 timing command:install Completed in 3484ms
173 verbose exit 0
174 timing npm Completed in 3639ms
175 info ok
