0 verbose cli /usr/local/bin/node /usr/local/bin/npm
1 info using npm@10.9.2
2 info using node@v22.14.0
3 silly config load:file:/usr/local/lib/node_modules/npm/npmrc
4 silly config load:file:/usr/src/node-red/.npmrc
5 silly config load:file:/usr/local/etc/npmrc
6 verbose title npm install sharp
7 verbose argv "install" "sharp"
8 verbose logfile logs-max:10 dir:/data/.npm/_logs/2025-04-15T13_10_55_721Z-
9 verbose logfile /data/.npm/_logs/2025-04-15T13_10_55_721Z-debug-0.log
10 silly logfile start cleaning logs, removing 1 files
11 silly packumentCache heap:2197815296 maxSize:549453824 maxEntrySize:274726912
12 silly logfile done cleaning log files
13 verbose shrinkwrap failed to load node_modules/.package-lock.json out of date, updated: node_modules
14 verbose shrinkwrap failed to load node_modules/.package-lock.json out of date, updated: node_modules
15 silly idealTree buildDeps
16 silly fetch manifest sharp@*
17 silly packumentCache full:https://registry.npmjs.org/sharp cache-miss
18 http fetch GET 200 https://registry.npmjs.org/sharp 259ms (cache miss)
19 silly packumentCache full:https://registry.npmjs.org/sharp set size:undefined disposed:false
20 silly placeDep ROOT sharp@0.34.1 OK for: node-red-docker@4.0.9 want: *
21 silly fetch manifest color@^4.2.3
22 silly packumentCache full:https://registry.npmjs.org/color cache-miss
23 silly fetch manifest detect-libc@^2.0.3
24 silly packumentCache full:https://registry.npmjs.org/detect-libc cache-miss
25 silly fetch manifest semver@^7.7.1
26 silly packumentCache full:https://registry.npmjs.org/semver cache-miss
27 silly fetch manifest @img/sharp-darwin-arm64@0.34.1
28 silly packumentCache full:https://registry.npmjs.org/@img%2fsharp-darwin-arm64 cache-miss
29 silly fetch manifest @img/sharp-darwin-x64@0.34.1
30 silly packumentCache full:https://registry.npmjs.org/@img%2fsharp-darwin-x64 cache-miss
31 silly fetch manifest @img/sharp-libvips-darwin-arm64@1.1.0
32 silly packumentCache full:https://registry.npmjs.org/@img%2fsharp-libvips-darwin-arm64 cache-miss
33 silly fetch manifest @img/sharp-libvips-darwin-x64@1.1.0
34 silly packumentCache full:https://registry.npmjs.org/@img%2fsharp-libvips-darwin-x64 cache-miss
35 http fetch GET 200 https://registry.npmjs.org/color 94ms (cache miss)
36 silly packumentCache full:https://registry.npmjs.org/color set size:undefined disposed:false
37 silly fetch manifest @img/sharp-libvips-linux-arm@1.1.0
38 silly packumentCache full:https://registry.npmjs.org/@img%2fsharp-libvips-linux-arm cache-miss
39 http fetch GET 200 https://registry.npmjs.org/@img%2fsharp-darwin-arm64 155ms (cache miss)
40 silly packumentCache full:https://registry.npmjs.org/@img%2fsharp-darwin-arm64 set size:undefined disposed:false
41 silly fetch manifest @img/sharp-libvips-linux-arm64@1.1.0
42 silly packumentCache full:https://registry.npmjs.org/@img%2fsharp-libvips-linux-arm64 cache-miss
43 http fetch GET 200 https://registry.npmjs.org/@img%2fsharp-libvips-darwin-arm64 160ms (cache miss)
44 silly packumentCache full:https://registry.npmjs.org/@img%2fsharp-libvips-darwin-arm64 set size:undefined disposed:false
45 silly fetch manifest @img/sharp-libvips-linux-ppc64@1.1.0
46 silly packumentCache full:https://registry.npmjs.org/@img%2fsharp-libvips-linux-ppc64 cache-miss
47 http fetch GET 200 https://registry.npmjs.org/@img%2fsharp-libvips-darwin-x64 179ms (cache miss)
48 silly packumentCache full:https://registry.npmjs.org/@img%2fsharp-libvips-darwin-x64 set size:undefined disposed:false
49 silly fetch manifest @img/sharp-libvips-linux-s390x@1.1.0
50 silly packumentCache full:https://registry.npmjs.org/@img%2fsharp-libvips-linux-s390x cache-miss
51 http fetch GET 200 https://registry.npmjs.org/detect-libc 198ms (cache updated)
52 silly packumentCache full:https://registry.npmjs.org/detect-libc set size:undefined disposed:false
53 silly fetch manifest @img/sharp-libvips-linux-x64@1.1.0
54 silly packumentCache full:https://registry.npmjs.org/@img%2fsharp-libvips-linux-x64 cache-miss
55 http fetch GET 200 https://registry.npmjs.org/@img%2fsharp-darwin-x64 207ms (cache miss)
56 silly packumentCache full:https://registry.npmjs.org/@img%2fsharp-darwin-x64 set size:undefined disposed:false
57 silly fetch manifest @img/sharp-libvips-linuxmusl-arm64@1.1.0
58 silly packumentCache full:https://registry.npmjs.org/@img%2fsharp-libvips-linuxmusl-arm64 cache-miss
59 http fetch GET 200 https://registry.npmjs.org/semver 224ms (cache miss)
60 silly packumentCache full:https://registry.npmjs.org/semver set size:undefined disposed:false
61 silly fetch manifest @img/sharp-libvips-linuxmusl-x64@1.1.0
62 silly packumentCache full:https://registry.npmjs.org/@img%2fsharp-libvips-linuxmusl-x64 cache-miss
63 http fetch GET 200 https://registry.npmjs.org/@img%2fsharp-libvips-linux-ppc64 89ms (cache miss)
64 silly packumentCache full:https://registry.npmjs.org/@img%2fsharp-libvips-linux-ppc64 set size:undefined disposed:false
65 silly fetch manifest @img/sharp-linux-arm@0.34.1
66 silly packumentCache full:https://registry.npmjs.org/@img%2fsharp-linux-arm cache-miss
67 http fetch GET 200 https://registry.npmjs.org/@img%2fsharp-libvips-linux-arm64 100ms (cache miss)
68 silly packumentCache full:https://registry.npmjs.org/@img%2fsharp-libvips-linux-arm64 set size:undefined disposed:false
69 silly fetch manifest @img/sharp-linux-arm64@0.34.1
70 silly packumentCache full:https://registry.npmjs.org/@img%2fsharp-linux-arm64 cache-miss
71 http fetch GET 200 https://registry.npmjs.org/@img%2fsharp-libvips-linux-s390x 98ms (cache miss)
72 silly packumentCache full:https://registry.npmjs.org/@img%2fsharp-libvips-linux-s390x set size:undefined disposed:false
73 silly fetch manifest @img/sharp-linux-s390x@0.34.1
74 silly packumentCache full:https://registry.npmjs.org/@img%2fsharp-linux-s390x cache-miss
75 http fetch GET 200 https://registry.npmjs.org/@img%2fsharp-libvips-linux-x64 93ms (cache miss)
76 silly packumentCache full:https://registry.npmjs.org/@img%2fsharp-libvips-linux-x64 set size:undefined disposed:false
77 silly fetch manifest @img/sharp-linux-x64@0.34.1
78 silly packumentCache full:https://registry.npmjs.org/@img%2fsharp-linux-x64 cache-miss
79 http fetch GET 200 https://registry.npmjs.org/@img%2fsharp-libvips-linuxmusl-arm64 93ms (cache miss)
80 silly packumentCache full:https://registry.npmjs.org/@img%2fsharp-libvips-linuxmusl-arm64 set size:undefined disposed:false
81 silly fetch manifest @img/sharp-linuxmusl-arm64@0.34.1
82 silly packumentCache full:https://registry.npmjs.org/@img%2fsharp-linuxmusl-arm64 cache-miss
83 http fetch GET 200 https://registry.npmjs.org/@img%2fsharp-libvips-linuxmusl-x64 93ms (cache miss)
84 silly packumentCache full:https://registry.npmjs.org/@img%2fsharp-libvips-linuxmusl-x64 set size:undefined disposed:false
85 silly fetch manifest @img/sharp-linuxmusl-x64@0.34.1
86 silly packumentCache full:https://registry.npmjs.org/@img%2fsharp-linuxmusl-x64 cache-miss
87 http fetch GET 200 https://registry.npmjs.org/@img%2fsharp-linux-arm 86ms (cache miss)
88 silly packumentCache full:https://registry.npmjs.org/@img%2fsharp-linux-arm set size:undefined disposed:false
89 silly fetch manifest @img/sharp-wasm32@0.34.1
90 silly packumentCache full:https://registry.npmjs.org/@img%2fsharp-wasm32 cache-miss
91 http fetch GET 200 https://registry.npmjs.org/@img%2fsharp-linux-arm64 103ms (cache miss)
92 silly packumentCache full:https://registry.npmjs.org/@img%2fsharp-linux-arm64 set size:undefined disposed:false
93 silly fetch manifest @img/sharp-win32-ia32@0.34.1
94 silly packumentCache full:https://registry.npmjs.org/@img%2fsharp-win32-ia32 cache-miss
95 http fetch GET 200 https://registry.npmjs.org/@img%2fsharp-linux-x64 79ms (cache miss)
96 silly packumentCache full:https://registry.npmjs.org/@img%2fsharp-linux-x64 set size:undefined disposed:false
97 silly fetch manifest @img/sharp-win32-x64@0.34.1
98 silly packumentCache full:https://registry.npmjs.org/@img%2fsharp-win32-x64 cache-miss
99 http fetch GET 200 https://registry.npmjs.org/@img%2fsharp-linux-s390x 84ms (cache miss)
100 silly packumentCache full:https://registry.npmjs.org/@img%2fsharp-linux-s390x set size:undefined disposed:false
101 http fetch GET 200 https://registry.npmjs.org/@img%2fsharp-libvips-linux-arm 289ms (cache miss)
102 silly packumentCache full:https://registry.npmjs.org/@img%2fsharp-libvips-linux-arm set size:undefined disposed:false
103 http fetch GET 200 https://registry.npmjs.org/@img%2fsharp-linuxmusl-arm64 102ms (cache miss)
104 silly packumentCache full:https://registry.npmjs.org/@img%2fsharp-linuxmusl-arm64 set size:undefined disposed:false
105 http fetch GET 200 https://registry.npmjs.org/@img%2fsharp-linuxmusl-x64 86ms (cache miss)
106 silly packumentCache full:https://registry.npmjs.org/@img%2fsharp-linuxmusl-x64 set size:undefined disposed:false
107 http fetch GET 200 https://registry.npmjs.org/@img%2fsharp-wasm32 81ms (cache miss)
108 silly packumentCache full:https://registry.npmjs.org/@img%2fsharp-wasm32 set size:undefined disposed:false
109 http fetch GET 200 https://registry.npmjs.org/@img%2fsharp-win32-ia32 87ms (cache miss)
110 silly packumentCache full:https://registry.npmjs.org/@img%2fsharp-win32-ia32 set size:undefined disposed:false
111 http fetch GET 200 https://registry.npmjs.org/@img%2fsharp-win32-x64 84ms (cache miss)
112 silly packumentCache full:https://registry.npmjs.org/@img%2fsharp-win32-x64 set size:undefined disposed:false
113 silly placeDep ROOT @img/sharp-darwin-arm64@0.34.1 OK for: sharp@0.34.1 want: 0.34.1
114 silly placeDep ROOT @img/sharp-darwin-x64@0.34.1 OK for: sharp@0.34.1 want: 0.34.1
115 silly placeDep ROOT @img/sharp-libvips-darwin-arm64@1.1.0 OK for: sharp@0.34.1 want: 1.1.0
116 silly placeDep ROOT @img/sharp-libvips-darwin-x64@1.1.0 OK for: sharp@0.34.1 want: 1.1.0
117 silly placeDep ROOT @img/sharp-libvips-linux-arm@1.1.0 OK for: sharp@0.34.1 want: 1.1.0
118 silly placeDep ROOT @img/sharp-libvips-linux-arm64@1.1.0 OK for: sharp@0.34.1 want: 1.1.0
119 silly placeDep ROOT @img/sharp-libvips-linux-ppc64@1.1.0 OK for: sharp@0.34.1 want: 1.1.0
120 silly placeDep ROOT @img/sharp-libvips-linux-s390x@1.1.0 OK for: sharp@0.34.1 want: 1.1.0
121 silly placeDep ROOT @img/sharp-libvips-linux-x64@1.1.0 OK for: sharp@0.34.1 want: 1.1.0
122 silly placeDep ROOT @img/sharp-libvips-linuxmusl-arm64@1.1.0 OK for: sharp@0.34.1 want: 1.1.0
123 silly placeDep ROOT @img/sharp-libvips-linuxmusl-x64@1.1.0 OK for: sharp@0.34.1 want: 1.1.0
124 silly placeDep ROOT @img/sharp-linux-arm@0.34.1 OK for: sharp@0.34.1 want: 0.34.1
125 silly placeDep ROOT @img/sharp-linux-arm64@0.34.1 OK for: sharp@0.34.1 want: 0.34.1
126 silly placeDep ROOT @img/sharp-linux-s390x@0.34.1 OK for: sharp@0.34.1 want: 0.34.1
127 silly placeDep ROOT @img/sharp-linux-x64@0.34.1 OK for: sharp@0.34.1 want: 0.34.1
128 silly placeDep ROOT @img/sharp-linuxmusl-arm64@0.34.1 OK for: sharp@0.34.1 want: 0.34.1
129 silly placeDep ROOT @img/sharp-linuxmusl-x64@0.34.1 OK for: sharp@0.34.1 want: 0.34.1
130 silly placeDep ROOT @img/sharp-wasm32@0.34.1 OK for: sharp@0.34.1 want: 0.34.1
131 silly placeDep ROOT @img/sharp-win32-ia32@0.34.1 OK for: sharp@0.34.1 want: 0.34.1
132 silly placeDep ROOT @img/sharp-win32-x64@0.34.1 OK for: sharp@0.34.1 want: 0.34.1
133 silly placeDep ROOT color@4.2.3 OK for: sharp@0.34.1 want: ^4.2.3
134 silly placeDep ROOT detect-libc@2.0.3 OK for: sharp@0.34.1 want: ^2.0.3
135 silly placeDep node_modules/sharp semver@7.7.1 OK for: sharp@0.34.1 want: ^7.7.1
136 silly fetch manifest @emnapi/runtime@^1.4.0
137 silly packumentCache full:https://registry.npmjs.org/@emnapi%2fruntime cache-miss
138 silly fetch manifest color-string@^1.9.0
139 silly packumentCache full:https://registry.npmjs.org/color-string cache-miss
140 http fetch GET 200 https://registry.npmjs.org/color-string 69ms (cache miss)
141 silly packumentCache full:https://registry.npmjs.org/color-string set size:undefined disposed:false
142 http fetch GET 200 https://registry.npmjs.org/@emnapi%2fruntime 331ms (cache miss)
143 silly packumentCache full:https://registry.npmjs.org/@emnapi%2fruntime set size:undefined disposed:false
144 silly placeDep ROOT @emnapi/runtime@1.4.1 OK for: @img/sharp-wasm32@0.34.1 want: ^1.4.0
145 silly placeDep ROOT color-string@1.9.1 OK for: color@4.2.3 want: ^1.9.0
146 silly fetch manifest simple-swizzle@^0.2.2
147 silly packumentCache full:https://registry.npmjs.org/simple-swizzle cache-miss
148 http fetch GET 200 https://registry.npmjs.org/simple-swizzle 89ms (cache miss)
149 silly packumentCache full:https://registry.npmjs.org/simple-swizzle set size:undefined disposed:false
150 silly placeDep ROOT simple-swizzle@0.2.2 OK for: color-string@1.9.1 want: ^0.2.2
151 silly fetch manifest is-arrayish@^0.3.1
152 silly packumentCache full:https://registry.npmjs.org/is-arrayish cache-miss
153 http fetch GET 200 https://registry.npmjs.org/is-arrayish 96ms (cache miss)
154 silly packumentCache full:https://registry.npmjs.org/is-arrayish set size:undefined disposed:false
155 silly placeDep ROOT is-arrayish@0.3.2 OK for: simple-swizzle@0.2.2 want: ^0.3.1
156 silly reify moves {}
157 silly audit bulk request {
157 silly audit   abbrev: [ '1.1.1' ],
157 silly audit   'abort-controller': [ '3.0.0' ],
157 silly audit   accepts: [ '1.3.8' ],
157 silly audit   acorn: [ '8.12.1' ],
157 silly audit   'acorn-walk': [ '8.3.4' ],
157 silly audit   'agent-base': [ '6.0.2' ],
157 silly audit   debug: [ '4.4.0', '2.6.9' ],
157 silly audit   ms: [ '2.1.3', '2.0.0' ],
157 silly audit   ajv: [ '8.17.1' ],
157 silly audit   'ansi-colors': [ '4.1.3' ],
157 silly audit   'ansi-regex': [ '5.0.1', '6.1.0' ],
157 silly audit   'ansi-styles': [ '6.2.1', '4.3.0' ],
157 silly audit   'append-field': [ '1.0.0' ],
157 silly audit   argparse: [ '2.0.1' ],
157 silly audit   'array-flatten': [ '1.1.1' ],
157 silly audit   'async-mutex': [ '0.5.0' ],
157 silly audit   asynckit: [ '0.4.0' ],
157 silly audit   axios: [ '1.8.3' ],
157 silly audit   'balanced-match': [ '1.0.2' ],
157 silly audit   'base64-js': [ '1.5.1' ],
157 silly audit   'basic-auth': [ '2.0.1' ],
157 silly audit   bcryptjs: [ '2.4.3' ],
157 silly audit   bl: [ '6.1.0' ],
157 silly audit   'body-parser': [ '1.20.3' ],
157 silly audit   'iconv-lite': [ '0.4.24', '0.6.3' ],
157 silly audit   'raw-body': [ '2.5.2', '3.0.0' ],
157 silly audit   boolbase: [ '1.0.0' ],
157 silly audit   'brace-expansion': [ '2.0.1' ],
157 silly audit   buffer: [ '6.0.3' ],
157 silly audit   'buffer-from': [ '1.1.2' ],
157 silly audit   busboy: [ '1.6.0' ],
157 silly audit   bytes: [ '3.1.2' ],
157 silly audit   'cacheable-lookup': [ '7.0.0' ],
157 silly audit   'cacheable-request': [ '10.2.14' ],
157 silly audit   'call-bind-apply-helpers': [ '1.0.2' ],
157 silly audit   'call-bound': [ '1.0.4' ],
157 silly audit   cheerio: [ '1.0.0-rc.10' ],
157 silly audit   'cheerio-select': [ '1.6.0' ],
157 silly audit   chownr: [ '3.0.0' ],
157 silly audit   'cli-table': [ '0.3.11' ],
157 silly audit   clone: [ '2.1.2' ],
157 silly audit   'color-convert': [ '2.0.1' ],
157 silly audit   'color-name': [ '1.1.4' ],
157 silly audit   colors: [ '1.0.3' ],
157 silly audit   'combined-stream': [ '1.0.8' ],
157 silly audit   commist: [ '3.2.0' ],
157 silly audit   'concat-stream': [ '2.0.0', '1.6.2' ],
157 silly audit   'readable-stream': [ '3.6.2', '2.3.8', '4.7.0' ],
157 silly audit   'content-disposition': [ '0.5.4' ],
157 silly audit   'safe-buffer': [ '5.2.1', '5.1.2' ],
157 silly audit   'content-type': [ '1.0.5' ],
157 silly audit   cookie: [ '0.7.2', '0.7.1' ],
157 silly audit   'cookie-parser': [ '1.4.7' ],
157 silly audit   'cookie-signature': [ '1.0.6', '1.0.7' ],
157 silly audit   'core-util-is': [ '1.0.3' ],
157 silly audit   cors: [ '2.8.5' ],
157 silly audit   cronosjs: [ '1.7.1' ],
157 silly audit   'cross-spawn': [ '7.0.6' ],
157 silly audit   'css-select': [ '4.3.0' ],
157 silly audit   'css-what': [ '6.1.0' ],
157 silly audit   'decompress-response': [ '6.0.0' ],
157 silly audit   'mimic-response': [ '3.1.0', '4.0.0' ],
157 silly audit   'defer-to-connect': [ '2.0.1' ],
157 silly audit   'delayed-stream': [ '1.0.0' ],
157 silly audit   denque: [ '2.1.0' ],
157 silly audit   destroy: [ '1.2.0' ],
157 silly audit   depd: [ '2.0.0' ],
157 silly audit   'dom-serializer': [ '1.4.1' ],
157 silly audit   domelementtype: [ '2.3.0' ],
157 silly audit   domhandler: [ '4.3.1' ],
157 silly audit   domutils: [ '2.8.0' ],
157 silly audit   'dunder-proto': [ '1.0.1' ],
157 silly audit   eastasianwidth: [ '0.2.0' ],
157 silly audit   'ee-first': [ '1.1.1' ],
157 silly audit   'emoji-regex': [ '9.2.2', '8.0.0' ],
157 silly audit   encodeurl: [ '2.0.0', '1.0.2' ],
157 silly audit   enquirer: [ '2.4.1' ],
157 silly audit   entities: [ '2.2.0' ],
157 silly audit   'es-define-property': [ '1.0.1' ],
157 silly audit   'es-errors': [ '1.3.0' ],
157 silly audit   'es-object-atoms': [ '1.1.1' ],
157 silly audit   'escape-html': [ '1.0.3' ],
157 silly audit   etag: [ '1.8.1' ],
157 silly audit   'event-target-shim': [ '5.0.1' ],
157 silly audit   events: [ '3.3.0' ],
157 silly audit   express: [ '4.21.2' ],
157 silly audit   'express-session': [ '1.18.1' ],
157 silly audit   'fast-deep-equal': [ '3.1.3' ],
157 silly audit   'fast-unique-numbers': [ '8.0.13' ],
157 silly audit   'fast-uri': [ '3.0.6' ],
157 silly audit   finalhandler: [ '1.3.1' ],
157 silly audit   'follow-redirects': [ '1.15.9' ],
157 silly audit   'foreground-child': [ '3.3.1' ],
157 silly audit   'form-data': [ '4.0.0' ],
157 silly audit   'form-data-encoder': [ '2.1.4' ],
157 silly audit   forwarded: [ '0.2.0' ],
157 silly audit   fresh: [ '0.5.2' ],
157 silly audit   'fs-extra': [ '11.2.0' ],
157 silly audit   'function-bind': [ '1.1.2' ],
157 silly audit   'get-intrinsic': [ '1.3.0' ],
157 silly audit   'get-proto': [ '1.0.1' ],
157 silly audit   'get-stream': [ '6.0.1' ],
157 silly audit   glob: [ '10.4.5' ],
157 silly audit   gopd: [ '1.2.0' ],
157 silly audit   got: [ '12.6.1' ],
157 silly audit   'graceful-fs': [ '4.2.11' ],
157 silly audit   'has-symbols': [ '1.1.0' ],
157 silly audit   'hash-sum': [ '2.0.0' ],
157 silly audit   hasown: [ '2.0.2' ],
157 silly audit   'help-me': [ '5.0.0' ],
157 silly audit   hpagent: [ '1.2.0' ],
157 silly audit   htmlparser2: [ '6.1.0' ],
157 silly audit   'http-cache-semantics': [ '4.1.1' ],
157 silly audit   'http-errors': [ '2.0.0' ],
157 silly audit   'http2-wrapper': [ '2.2.1' ],
157 silly audit   'https-proxy-agent': [ '5.0.1' ],
157 silly audit   i18next: [ '21.10.0' ],
157 silly audit   ieee754: [ '1.2.1' ],
157 silly audit   inherits: [ '2.0.4' ],
157 silly audit   'ipaddr.js': [ '1.9.1' ],
157 silly audit   'is-fullwidth-code-point': [ '3.0.0' ],
157 silly audit   'is-utf8': [ '0.2.1' ],
157 silly audit   isarray: [ '1.0.0' ],
157 silly audit   isexe: [ '2.0.0' ],
157 silly audit   jackspeak: [ '3.4.3' ],
157 silly audit   'js-sdsl': [ '4.3.0' ],
157 silly audit   'js-yaml': [ '4.1.0' ],
157 silly audit   'json-buffer': [ '3.0.1' ],
157 silly audit   'json-schema-traverse': [ '1.0.0' ],
157 silly audit   'json-stringify-safe': [ '5.0.1' ],
157 silly audit   jsonata: [ '2.0.5' ],
157 silly audit   jsonfile: [ '6.1.0' ],
157 silly audit   keyv: [ '4.5.4' ],
157 silly audit   'lodash.clonedeep': [ '4.5.0' ],
157 silly audit   'lowercase-keys': [ '3.0.0' ],
157 silly audit   'lru-cache': [ '4.1.5', '10.4.3' ],
157 silly audit   'math-intrinsics': [ '1.1.0' ],
157 silly audit   'media-typer': [ '1.1.0', '0.3.0' ],
157 silly audit   memorystore: [ '1.6.7' ],
157 silly audit   'merge-descriptors': [ '1.0.3' ],
157 silly audit   methods: [ '1.1.2' ],
157 silly audit   mime: [ '3.0.0', '1.6.0' ],
157 silly audit   'mime-db': [ '1.52.0' ],
157 silly audit   'mime-types': [ '2.1.35' ],
157 silly audit   minimatch: [ '9.0.5' ],
157 silly audit   minimist: [ '1.2.8' ],
157 silly audit   minipass: [ '7.1.2' ],
157 silly audit   minizlib: [ '3.0.1' ],
157 silly audit   mkdirp: [ '0.5.6', '3.0.1' ],
157 silly audit   moment: [ '2.30.1' ],
157 silly audit   'moment-timezone': [ '0.5.46' ],
157 silly audit   mqtt: [ '5.7.0' ],
157 silly audit   ws: [ '8.18.1', '7.5.10' ],
157 silly audit   'mqtt-packet': [ '9.0.2' ],
157 silly audit   multer: [ '1.4.5-lts.1' ],
157 silly audit   string_decoder: [ '1.1.1', '1.3.0' ],
157 silly audit   mustache: [ '4.2.0' ],
157 silly audit   'mute-stream': [ '1.0.0' ],
157 silly audit   negotiator: [ '0.6.3' ],
157 silly audit   'node-red': [ '4.0.9' ],
157 silly audit   'node-red-admin': [ '4.0.1' ],
157 silly audit   'node-watch': [ '0.7.4' ],
157 silly audit   nopt: [ '5.0.0' ],
157 silly audit   'normalize-url': [ '8.0.1' ],
157 silly audit   'nth-check': [ '2.1.1' ],
157 silly audit   'number-allocator': [ '1.0.14' ],
157 silly audit   oauth2orize: [ '1.12.0' ],
157 silly audit   'object-assign': [ '4.1.1' ],
157 silly audit   'object-inspect': [ '1.13.4' ],
157 silly audit   'on-finished': [ '2.4.1' ],
157 silly audit   'on-headers': [ '1.0.2' ],
157 silly audit   'p-cancelable': [ '3.0.0' ],
157 silly audit   'package-json-from-dist': [ '1.0.1' ],
157 silly audit   parse5: [ '6.0.1' ],
157 silly audit   'parse5-htmlparser2-tree-adapter': [ '6.0.1' ],
157 silly audit   parseurl: [ '1.3.3' ],
157 silly audit   passport: [ '0.7.0' ],
157 silly audit   'passport-http-bearer': [ '1.0.1' ],
157 silly audit   'passport-oauth2-client-password': [ '0.1.2' ],
157 silly audit   'passport-strategy': [ '1.0.0' ],
157 silly audit   'path-key': [ '3.1.1' ],
157 silly audit   'path-scurry': [ '1.11.1' ],
157 silly audit   'path-to-regexp': [ '0.1.12' ],
157 silly audit   pause: [ '0.0.1' ],
157 silly audit   process: [ '0.11.10' ],
157 silly audit   'process-nextick-args': [ '2.0.1' ],
157 silly audit   'proxy-addr': [ '2.0.7' ],
157 silly audit   'proxy-from-env': [ '1.1.0' ],
157 silly audit   pseudomap: [ '1.0.2' ],
157 silly audit   qs: [ '6.13.0' ],
157 silly audit   'quick-lru': [ '5.1.1' ],
157 silly audit   'random-bytes': [ '1.0.0' ],
157 silly audit   'range-parser': [ '1.2.1' ],
157 silly audit   read: [ '3.0.1' ],
157 silly audit   'regenerator-runtime': [ '0.14.1' ],
157 silly audit   reinterval: [ '1.1.0' ],
157 silly audit   'require-from-string': [ '2.0.2' ],
157 silly audit   'resolve-alpn': [ '1.2.1' ],
157 silly audit   responselike: [ '3.0.0' ],
157 silly audit   rfdc: [ '1.4.1' ],
157 silly audit   rimraf: [ '5.0.10' ],
157 silly audit   'safer-buffer': [ '2.1.2' ],
157 silly audit   sax: [ '1.4.1' ],
157 silly audit   semver: [ '7.6.3', '7.7.1' ],
157 silly audit   send: [ '0.19.0' ],
157 silly audit   'serve-static': [ '1.16.2' ],
157 silly audit   setprototypeof: [ '1.2.0' ],
157 silly audit   'shebang-command': [ '2.0.0' ],
157 silly audit   'shebang-regex': [ '3.0.0' ],
157 silly audit   'side-channel': [ '1.1.0' ],
157 silly audit   'side-channel-list': [ '1.0.0' ],
157 silly audit   'side-channel-map': [ '1.0.1' ],
157 silly audit   'side-channel-weakmap': [ '1.0.2' ],
157 silly audit   'signal-exit': [ '4.1.0' ],
157 silly audit   split2: [ '4.2.0' ],
157 silly audit   statuses: [ '2.0.1' ],
157 silly audit   streamsearch: [ '1.1.0' ],
157 silly audit   'string-width': [ '5.1.2', '4.2.3' ],
157 silly audit   'strip-ansi': [ '7.1.0', '6.0.1' ],
157 silly audit   tar: [ '7.4.3' ],
157 silly audit   yallist: [ '5.0.0', '2.1.2' ],
157 silly audit   tldts: [ '6.1.84' ],
157 silly audit   'tldts-core': [ '6.1.84' ],
157 silly audit   toidentifier: [ '1.0.1' ],
157 silly audit   'tough-cookie': [ '5.1.2' ],
157 silly audit   tslib: [ '2.8.1' ],
157 silly audit   'type-is': [ '1.6.18' ],
157 silly audit   typedarray: [ '0.0.6' ],
157 silly audit   'uglify-js': [ '3.17.4' ],
157 silly audit   'uid-safe': [ '2.1.5' ],
157 silly audit   uid2: [ '0.0.4' ],
157 silly audit   'undici-types': [ '6.20.0' ],
157 silly audit   universalify: [ '2.0.1' ],
157 silly audit   unpipe: [ '1.0.0' ],
157 silly audit   'util-deprecate': [ '1.0.2' ],
157 silly audit   'utils-merge': [ '1.0.1' ],
157 silly audit   uuid: [ '9.0.1' ],
157 silly audit   vary: [ '1.1.2' ],
157 silly audit   which: [ '2.0.2' ],
157 silly audit   'worker-timers': [ '7.1.8' ],
157 silly audit   'worker-timers-broker': [ '6.1.8' ],
157 silly audit   'worker-timers-worker': [ '7.0.71' ],
157 silly audit   'wrap-ansi': [ '8.1.0', '7.0.0' ],
157 silly audit   xml2js: [ '0.6.2' ],
157 silly audit   xmlbuilder: [ '11.0.1' ],
157 silly audit   xtend: [ '4.0.2' ],
157 silly audit   '@babel/runtime': [ '7.26.10' ],
157 silly audit   '@isaacs/cliui': [ '8.0.2' ],
157 silly audit   '@isaacs/fs-minipass': [ '4.0.1' ],
157 silly audit   '@node-red/editor-api': [ '4.0.9' ],
157 silly audit   '@node-red/editor-client': [ '4.0.9' ],
157 silly audit   '@node-red/nodes': [ '4.0.9' ],
157 silly audit   '@node-red/registry': [ '4.0.9' ],
157 silly audit   '@node-red/runtime': [ '4.0.9' ],
157 silly audit   '@node-red/util': [ '4.0.9' ],
157 silly audit   '@node-rs/bcrypt': [ '1.10.4' ],
157 silly audit   '@node-rs/bcrypt-linux-x64-musl': [ '1.10.4' ],
157 silly audit   '@pkgjs/parseargs': [ '0.11.0' ],
157 silly audit   '@sindresorhus/is': [ '5.6.0' ],
157 silly audit   '@szmarczak/http-timer': [ '5.0.1' ],
157 silly audit   '@types/http-cache-semantics': [ '4.0.4' ],
157 silly audit   '@types/node': [ '22.13.10' ],
157 silly audit   '@types/readable-stream': [ '4.0.18' ],
157 silly audit   '@types/ws': [ '8.18.0' ],
157 silly audit   sharp: [ '0.34.1' ],
157 silly audit   '@img/sharp-darwin-arm64': [ '0.34.1' ],
157 silly audit   '@img/sharp-darwin-x64': [ '0.34.1' ],
157 silly audit   '@img/sharp-libvips-darwin-arm64': [ '1.1.0' ],
157 silly audit   '@img/sharp-libvips-darwin-x64': [ '1.1.0' ],
157 silly audit   '@img/sharp-libvips-linux-arm': [ '1.1.0' ],
157 silly audit   '@img/sharp-libvips-linux-arm64': [ '1.1.0' ],
157 silly audit   '@img/sharp-libvips-linux-ppc64': [ '1.1.0' ],
157 silly audit   '@img/sharp-libvips-linux-s390x': [ '1.1.0' ],
157 silly audit   '@img/sharp-libvips-linux-x64': [ '1.1.0' ],
157 silly audit   '@img/sharp-libvips-linuxmusl-arm64': [ '1.1.0' ],
157 silly audit   '@img/sharp-libvips-linuxmusl-x64': [ '1.1.0' ],
157 silly audit   '@img/sharp-linux-arm': [ '0.34.1' ],
157 silly audit   '@img/sharp-linux-arm64': [ '0.34.1' ],
157 silly audit   '@img/sharp-linux-s390x': [ '0.34.1' ],
157 silly audit   '@img/sharp-linux-x64': [ '0.34.1' ],
157 silly audit   '@img/sharp-linuxmusl-arm64': [ '0.34.1' ],
157 silly audit   '@img/sharp-linuxmusl-x64': [ '0.34.1' ],
157 silly audit   '@img/sharp-wasm32': [ '0.34.1' ],
157 silly audit   '@img/sharp-win32-ia32': [ '0.34.1' ],
157 silly audit   '@img/sharp-win32-x64': [ '0.34.1' ],
157 silly audit   color: [ '4.2.3' ],
157 silly audit   'detect-libc': [ '2.0.3' ],
157 silly audit   '@emnapi/runtime': [ '1.4.1' ],
157 silly audit   'color-string': [ '1.9.1' ],
157 silly audit   'simple-swizzle': [ '0.2.2' ],
157 silly audit   'is-arrayish': [ '0.3.2' ]
157 silly audit }
158 verbose reify failed optional dependency /usr/src/node-red/node_modules/@img/sharp-win32-x64
159 silly reify mark deleted [ '/usr/src/node-red/node_modules/@img/sharp-win32-x64' ]
160 verbose reify failed optional dependency /usr/src/node-red/node_modules/@img/sharp-win32-ia32
161 silly reify mark deleted [ '/usr/src/node-red/node_modules/@img/sharp-win32-ia32' ]
162 verbose reify failed optional dependency /usr/src/node-red/node_modules/@img/sharp-wasm32
163 silly reify mark deleted [ '/usr/src/node-red/node_modules/@img/sharp-wasm32' ]
164 verbose reify failed optional dependency /usr/src/node-red/node_modules/@emnapi/runtime
165 silly reify mark deleted [ '/usr/src/node-red/node_modules/@emnapi/runtime' ]
166 verbose reify failed optional dependency /usr/src/node-red/node_modules/@img/sharp-linuxmusl-arm64
167 silly reify mark deleted [ '/usr/src/node-red/node_modules/@img/sharp-linuxmusl-arm64' ]
168 verbose reify failed optional dependency /usr/src/node-red/node_modules/@img/sharp-linux-x64
169 silly reify mark deleted [ '/usr/src/node-red/node_modules/@img/sharp-linux-x64' ]
170 verbose reify failed optional dependency /usr/src/node-red/node_modules/@img/sharp-linux-s390x
171 silly reify mark deleted [ '/usr/src/node-red/node_modules/@img/sharp-linux-s390x' ]
172 verbose reify failed optional dependency /usr/src/node-red/node_modules/@img/sharp-linux-arm64
173 silly reify mark deleted [ '/usr/src/node-red/node_modules/@img/sharp-linux-arm64' ]
174 verbose reify failed optional dependency /usr/src/node-red/node_modules/@img/sharp-linux-arm
175 silly reify mark deleted [ '/usr/src/node-red/node_modules/@img/sharp-linux-arm' ]
176 verbose reify failed optional dependency /usr/src/node-red/node_modules/@img/sharp-libvips-linuxmusl-arm64
177 silly reify mark deleted [ '/usr/src/node-red/node_modules/@img/sharp-libvips-linuxmusl-arm64' ]
178 verbose reify failed optional dependency /usr/src/node-red/node_modules/@img/sharp-libvips-linux-x64
179 silly reify mark deleted [ '/usr/src/node-red/node_modules/@img/sharp-libvips-linux-x64' ]
180 verbose reify failed optional dependency /usr/src/node-red/node_modules/@img/sharp-libvips-linux-s390x
181 silly reify mark deleted [ '/usr/src/node-red/node_modules/@img/sharp-libvips-linux-s390x' ]
182 verbose reify failed optional dependency /usr/src/node-red/node_modules/@img/sharp-libvips-linux-ppc64
183 silly reify mark deleted [ '/usr/src/node-red/node_modules/@img/sharp-libvips-linux-ppc64' ]
184 verbose reify failed optional dependency /usr/src/node-red/node_modules/@img/sharp-libvips-linux-arm64
185 silly reify mark deleted [ '/usr/src/node-red/node_modules/@img/sharp-libvips-linux-arm64' ]
186 verbose reify failed optional dependency /usr/src/node-red/node_modules/@img/sharp-libvips-linux-arm
187 silly reify mark deleted [ '/usr/src/node-red/node_modules/@img/sharp-libvips-linux-arm' ]
188 verbose reify failed optional dependency /usr/src/node-red/node_modules/@img/sharp-libvips-darwin-x64
189 silly reify mark deleted [ '/usr/src/node-red/node_modules/@img/sharp-libvips-darwin-x64' ]
190 verbose reify failed optional dependency /usr/src/node-red/node_modules/@img/sharp-libvips-darwin-arm64
191 silly reify mark deleted [ '/usr/src/node-red/node_modules/@img/sharp-libvips-darwin-arm64' ]
192 verbose reify failed optional dependency /usr/src/node-red/node_modules/@img/sharp-darwin-x64
193 silly reify mark deleted [ '/usr/src/node-red/node_modules/@img/sharp-darwin-x64' ]
194 verbose reify failed optional dependency /usr/src/node-red/node_modules/@img/sharp-darwin-arm64
195 silly reify mark deleted [ '/usr/src/node-red/node_modules/@img/sharp-darwin-arm64' ]
196 http cache is-arrayish@https://registry.npmjs.org/is-arrayish/-/is-arrayish-0.3.2.tgz 0ms (cache hit)
197 http cache simple-swizzle@https://registry.npmjs.org/simple-swizzle/-/simple-swizzle-0.2.2.tgz 0ms (cache hit)
198 http cache color-string@https://registry.npmjs.org/color-string/-/color-string-1.9.1.tgz 0ms (cache hit)
199 http cache @emnapi/runtime@https://registry.npmjs.org/@emnapi/runtime/-/runtime-1.4.1.tgz 0ms (cache hit)
200 http cache detect-libc@https://registry.npmjs.org/detect-libc/-/detect-libc-2.0.3.tgz 0ms (cache hit)
201 http cache color@https://registry.npmjs.org/color/-/color-4.2.3.tgz 0ms (cache hit)
202 http cache @img/sharp-linuxmusl-x64@https://registry.npmjs.org/@img/sharp-linuxmusl-x64/-/sharp-linuxmusl-x64-0.34.1.tgz 0ms (cache hit)
203 http cache @img/sharp-libvips-linuxmusl-x64@https://registry.npmjs.org/@img/sharp-libvips-linuxmusl-x64/-/sharp-libvips-linuxmusl-x64-1.1.0.tgz 0ms (cache hit)
204 http cache sharp@https://registry.npmjs.org/sharp/-/sharp-0.34.1.tgz 0ms (cache hit)
205 http cache semver@https://registry.npmjs.org/semver/-/semver-7.7.1.tgz 0ms (cache hit)
206 silly tarball no local data for is-arrayish@https://registry.npmjs.org/is-arrayish/-/is-arrayish-0.3.2.tgz. Extracting by manifest.
207 silly tarball no local data for simple-swizzle@https://registry.npmjs.org/simple-swizzle/-/simple-swizzle-0.2.2.tgz. Extracting by manifest.
208 silly tarball no local data for color-string@https://registry.npmjs.org/color-string/-/color-string-1.9.1.tgz. Extracting by manifest.
209 silly tarball no local data for @emnapi/runtime@https://registry.npmjs.org/@emnapi/runtime/-/runtime-1.4.1.tgz. Extracting by manifest.
210 silly tarball no local data for color@https://registry.npmjs.org/color/-/color-4.2.3.tgz. Extracting by manifest.
211 silly tarball no local data for @img/sharp-linuxmusl-x64@https://registry.npmjs.org/@img/sharp-linuxmusl-x64/-/sharp-linuxmusl-x64-0.34.1.tgz. Extracting by manifest.
212 silly tarball no local data for @img/sharp-libvips-linuxmusl-x64@https://registry.npmjs.org/@img/sharp-libvips-linuxmusl-x64/-/sharp-libvips-linuxmusl-x64-1.1.0.tgz. Extracting by manifest.
213 silly tarball no local data for sharp@https://registry.npmjs.org/sharp/-/sharp-0.34.1.tgz. Extracting by manifest.
214 silly tarball no local data for semver@https://registry.npmjs.org/semver/-/semver-7.7.1.tgz. Extracting by manifest.
215 http fetch GET 200 https://registry.npmjs.org/simple-swizzle/-/simple-swizzle-0.2.2.tgz 84ms (cache miss)
216 http fetch GET 200 https://registry.npmjs.org/color/-/color-4.2.3.tgz 84ms (cache miss)
217 http fetch GET 200 https://registry.npmjs.org/is-arrayish/-/is-arrayish-0.3.2.tgz 92ms (cache miss)
218 http fetch GET 200 https://registry.npmjs.org/color-string/-/color-string-1.9.1.tgz 92ms (cache miss)
219 http fetch GET 200 https://registry.npmjs.org/@emnapi/runtime/-/runtime-1.4.1.tgz 118ms (cache miss)
220 http fetch GET 200 https://registry.npmjs.org/@img/sharp-linuxmusl-x64/-/sharp-linuxmusl-x64-0.34.1.tgz 158ms (cache miss)
221 http fetch GET 200 https://registry.npmjs.org/semver/-/semver-7.7.1.tgz 239ms (cache miss)
222 http fetch POST 200 https://registry.npmjs.org/-/npm/v1/security/advisories/bulk 299ms
223 silly audit report {}
224 http fetch GET 200 https://registry.npmjs.org/sharp/-/sharp-0.34.1.tgz 295ms (cache miss)
225 http fetch GET 200 https://registry.npmjs.org/@img/sharp-libvips-linuxmusl-x64/-/sharp-libvips-linuxmusl-x64-1.1.0.tgz 3066ms (cache miss)
226 info run sharp@0.34.1 install node_modules/sharp node install/check
227 info run sharp@0.34.1 install { code: 0, signal: null }
228 silly ADD node_modules/is-arrayish
229 silly ADD node_modules/simple-swizzle
230 silly ADD node_modules/color-string
231 silly ADD
232 silly ADD node_modules/detect-libc
233 silly ADD node_modules/color
234 silly ADD
235 silly ADD
236 silly ADD
237 silly ADD node_modules/@img/sharp-linuxmusl-x64
238 silly ADD
239 silly ADD
240 silly ADD
241 silly ADD
242 silly ADD
243 silly ADD node_modules/@img/sharp-libvips-linuxmusl-x64
244 silly ADD
245 silly ADD
246 silly ADD
247 silly ADD
248 silly ADD
249 silly ADD
250 silly ADD
251 silly ADD
252 silly ADD
253 silly ADD
254 silly ADD node_modules/sharp
255 silly ADD node_modules/sharp/node_modules/semver
256 verbose cwd /usr/src/node-red
257 verbose os Linux 5.15.146.1-microsoft-standard-WSL2
258 verbose node v22.14.0
259 verbose npm  v10.9.2
260 verbose exit 0
261 info ok
